{
"/Users/igbopie/git/backend/dist/app.js":{"path":"/Users/igbopie/git/backend/dist/app.js","s":{"1":1,"2":1,"3":1,"4":1,"5":1,"6":0,"7":1,"8":0,"9":1,"10":1,"11":1,"12":1,"13":1,"14":1,"15":1,"16":1,"17":1,"18":1,"19":1,"20":1,"21":1,"22":1,"23":1,"24":1,"25":1,"26":1,"27":1,"28":1,"29":1,"30":1,"31":1,"32":1,"33":1,"34":1,"35":1,"36":1,"37":1,"38":1,"39":1,"40":1,"41":1,"42":1,"43":1,"44":1,"45":1,"46":328,"47":328,"48":161,"49":161,"50":161,"51":161,"52":167,"53":1,"54":1,"55":1,"56":1,"57":1,"58":1,"59":1,"60":1,"61":1,"62":1,"63":1,"64":1,"65":1,"66":1,"67":1,"68":1,"69":1,"70":1,"71":1,"72":1,"73":1,"74":1,"75":1,"76":1,"77":1,"78":1,"79":1,"80":1,"81":1,"82":1,"83":1,"84":1,"85":1,"86":1,"87":1,"88":1,"89":1,"90":1,"91":1,"92":1,"93":1,"94":1,"95":1,"96":1,"97":1,"98":1,"99":1,"100":1,"101":1,"102":0,"103":0},"b":{"1":[0,1],"2":[0,1],"3":[1,0],"4":[1,1,1,1],"5":[1,1,1],"6":[1,1],"7":[1,0],"8":[328,167,167],"9":[161,167],"10":[161,0],"11":[1,0]},"f":{"1":328,"2":161,"3":1,"4":1,"5":0},"fnMap":{"1":{"name":"(anonymous_1)","line":103,"loc":{"start":{"line":103,"column":8},"end":{"line":103,"column":34}}},"2":{"name":"(anonymous_2)","line":112,"loc":{"start":{"line":112,"column":34},"end":{"line":112,"column":59}}},"3":{"name":"(anonymous_3)","line":184,"loc":{"start":{"line":184,"column":16},"end":{"line":184,"column":36}}},"4":{"name":"(anonymous_4)","line":185,"loc":{"start":{"line":185,"column":44},"end":{"line":185,"column":56}}},"5":{"name":"(anonymous_5)","line":193,"loc":{"start":{"line":193,"column":15},"end":{"line":193,"column":27}}}},"statementMap":{"1":{"start":{"line":24,"column":0},"end":{"line":24,"column":20}},"2":{"start":{"line":26,"column":0},"end":{"line":26,"column":32}},"3":{"start":{"line":27,"column":0},"end":{"line":27,"column":27}},"4":{"start":{"line":29,"column":0},"end":{"line":29,"column":43}},"5":{"start":{"line":30,"column":0},"end":{"line":36,"column":1}},"6":{"start":{"line":31,"column":4},"end":{"line":31,"column":35}},"7":{"start":{"line":32,"column":7},"end":{"line":36,"column":1}},"8":{"start":{"line":33,"column":4},"end":{"line":33,"column":34}},"9":{"start":{"line":35,"column":4},"end":{"line":35,"column":41}},"10":{"start":{"line":46,"column":0},"end":{"line":51,"column":1}},"11":{"start":{"line":50,"column":4},"end":{"line":50,"column":49}},"12":{"start":{"line":53,"column":0},"end":{"line":53,"column":40}},"13":{"start":{"line":58,"column":0},"end":{"line":58,"column":33}},"14":{"start":{"line":59,"column":0},"end":{"line":59,"column":27}},"15":{"start":{"line":60,"column":0},"end":{"line":60,"column":27}},"16":{"start":{"line":61,"column":0},"end":{"line":61,"column":35}},"17":{"start":{"line":62,"column":0},"end":{"line":62,"column":20}},"18":{"start":{"line":65,"column":0},"end":{"line":65,"column":45}},"19":{"start":{"line":66,"column":0},"end":{"line":66,"column":43}},"20":{"start":{"line":67,"column":0},"end":{"line":67,"column":51}},"21":{"start":{"line":68,"column":0},"end":{"line":68,"column":59}},"22":{"start":{"line":69,"column":0},"end":{"line":69,"column":49}},"23":{"start":{"line":70,"column":0},"end":{"line":70,"column":43}},"24":{"start":{"line":71,"column":0},"end":{"line":71,"column":43}},"25":{"start":{"line":72,"column":0},"end":{"line":72,"column":59}},"26":{"start":{"line":73,"column":0},"end":{"line":73,"column":49}},"27":{"start":{"line":74,"column":0},"end":{"line":74,"column":53}},"28":{"start":{"line":75,"column":0},"end":{"line":75,"column":59}},"29":{"start":{"line":78,"column":0},"end":{"line":78,"column":43}},"30":{"start":{"line":79,"column":0},"end":{"line":79,"column":40}},"31":{"start":{"line":80,"column":0},"end":{"line":80,"column":58}},"32":{"start":{"line":83,"column":0},"end":{"line":83,"column":99}},"33":{"start":{"line":86,"column":0},"end":{"line":86,"column":42}},"34":{"start":{"line":87,"column":0},"end":{"line":87,"column":48}},"35":{"start":{"line":88,"column":0},"end":{"line":88,"column":31}},"36":{"start":{"line":89,"column":0},"end":{"line":89,"column":27}},"37":{"start":{"line":90,"column":0},"end":{"line":90,"column":30}},"38":{"start":{"line":91,"column":0},"end":{"line":91,"column":28}},"39":{"start":{"line":92,"column":0},"end":{"line":92,"column":31}},"40":{"start":{"line":93,"column":0},"end":{"line":93,"column":24}},"41":{"start":{"line":94,"column":0},"end":{"line":94,"column":30}},"42":{"start":{"line":95,"column":0},"end":{"line":95,"column":34}},"43":{"start":{"line":98,"column":0},"end":{"line":100,"column":1}},"44":{"start":{"line":99,"column":4},"end":{"line":99,"column":36}},"45":{"start":{"line":103,"column":0},"end":{"line":123,"column":3}},"46":{"start":{"line":106,"column":4},"end":{"line":106,"column":83}},"47":{"start":{"line":109,"column":4},"end":{"line":122,"column":5}},"48":{"start":{"line":112,"column":8},"end":{"line":119,"column":11}},"49":{"start":{"line":113,"column":12},"end":{"line":118,"column":13}},"50":{"start":{"line":116,"column":16},"end":{"line":116,"column":40}},"51":{"start":{"line":117,"column":16},"end":{"line":117,"column":23}},"52":{"start":{"line":121,"column":8},"end":{"line":121,"column":15}},"53":{"start":{"line":126,"column":0},"end":{"line":126,"column":20}},"54":{"start":{"line":127,"column":0},"end":{"line":127,"column":56}},"55":{"start":{"line":129,"column":0},"end":{"line":129,"column":42}},"56":{"start":{"line":132,"column":0},"end":{"line":132,"column":40}},"57":{"start":{"line":133,"column":0},"end":{"line":133,"column":51}},"58":{"start":{"line":134,"column":0},"end":{"line":134,"column":42}},"59":{"start":{"line":135,"column":0},"end":{"line":135,"column":52}},"60":{"start":{"line":136,"column":0},"end":{"line":136,"column":58}},"61":{"start":{"line":137,"column":0},"end":{"line":137,"column":52}},"62":{"start":{"line":138,"column":0},"end":{"line":138,"column":58}},"63":{"start":{"line":139,"column":0},"end":{"line":139,"column":52}},"64":{"start":{"line":141,"column":0},"end":{"line":141,"column":50}},"65":{"start":{"line":142,"column":0},"end":{"line":142,"column":46}},"66":{"start":{"line":143,"column":0},"end":{"line":143,"column":48}},"67":{"start":{"line":144,"column":0},"end":{"line":144,"column":50}},"68":{"start":{"line":145,"column":0},"end":{"line":145,"column":52}},"69":{"start":{"line":146,"column":0},"end":{"line":146,"column":54}},"70":{"start":{"line":147,"column":0},"end":{"line":147,"column":46}},"71":{"start":{"line":148,"column":0},"end":{"line":148,"column":56}},"72":{"start":{"line":149,"column":0},"end":{"line":149,"column":56}},"73":{"start":{"line":150,"column":0},"end":{"line":150,"column":42}},"74":{"start":{"line":151,"column":0},"end":{"line":151,"column":46}},"75":{"start":{"line":153,"column":0},"end":{"line":153,"column":53}},"76":{"start":{"line":154,"column":0},"end":{"line":154,"column":54}},"77":{"start":{"line":156,"column":0},"end":{"line":156,"column":48}},"78":{"start":{"line":157,"column":0},"end":{"line":157,"column":44}},"79":{"start":{"line":159,"column":0},"end":{"line":159,"column":34}},"80":{"start":{"line":160,"column":0},"end":{"line":160,"column":38}},"81":{"start":{"line":161,"column":0},"end":{"line":161,"column":40}},"82":{"start":{"line":163,"column":0},"end":{"line":163,"column":54}},"83":{"start":{"line":164,"column":0},"end":{"line":164,"column":72}},"84":{"start":{"line":166,"column":0},"end":{"line":166,"column":44}},"85":{"start":{"line":167,"column":0},"end":{"line":167,"column":48}},"86":{"start":{"line":168,"column":0},"end":{"line":168,"column":58}},"87":{"start":{"line":170,"column":0},"end":{"line":170,"column":38}},"88":{"start":{"line":171,"column":0},"end":{"line":171,"column":38}},"89":{"start":{"line":172,"column":0},"end":{"line":172,"column":42}},"90":{"start":{"line":173,"column":0},"end":{"line":173,"column":42}},"91":{"start":{"line":175,"column":0},"end":{"line":175,"column":38}},"92":{"start":{"line":177,"column":0},"end":{"line":177,"column":58}},"93":{"start":{"line":178,"column":0},"end":{"line":178,"column":54}},"94":{"start":{"line":182,"column":0},"end":{"line":182,"column":36}},"95":{"start":{"line":183,"column":0},"end":{"line":183,"column":11}},"96":{"start":{"line":184,"column":0},"end":{"line":191,"column":2}},"97":{"start":{"line":185,"column":4},"end":{"line":190,"column":7}},"98":{"start":{"line":186,"column":8},"end":{"line":186,"column":75}},"99":{"start":{"line":187,"column":8},"end":{"line":189,"column":9}},"100":{"start":{"line":188,"column":12},"end":{"line":188,"column":23}},"101":{"start":{"line":193,"column":0},"end":{"line":196,"column":2}},"102":{"start":{"line":194,"column":4},"end":{"line":194,"column":19}},"103":{"start":{"line":195,"column":4},"end":{"line":195,"column":16}}},"branchMap":{"1":{"line":30,"type":"if","locations":[{"start":{"line":30,"column":0},"end":{"line":30,"column":0}},{"start":{"line":30,"column":0},"end":{"line":30,"column":0}}]},"2":{"line":32,"type":"if","locations":[{"start":{"line":32,"column":7},"end":{"line":32,"column":7}},{"start":{"line":32,"column":7},"end":{"line":32,"column":7}}]},"3":{"line":46,"type":"if","locations":[{"start":{"line":46,"column":0},"end":{"line":46,"column":0}},{"start":{"line":46,"column":0},"end":{"line":46,"column":0}}]},"4":{"line":46,"type":"binary-expr","locations":[{"start":{"line":46,"column":4},"end":{"line":46,"column":31}},{"start":{"line":47,"column":4},"end":{"line":47,"column":28}},{"start":{"line":48,"column":4},"end":{"line":48,"column":29}},{"start":{"line":49,"column":4},"end":{"line":49,"column":38}}]},"5":{"line":83,"type":"binary-expr","locations":[{"start":{"line":83,"column":17},"end":{"line":83,"column":41}},{"start":{"line":83,"column":45},"end":{"line":83,"column":68}},{"start":{"line":83,"column":72},"end":{"line":83,"column":97}}]},"6":{"line":86,"type":"binary-expr","locations":[{"start":{"line":86,"column":16},"end":{"line":86,"column":32}},{"start":{"line":86,"column":36},"end":{"line":86,"column":40}}]},"7":{"line":98,"type":"if","locations":[{"start":{"line":98,"column":0},"end":{"line":98,"column":0}},{"start":{"line":98,"column":0},"end":{"line":98,"column":0}}]},"8":{"line":106,"type":"binary-expr","locations":[{"start":{"line":106,"column":16},"end":{"line":106,"column":30}},{"start":{"line":106,"column":34},"end":{"line":106,"column":49}},{"start":{"line":106,"column":53},"end":{"line":106,"column":82}}]},"9":{"line":109,"type":"if","locations":[{"start":{"line":109,"column":4},"end":{"line":109,"column":4}},{"start":{"line":109,"column":4},"end":{"line":109,"column":4}}]},"10":{"line":113,"type":"if","locations":[{"start":{"line":113,"column":12},"end":{"line":113,"column":12}},{"start":{"line":113,"column":12},"end":{"line":113,"column":12}}]},"11":{"line":187,"type":"if","locations":[{"start":{"line":187,"column":8},"end":{"line":187,"column":8}},{"start":{"line":187,"column":8},"end":{"line":187,"column":8}}]}},"l":{"24":1,"26":1,"27":1,"29":1,"30":1,"31":0,"32":1,"33":0,"35":1,"46":1,"50":1,"53":1,"58":1,"59":1,"60":1,"61":1,"62":1,"65":1,"66":1,"67":1,"68":1,"69":1,"70":1,"71":1,"72":1,"73":1,"74":1,"75":1,"78":1,"79":1,"80":1,"83":1,"86":1,"87":1,"88":1,"89":1,"90":1,"91":1,"92":1,"93":1,"94":1,"95":1,"98":1,"99":1,"103":1,"106":328,"109":328,"112":161,"113":161,"116":161,"117":161,"121":167,"126":1,"127":1,"129":1,"132":1,"133":1,"134":1,"135":1,"136":1,"137":1,"138":1,"139":1,"141":1,"142":1,"143":1,"144":1,"145":1,"146":1,"147":1,"148":1,"149":1,"150":1,"151":1,"153":1,"154":1,"156":1,"157":1,"159":1,"160":1,"161":1,"163":1,"164":1,"166":1,"167":1,"168":1,"170":1,"171":1,"172":1,"173":1,"175":1,"177":1,"178":1,"182":1,"183":1,"184":1,"185":1,"186":1,"187":1,"188":1,"193":1,"194":0,"195":0}},
"/Users/igbopie/git/backend/dist/routes/index.js":{"path":"/Users/igbopie/git/backend/dist/routes/index.js","s":{"1":1,"2":1,"3":1,"4":0,"5":1,"6":0},"b":{},"f":{"1":0,"2":0},"fnMap":{"1":{"name":"(anonymous_1)","line":10,"loc":{"start":{"line":10,"column":16},"end":{"line":10,"column":36}}},"2":{"name":"(anonymous_2)","line":15,"loc":{"start":{"line":15,"column":19},"end":{"line":15,"column":39}}}},"statementMap":{"1":{"start":{"line":2,"column":0},"end":{"line":2,"column":38}},"2":{"start":{"line":3,"column":0},"end":{"line":3,"column":33}},"3":{"start":{"line":10,"column":0},"end":{"line":12,"column":2}},"4":{"start":{"line":11,"column":4},"end":{"line":11,"column":44}},"5":{"start":{"line":15,"column":0},"end":{"line":17,"column":2}},"6":{"start":{"line":16,"column":4},"end":{"line":16,"column":49}}},"branchMap":{},"l":{"2":1,"3":1,"10":1,"11":0,"15":1,"16":0}},
"/Users/igbopie/git/backend/dist/routes/user.js":{"path":"/Users/igbopie/git/backend/dist/routes/user.js","s":{"1":1,"2":1,"3":82,"4":1,"5":0,"6":0,"7":0,"8":1,"9":0,"10":0,"11":1,"12":0,"13":0,"14":0,"15":1,"16":0,"17":0,"18":1,"19":0,"20":0,"21":0,"22":1,"23":84,"24":84,"25":81,"26":3,"27":3,"28":0,"29":1,"30":3,"31":3,"32":0},"b":{"1":[81,3],"2":[84,81],"3":[3,0],"4":[3,3],"5":[3,0]},"f":{"1":82,"2":0,"3":0,"4":0,"5":0,"6":0,"7":0,"8":0,"9":0,"10":0,"11":0,"12":84,"13":3},"fnMap":{"1":{"name":"(anonymous_1)","line":5,"loc":{"start":{"line":5,"column":17},"end":{"line":5,"column":37}}},"2":{"name":"(anonymous_2)","line":9,"loc":{"start":{"line":9,"column":22},"end":{"line":9,"column":42}}},"3":{"name":"(anonymous_3)","line":10,"loc":{"start":{"line":10,"column":28},"end":{"line":10,"column":48}}},"4":{"name":"(anonymous_4)","line":16,"loc":{"start":{"line":16,"column":25},"end":{"line":16,"column":45}}},"5":{"name":"(anonymous_5)","line":17,"loc":{"start":{"line":17,"column":28},"end":{"line":17,"column":48}}},"6":{"name":"(anonymous_6)","line":22,"loc":{"start":{"line":22,"column":22},"end":{"line":22,"column":42}}},"7":{"name":"(anonymous_7)","line":23,"loc":{"start":{"line":23,"column":28},"end":{"line":23,"column":48}}},"8":{"name":"(anonymous_8)","line":29,"loc":{"start":{"line":29,"column":25},"end":{"line":29,"column":45}}},"9":{"name":"(anonymous_9)","line":30,"loc":{"start":{"line":30,"column":28},"end":{"line":30,"column":48}}},"10":{"name":"(anonymous_10)","line":35,"loc":{"start":{"line":35,"column":25},"end":{"line":35,"column":45}}},"11":{"name":"(anonymous_11)","line":36,"loc":{"start":{"line":36,"column":28},"end":{"line":36,"column":48}}},"12":{"name":"(anonymous_12)","line":43,"loc":{"start":{"line":43,"column":16},"end":{"line":43,"column":36}}},"13":{"name":"(anonymous_13)","line":61,"loc":{"start":{"line":61,"column":21},"end":{"line":61,"column":41}}}},"statementMap":{"1":{"start":{"line":2,"column":0},"end":{"line":3,"column":44}},"2":{"start":{"line":5,"column":0},"end":{"line":7,"column":2}},"3":{"start":{"line":6,"column":4},"end":{"line":6,"column":56}},"4":{"start":{"line":9,"column":0},"end":{"line":14,"column":2}},"5":{"start":{"line":10,"column":4},"end":{"line":13,"column":7}},"6":{"start":{"line":11,"column":8},"end":{"line":11,"column":41}},"7":{"start":{"line":12,"column":8},"end":{"line":12,"column":89}},"8":{"start":{"line":16,"column":0},"end":{"line":20,"column":2}},"9":{"start":{"line":17,"column":4},"end":{"line":19,"column":7}},"10":{"start":{"line":18,"column":8},"end":{"line":18,"column":82}},"11":{"start":{"line":22,"column":0},"end":{"line":27,"column":2}},"12":{"start":{"line":23,"column":4},"end":{"line":26,"column":7}},"13":{"start":{"line":24,"column":8},"end":{"line":24,"column":41}},"14":{"start":{"line":25,"column":8},"end":{"line":25,"column":89}},"15":{"start":{"line":29,"column":0},"end":{"line":33,"column":2}},"16":{"start":{"line":30,"column":4},"end":{"line":32,"column":7}},"17":{"start":{"line":31,"column":8},"end":{"line":31,"column":82}},"18":{"start":{"line":35,"column":0},"end":{"line":41,"column":2}},"19":{"start":{"line":36,"column":4},"end":{"line":40,"column":7}},"20":{"start":{"line":37,"column":8},"end":{"line":38,"column":43}},"21":{"start":{"line":39,"column":8},"end":{"line":39,"column":103}},"22":{"start":{"line":43,"column":0},"end":{"line":59,"column":2}},"23":{"start":{"line":44,"column":4},"end":{"line":46,"column":37}},"24":{"start":{"line":48,"column":4},"end":{"line":58,"column":5}},"25":{"start":{"line":49,"column":8},"end":{"line":49,"column":78}},"26":{"start":{"line":50,"column":11},"end":{"line":58,"column":5}},"27":{"start":{"line":51,"column":8},"end":{"line":51,"column":80}},"28":{"start":{"line":53,"column":8},"end":{"line":57,"column":18}},"29":{"start":{"line":61,"column":0},"end":{"line":67,"column":2}},"30":{"start":{"line":62,"column":4},"end":{"line":66,"column":5}},"31":{"start":{"line":63,"column":8},"end":{"line":63,"column":64}},"32":{"start":{"line":65,"column":8},"end":{"line":65,"column":89}}},"branchMap":{"1":{"line":48,"type":"if","locations":[{"start":{"line":48,"column":4},"end":{"line":48,"column":4}},{"start":{"line":48,"column":4},"end":{"line":48,"column":4}}]},"2":{"line":48,"type":"binary-expr","locations":[{"start":{"line":48,"column":8},"end":{"line":48,"column":16}},{"start":{"line":48,"column":20},"end":{"line":48,"column":28}}]},"3":{"line":50,"type":"if","locations":[{"start":{"line":50,"column":11},"end":{"line":50,"column":11}},{"start":{"line":50,"column":11},"end":{"line":50,"column":11}}]},"4":{"line":50,"type":"binary-expr","locations":[{"start":{"line":50,"column":15},"end":{"line":50,"column":20}},{"start":{"line":50,"column":24},"end":{"line":50,"column":32}}]},"5":{"line":62,"type":"if","locations":[{"start":{"line":62,"column":4},"end":{"line":62,"column":4}},{"start":{"line":62,"column":4},"end":{"line":62,"column":4}}]}},"l":{"2":1,"5":1,"6":82,"9":1,"10":0,"11":0,"12":0,"16":1,"17":0,"18":0,"22":1,"23":0,"24":0,"25":0,"29":1,"30":0,"31":0,"35":1,"36":0,"37":0,"39":0,"43":1,"44":84,"48":84,"49":81,"50":3,"51":3,"53":0,"61":1,"62":3,"63":3,"65":0}},
"/Users/igbopie/git/backend/dist/models/user.js":{"path":"/Users/igbopie/git/backend/dist/models/user.js","s":{"1":1,"2":1,"3":1,"4":1,"5":167,"6":167,"7":82,"8":85,"9":85,"10":0,"11":85,"12":85,"13":0,"14":85,"15":85,"16":1,"17":84,"18":84,"19":0,"20":84,"21":1,"22":1,"23":1,"24":82,"25":82,"26":82,"27":82,"28":0,"29":82,"30":82,"31":82,"32":1,"33":3,"34":3,"35":3,"36":3,"37":3,"38":3,"39":1,"40":145,"41":1,"42":31,"43":1,"44":0,"45":0,"46":0,"47":0,"48":0,"49":0,"50":0,"51":0,"52":0,"53":0,"54":0,"55":0,"56":0,"57":0,"58":1,"59":0,"60":0,"61":0,"62":0,"63":0,"64":0,"65":0,"66":0,"67":0,"68":0,"69":0,"70":1,"71":0,"72":0,"73":0,"74":0,"75":0,"76":0,"77":0,"78":0,"79":0,"80":0,"81":0,"82":1,"83":0,"84":0,"85":0,"86":0,"87":0,"88":0,"89":0,"90":0,"91":0,"92":0,"93":0,"94":1,"95":0,"96":0,"97":0,"98":0,"99":0,"100":0,"101":0,"102":0,"103":0,"104":0,"105":1,"106":0,"107":0,"108":0,"109":0,"110":0,"111":0,"112":0,"113":0,"114":0,"115":0,"116":0,"117":1,"118":1,"119":1,"120":1,"121":84,"122":0,"123":84,"124":84,"125":0,"126":84,"127":0,"128":84,"129":84,"130":1,"131":81,"132":81,"133":0,"134":81,"135":1,"136":3,"137":3,"138":0,"139":3,"140":1,"141":161,"142":1,"143":1,"144":1,"145":1,"146":1,"147":0,"148":1,"149":1,"150":0,"151":0,"152":0,"153":0},"b":{"1":[82,85],"2":[0,85],"3":[0,85],"4":[0,84],"5":[0,82],"6":[0,0],"7":[0,0],"8":[0,0],"9":[0,0],"10":[0,0],"11":[0,0],"12":[0,0],"13":[0,0],"14":[0,0],"15":[0,0],"16":[0,0],"17":[0,0],"18":[0,0],"19":[0,0],"20":[0,0],"21":[0,0],"22":[0,0],"23":[0,0],"24":[0,0],"25":[0,0,0,0],"26":[0,84],"27":[0,84],"28":[0,84],"29":[0,81],"30":[0,3],"31":[0,1],"32":[1,0],"33":[0,0]},"f":{"1":167,"2":85,"3":85,"4":84,"5":84,"6":82,"7":82,"8":82,"9":3,"10":3,"11":145,"12":31,"13":0,"14":0,"15":0,"16":0,"17":0,"18":0,"19":0,"20":0,"21":0,"22":0,"23":0,"24":0,"25":0,"26":0,"27":0,"28":0,"29":0,"30":0,"31":1,"32":1,"33":84,"34":84,"35":81,"36":81,"37":3,"38":3,"39":161,"40":1,"41":0},"fnMap":{"1":{"name":"(anonymous_1)","line":35,"loc":{"start":{"line":35,"column":23},"end":{"line":35,"column":39}}},"2":{"name":"(anonymous_2)","line":44,"loc":{"start":{"line":44,"column":37},"end":{"line":44,"column":58}}},"3":{"name":"(anonymous_3)","line":50,"loc":{"start":{"line":50,"column":41},"end":{"line":50,"column":62}}},"4":{"name":"(anonymous_4)","line":62,"loc":{"start":{"line":62,"column":37},"end":{"line":62,"column":70}}},"5":{"name":"(anonymous_5)","line":63,"loc":{"start":{"line":63,"column":53},"end":{"line":63,"column":77}}},"6":{"name":"(anonymous_6)","line":77,"loc":{"start":{"line":77,"column":21},"end":{"line":77,"column":41}}},"7":{"name":"(anonymous_7)","line":81,"loc":{"start":{"line":81,"column":14},"end":{"line":81,"column":29}}},"8":{"name":"(anonymous_8)","line":86,"loc":{"start":{"line":86,"column":18},"end":{"line":86,"column":33}}},"9":{"name":"(anonymous_9)","line":92,"loc":{"start":{"line":92,"column":46},"end":{"line":92,"column":83}}},"10":{"name":"(anonymous_10)","line":97,"loc":{"start":{"line":97,"column":14},"end":{"line":97,"column":29}}},"11":{"name":"(anonymous_11)","line":102,"loc":{"start":{"line":102,"column":23},"end":{"line":102,"column":47}}},"12":{"name":"(anonymous_12)","line":106,"loc":{"start":{"line":106,"column":22},"end":{"line":106,"column":42}}},"13":{"name":"(anonymous_13)","line":110,"loc":{"start":{"line":110,"column":26},"end":{"line":110,"column":64}}},"14":{"name":"(anonymous_14)","line":111,"loc":{"start":{"line":111,"column":59},"end":{"line":111,"column":74}}},"15":{"name":"(anonymous_15)","line":116,"loc":{"start":{"line":116,"column":30},"end":{"line":116,"column":51}}},"16":{"name":"(anonymous_16)","line":125,"loc":{"start":{"line":125,"column":22},"end":{"line":125,"column":37}}},"17":{"name":"(anonymous_17)","line":136,"loc":{"start":{"line":136,"column":29},"end":{"line":136,"column":57}}},"18":{"name":"(anonymous_18)","line":137,"loc":{"start":{"line":137,"column":26},"end":{"line":137,"column":47}}},"19":{"name":"(anonymous_19)","line":147,"loc":{"start":{"line":147,"column":18},"end":{"line":147,"column":33}}},"20":{"name":"(anonymous_20)","line":157,"loc":{"start":{"line":157,"column":26},"end":{"line":157,"column":64}}},"21":{"name":"(anonymous_21)","line":158,"loc":{"start":{"line":158,"column":26},"end":{"line":158,"column":47}}},"22":{"name":"(anonymous_22)","line":168,"loc":{"start":{"line":168,"column":18},"end":{"line":168,"column":33}}},"23":{"name":"(anonymous_23)","line":178,"loc":{"start":{"line":178,"column":29},"end":{"line":178,"column":57}}},"24":{"name":"(anonymous_24)","line":179,"loc":{"start":{"line":179,"column":26},"end":{"line":179,"column":47}}},"25":{"name":"(anonymous_25)","line":189,"loc":{"start":{"line":189,"column":18},"end":{"line":189,"column":33}}},"26":{"name":"(anonymous_26)","line":199,"loc":{"start":{"line":199,"column":29},"end":{"line":199,"column":70}}},"27":{"name":"(anonymous_27)","line":201,"loc":{"start":{"line":201,"column":14},"end":{"line":201,"column":36}}},"28":{"name":"(anonymous_28)","line":205,"loc":{"start":{"line":205,"column":34},"end":{"line":205,"column":56}}},"29":{"name":"(anonymous_29)","line":222,"loc":{"start":{"line":222,"column":29},"end":{"line":222,"column":78}}},"30":{"name":"(anonymous_30)","line":223,"loc":{"start":{"line":223,"column":33},"end":{"line":223,"column":54}}},"31":{"name":"(anonymous_31)","line":244,"loc":{"start":{"line":244,"column":23},"end":{"line":244,"column":43}}},"32":{"name":"(anonymous_32)","line":245,"loc":{"start":{"line":245,"column":19},"end":{"line":245,"column":41}}},"33":{"name":"(anonymous_33)","line":251,"loc":{"start":{"line":251,"column":12},"end":{"line":251,"column":48}}},"34":{"name":"(anonymous_34)","line":257,"loc":{"start":{"line":257,"column":35},"end":{"line":257,"column":59}}},"35":{"name":"(anonymous_35)","line":288,"loc":{"start":{"line":288,"column":19},"end":{"line":288,"column":59}}},"36":{"name":"(anonymous_36)","line":290,"loc":{"start":{"line":290,"column":41},"end":{"line":290,"column":62}}},"37":{"name":"(anonymous_37)","line":298,"loc":{"start":{"line":298,"column":24},"end":{"line":298,"column":61}}},"38":{"name":"(anonymous_38)","line":300,"loc":{"start":{"line":300,"column":35},"end":{"line":300,"column":56}}},"39":{"name":"(anonymous_39)","line":308,"loc":{"start":{"line":308,"column":21},"end":{"line":308,"column":48}}},"40":{"name":"(anonymous_40)","line":319,"loc":{"start":{"line":319,"column":34},"end":{"line":319,"column":55}}},"41":{"name":"(anonymous_41)","line":327,"loc":{"start":{"line":327,"column":72},"end":{"line":327,"column":87}}}},"statementMap":{"1":{"start":{"line":2,"column":0},"end":{"line":14,"column":22}},"2":{"start":{"line":17,"column":0},"end":{"line":30,"column":3}},"3":{"start":{"line":32,"column":0},"end":{"line":32,"column":32}},"4":{"start":{"line":35,"column":0},"end":{"line":60,"column":3}},"5":{"start":{"line":36,"column":4},"end":{"line":36,"column":20}},"6":{"start":{"line":39,"column":4},"end":{"line":41,"column":5}},"7":{"start":{"line":40,"column":8},"end":{"line":40,"column":22}},"8":{"start":{"line":44,"column":4},"end":{"line":59,"column":7}},"9":{"start":{"line":45,"column":8},"end":{"line":47,"column":9}},"10":{"start":{"line":46,"column":12},"end":{"line":46,"column":29}},"11":{"start":{"line":50,"column":8},"end":{"line":58,"column":11}},"12":{"start":{"line":51,"column":12},"end":{"line":53,"column":13}},"13":{"start":{"line":52,"column":16},"end":{"line":52,"column":33}},"14":{"start":{"line":56,"column":12},"end":{"line":56,"column":33}},"15":{"start":{"line":57,"column":12},"end":{"line":57,"column":19}},"16":{"start":{"line":62,"column":0},"end":{"line":69,"column":2}},"17":{"start":{"line":63,"column":4},"end":{"line":68,"column":7}},"18":{"start":{"line":64,"column":8},"end":{"line":66,"column":9}},"19":{"start":{"line":65,"column":12},"end":{"line":65,"column":27}},"20":{"start":{"line":67,"column":8},"end":{"line":67,"column":26}},"21":{"start":{"line":72,"column":0},"end":{"line":72,"column":46}},"22":{"start":{"line":75,"column":0},"end":{"line":75,"column":21}},"23":{"start":{"line":77,"column":0},"end":{"line":90,"column":2}},"24":{"start":{"line":78,"column":4},"end":{"line":79,"column":52}},"25":{"start":{"line":80,"column":4},"end":{"line":80,"column":34}},"26":{"start":{"line":81,"column":4},"end":{"line":89,"column":7}},"27":{"start":{"line":82,"column":8},"end":{"line":84,"column":9}},"28":{"start":{"line":83,"column":12},"end":{"line":83,"column":33}},"29":{"start":{"line":85,"column":8},"end":{"line":85,"column":33}},"30":{"start":{"line":86,"column":8},"end":{"line":88,"column":11}},"31":{"start":{"line":87,"column":12},"end":{"line":87,"column":78}},"32":{"start":{"line":92,"column":0},"end":{"line":100,"column":2}},"33":{"start":{"line":93,"column":4},"end":{"line":93,"column":26}},"34":{"start":{"line":94,"column":4},"end":{"line":94,"column":23}},"35":{"start":{"line":95,"column":4},"end":{"line":95,"column":29}},"36":{"start":{"line":96,"column":4},"end":{"line":96,"column":22}},"37":{"start":{"line":97,"column":4},"end":{"line":99,"column":7}},"38":{"start":{"line":98,"column":8},"end":{"line":98,"column":42}},"39":{"start":{"line":102,"column":0},"end":{"line":104,"column":2}},"40":{"start":{"line":103,"column":4},"end":{"line":103,"column":38}},"41":{"start":{"line":106,"column":0},"end":{"line":108,"column":2}},"42":{"start":{"line":107,"column":4},"end":{"line":107,"column":28}},"43":{"start":{"line":110,"column":0},"end":{"line":134,"column":2}},"44":{"start":{"line":111,"column":4},"end":{"line":133,"column":7}},"45":{"start":{"line":112,"column":8},"end":{"line":114,"column":9}},"46":{"start":{"line":113,"column":12},"end":{"line":113,"column":33}},"47":{"start":{"line":116,"column":8},"end":{"line":132,"column":11}},"48":{"start":{"line":117,"column":12},"end":{"line":119,"column":13}},"49":{"start":{"line":118,"column":16},"end":{"line":118,"column":37}},"50":{"start":{"line":120,"column":12},"end":{"line":122,"column":13}},"51":{"start":{"line":121,"column":16},"end":{"line":121,"column":72}},"52":{"start":{"line":123,"column":12},"end":{"line":123,"column":37}},"53":{"start":{"line":124,"column":12},"end":{"line":124,"column":47}},"54":{"start":{"line":125,"column":12},"end":{"line":131,"column":15}},"55":{"start":{"line":126,"column":16},"end":{"line":128,"column":17}},"56":{"start":{"line":127,"column":20},"end":{"line":127,"column":41}},"57":{"start":{"line":130,"column":16},"end":{"line":130,"column":27}},"58":{"start":{"line":136,"column":0},"end":{"line":155,"column":2}},"59":{"start":{"line":137,"column":4},"end":{"line":154,"column":7}},"60":{"start":{"line":138,"column":8},"end":{"line":140,"column":9}},"61":{"start":{"line":139,"column":12},"end":{"line":139,"column":33}},"62":{"start":{"line":141,"column":8},"end":{"line":143,"column":9}},"63":{"start":{"line":142,"column":12},"end":{"line":142,"column":68}},"64":{"start":{"line":145,"column":8},"end":{"line":145,"column":34}},"65":{"start":{"line":146,"column":8},"end":{"line":146,"column":42}},"66":{"start":{"line":147,"column":8},"end":{"line":153,"column":11}},"67":{"start":{"line":148,"column":12},"end":{"line":150,"column":13}},"68":{"start":{"line":149,"column":16},"end":{"line":149,"column":37}},"69":{"start":{"line":152,"column":12},"end":{"line":152,"column":23}},"70":{"start":{"line":157,"column":0},"end":{"line":176,"column":2}},"71":{"start":{"line":158,"column":4},"end":{"line":175,"column":7}},"72":{"start":{"line":159,"column":8},"end":{"line":161,"column":9}},"73":{"start":{"line":160,"column":12},"end":{"line":160,"column":33}},"74":{"start":{"line":162,"column":8},"end":{"line":164,"column":9}},"75":{"start":{"line":163,"column":12},"end":{"line":163,"column":68}},"76":{"start":{"line":166,"column":8},"end":{"line":166,"column":33}},"77":{"start":{"line":167,"column":8},"end":{"line":167,"column":43}},"78":{"start":{"line":168,"column":8},"end":{"line":174,"column":11}},"79":{"start":{"line":169,"column":12},"end":{"line":171,"column":13}},"80":{"start":{"line":170,"column":16},"end":{"line":170,"column":37}},"81":{"start":{"line":173,"column":12},"end":{"line":173,"column":23}},"82":{"start":{"line":178,"column":0},"end":{"line":197,"column":2}},"83":{"start":{"line":179,"column":4},"end":{"line":196,"column":7}},"84":{"start":{"line":180,"column":8},"end":{"line":182,"column":9}},"85":{"start":{"line":181,"column":12},"end":{"line":181,"column":33}},"86":{"start":{"line":183,"column":8},"end":{"line":185,"column":9}},"87":{"start":{"line":184,"column":12},"end":{"line":184,"column":68}},"88":{"start":{"line":187,"column":8},"end":{"line":187,"column":34}},"89":{"start":{"line":188,"column":8},"end":{"line":188,"column":42}},"90":{"start":{"line":189,"column":8},"end":{"line":195,"column":11}},"91":{"start":{"line":190,"column":12},"end":{"line":192,"column":13}},"92":{"start":{"line":191,"column":16},"end":{"line":191,"column":37}},"93":{"start":{"line":194,"column":12},"end":{"line":194,"column":23}},"94":{"start":{"line":199,"column":0},"end":{"line":220,"column":2}},"95":{"start":{"line":200,"column":4},"end":{"line":219,"column":11}},"96":{"start":{"line":202,"column":12},"end":{"line":218,"column":13}},"97":{"start":{"line":203,"column":16},"end":{"line":203,"column":30}},"98":{"start":{"line":205,"column":16},"end":{"line":217,"column":29}},"99":{"start":{"line":206,"column":20},"end":{"line":206,"column":62}},"100":{"start":{"line":209,"column":20},"end":{"line":216,"column":21}},"101":{"start":{"line":210,"column":24},"end":{"line":210,"column":45}},"102":{"start":{"line":211,"column":24},"end":{"line":211,"column":53}},"103":{"start":{"line":212,"column":24},"end":{"line":212,"column":40}},"104":{"start":{"line":215,"column":24},"end":{"line":215,"column":31}},"105":{"start":{"line":222,"column":0},"end":{"line":241,"column":2}},"106":{"start":{"line":223,"column":4},"end":{"line":240,"column":7}},"107":{"start":{"line":224,"column":8},"end":{"line":226,"column":9}},"108":{"start":{"line":225,"column":12},"end":{"line":225,"column":33}},"109":{"start":{"line":227,"column":8},"end":{"line":229,"column":9}},"110":{"start":{"line":228,"column":12},"end":{"line":228,"column":68}},"111":{"start":{"line":230,"column":8},"end":{"line":238,"column":9}},"112":{"start":{"line":234,"column":12},"end":{"line":234,"column":35}},"113":{"start":{"line":235,"column":12},"end":{"line":235,"column":58}},"114":{"start":{"line":236,"column":12},"end":{"line":236,"column":56}},"115":{"start":{"line":237,"column":12},"end":{"line":237,"column":42}},"116":{"start":{"line":239,"column":8},"end":{"line":239,"column":28}},"117":{"start":{"line":244,"column":0},"end":{"line":248,"column":2}},"118":{"start":{"line":245,"column":4},"end":{"line":247,"column":7}},"119":{"start":{"line":246,"column":8},"end":{"line":246,"column":29}},"120":{"start":{"line":251,"column":0},"end":{"line":286,"column":2}},"121":{"start":{"line":252,"column":4},"end":{"line":254,"column":5}},"122":{"start":{"line":253,"column":8},"end":{"line":253,"column":79}},"123":{"start":{"line":257,"column":4},"end":{"line":285,"column":7}},"124":{"start":{"line":258,"column":8},"end":{"line":260,"column":9}},"125":{"start":{"line":259,"column":12},"end":{"line":259,"column":33}},"126":{"start":{"line":262,"column":8},"end":{"line":264,"column":9}},"127":{"start":{"line":263,"column":12},"end":{"line":263,"column":72}},"128":{"start":{"line":268,"column":8},"end":{"line":274,"column":10}},"129":{"start":{"line":276,"column":8},"end":{"line":283,"column":10}},"130":{"start":{"line":288,"column":0},"end":{"line":296,"column":2}},"131":{"start":{"line":290,"column":4},"end":{"line":295,"column":7}},"132":{"start":{"line":291,"column":8},"end":{"line":293,"column":9}},"133":{"start":{"line":292,"column":12},"end":{"line":292,"column":33}},"134":{"start":{"line":294,"column":8},"end":{"line":294,"column":40}},"135":{"start":{"line":298,"column":0},"end":{"line":306,"column":2}},"136":{"start":{"line":300,"column":4},"end":{"line":305,"column":7}},"137":{"start":{"line":301,"column":8},"end":{"line":303,"column":9}},"138":{"start":{"line":302,"column":12},"end":{"line":302,"column":33}},"139":{"start":{"line":304,"column":8},"end":{"line":304,"column":40}},"140":{"start":{"line":308,"column":0},"end":{"line":310,"column":2}},"141":{"start":{"line":309,"column":4},"end":{"line":309,"column":40}},"142":{"start":{"line":312,"column":0},"end":{"line":314,"column":2}},"143":{"start":{"line":317,"column":0},"end":{"line":317,"column":40}},"144":{"start":{"line":318,"column":0},"end":{"line":318,"column":34}},"145":{"start":{"line":319,"column":0},"end":{"line":334,"column":3}},"146":{"start":{"line":320,"column":4},"end":{"line":322,"column":5}},"147":{"start":{"line":321,"column":8},"end":{"line":321,"column":68}},"148":{"start":{"line":323,"column":4},"end":{"line":325,"column":5}},"149":{"start":{"line":324,"column":8},"end":{"line":324,"column":53}},"150":{"start":{"line":327,"column":4},"end":{"line":332,"column":7}},"151":{"start":{"line":328,"column":8},"end":{"line":330,"column":9}},"152":{"start":{"line":329,"column":12},"end":{"line":329,"column":69}},"153":{"start":{"line":331,"column":8},"end":{"line":331,"column":54}}},"branchMap":{"1":{"line":39,"type":"if","locations":[{"start":{"line":39,"column":4},"end":{"line":39,"column":4}},{"start":{"line":39,"column":4},"end":{"line":39,"column":4}}]},"2":{"line":45,"type":"if","locations":[{"start":{"line":45,"column":8},"end":{"line":45,"column":8}},{"start":{"line":45,"column":8},"end":{"line":45,"column":8}}]},"3":{"line":51,"type":"if","locations":[{"start":{"line":51,"column":12},"end":{"line":51,"column":12}},{"start":{"line":51,"column":12},"end":{"line":51,"column":12}}]},"4":{"line":64,"type":"if","locations":[{"start":{"line":64,"column":8},"end":{"line":64,"column":8}},{"start":{"line":64,"column":8},"end":{"line":64,"column":8}}]},"5":{"line":82,"type":"if","locations":[{"start":{"line":82,"column":8},"end":{"line":82,"column":8}},{"start":{"line":82,"column":8},"end":{"line":82,"column":8}}]},"6":{"line":112,"type":"if","locations":[{"start":{"line":112,"column":8},"end":{"line":112,"column":8}},{"start":{"line":112,"column":8},"end":{"line":112,"column":8}}]},"7":{"line":117,"type":"if","locations":[{"start":{"line":117,"column":12},"end":{"line":117,"column":12}},{"start":{"line":117,"column":12},"end":{"line":117,"column":12}}]},"8":{"line":120,"type":"if","locations":[{"start":{"line":120,"column":12},"end":{"line":120,"column":12}},{"start":{"line":120,"column":12},"end":{"line":120,"column":12}}]},"9":{"line":126,"type":"if","locations":[{"start":{"line":126,"column":16},"end":{"line":126,"column":16}},{"start":{"line":126,"column":16},"end":{"line":126,"column":16}}]},"10":{"line":138,"type":"if","locations":[{"start":{"line":138,"column":8},"end":{"line":138,"column":8}},{"start":{"line":138,"column":8},"end":{"line":138,"column":8}}]},"11":{"line":141,"type":"if","locations":[{"start":{"line":141,"column":8},"end":{"line":141,"column":8}},{"start":{"line":141,"column":8},"end":{"line":141,"column":8}}]},"12":{"line":148,"type":"if","locations":[{"start":{"line":148,"column":12},"end":{"line":148,"column":12}},{"start":{"line":148,"column":12},"end":{"line":148,"column":12}}]},"13":{"line":159,"type":"if","locations":[{"start":{"line":159,"column":8},"end":{"line":159,"column":8}},{"start":{"line":159,"column":8},"end":{"line":159,"column":8}}]},"14":{"line":162,"type":"if","locations":[{"start":{"line":162,"column":8},"end":{"line":162,"column":8}},{"start":{"line":162,"column":8},"end":{"line":162,"column":8}}]},"15":{"line":169,"type":"if","locations":[{"start":{"line":169,"column":12},"end":{"line":169,"column":12}},{"start":{"line":169,"column":12},"end":{"line":169,"column":12}}]},"16":{"line":180,"type":"if","locations":[{"start":{"line":180,"column":8},"end":{"line":180,"column":8}},{"start":{"line":180,"column":8},"end":{"line":180,"column":8}}]},"17":{"line":183,"type":"if","locations":[{"start":{"line":183,"column":8},"end":{"line":183,"column":8}},{"start":{"line":183,"column":8},"end":{"line":183,"column":8}}]},"18":{"line":190,"type":"if","locations":[{"start":{"line":190,"column":12},"end":{"line":190,"column":12}},{"start":{"line":190,"column":12},"end":{"line":190,"column":12}}]},"19":{"line":202,"type":"if","locations":[{"start":{"line":202,"column":12},"end":{"line":202,"column":12}},{"start":{"line":202,"column":12},"end":{"line":202,"column":12}}]},"20":{"line":209,"type":"if","locations":[{"start":{"line":209,"column":20},"end":{"line":209,"column":20}},{"start":{"line":209,"column":20},"end":{"line":209,"column":20}}]},"21":{"line":209,"type":"binary-expr","locations":[{"start":{"line":209,"column":24},"end":{"line":209,"column":51}},{"start":{"line":209,"column":55},"end":{"line":209,"column":60}}]},"22":{"line":224,"type":"if","locations":[{"start":{"line":224,"column":8},"end":{"line":224,"column":8}},{"start":{"line":224,"column":8},"end":{"line":224,"column":8}}]},"23":{"line":227,"type":"if","locations":[{"start":{"line":227,"column":8},"end":{"line":227,"column":8}},{"start":{"line":227,"column":8},"end":{"line":227,"column":8}}]},"24":{"line":230,"type":"if","locations":[{"start":{"line":230,"column":8},"end":{"line":230,"column":8}},{"start":{"line":230,"column":8},"end":{"line":230,"column":8}}]},"25":{"line":230,"type":"binary-expr","locations":[{"start":{"line":230,"column":12},"end":{"line":230,"column":34}},{"start":{"line":231,"column":16},"end":{"line":231,"column":33}},{"start":{"line":232,"column":16},"end":{"line":232,"column":39}},{"start":{"line":233,"column":16},"end":{"line":233,"column":34}}]},"26":{"line":252,"type":"if","locations":[{"start":{"line":252,"column":4},"end":{"line":252,"column":4}},{"start":{"line":252,"column":4},"end":{"line":252,"column":4}}]},"27":{"line":258,"type":"if","locations":[{"start":{"line":258,"column":8},"end":{"line":258,"column":8}},{"start":{"line":258,"column":8},"end":{"line":258,"column":8}}]},"28":{"line":262,"type":"if","locations":[{"start":{"line":262,"column":8},"end":{"line":262,"column":8}},{"start":{"line":262,"column":8},"end":{"line":262,"column":8}}]},"29":{"line":291,"type":"if","locations":[{"start":{"line":291,"column":8},"end":{"line":291,"column":8}},{"start":{"line":291,"column":8},"end":{"line":291,"column":8}}]},"30":{"line":301,"type":"if","locations":[{"start":{"line":301,"column":8},"end":{"line":301,"column":8}},{"start":{"line":301,"column":8},"end":{"line":301,"column":8}}]},"31":{"line":320,"type":"if","locations":[{"start":{"line":320,"column":4},"end":{"line":320,"column":4}},{"start":{"line":320,"column":4},"end":{"line":320,"column":4}}]},"32":{"line":323,"type":"if","locations":[{"start":{"line":323,"column":4},"end":{"line":323,"column":4}},{"start":{"line":323,"column":4},"end":{"line":323,"column":4}}]},"33":{"line":328,"type":"if","locations":[{"start":{"line":328,"column":8},"end":{"line":328,"column":8}},{"start":{"line":328,"column":8},"end":{"line":328,"column":8}}]}},"l":{"2":1,"17":1,"32":1,"35":1,"36":167,"39":167,"40":82,"44":85,"45":85,"46":0,"50":85,"51":85,"52":0,"56":85,"57":85,"62":1,"63":84,"64":84,"65":0,"67":84,"72":1,"75":1,"77":1,"78":82,"80":82,"81":82,"82":82,"83":0,"85":82,"86":82,"87":82,"92":1,"93":3,"94":3,"95":3,"96":3,"97":3,"98":3,"102":1,"103":145,"106":1,"107":31,"110":1,"111":0,"112":0,"113":0,"116":0,"117":0,"118":0,"120":0,"121":0,"123":0,"124":0,"125":0,"126":0,"127":0,"130":0,"136":1,"137":0,"138":0,"139":0,"141":0,"142":0,"145":0,"146":0,"147":0,"148":0,"149":0,"152":0,"157":1,"158":0,"159":0,"160":0,"162":0,"163":0,"166":0,"167":0,"168":0,"169":0,"170":0,"173":0,"178":1,"179":0,"180":0,"181":0,"183":0,"184":0,"187":0,"188":0,"189":0,"190":0,"191":0,"194":0,"199":1,"200":0,"202":0,"203":0,"205":0,"206":0,"209":0,"210":0,"211":0,"212":0,"215":0,"222":1,"223":0,"224":0,"225":0,"227":0,"228":0,"230":0,"234":0,"235":0,"236":0,"237":0,"239":0,"244":1,"245":1,"246":1,"251":1,"252":84,"253":0,"257":84,"258":84,"259":0,"262":84,"263":0,"268":84,"276":84,"288":1,"290":81,"291":81,"292":0,"294":81,"298":1,"300":3,"301":3,"302":0,"304":3,"308":1,"309":161,"312":1,"317":1,"318":1,"319":1,"320":1,"321":0,"323":1,"324":1,"327":0,"328":0,"329":0,"331":0}},
"/Users/igbopie/git/backend/dist/utils/utils.js":{"path":"/Users/igbopie/git/backend/dist/utils/utils.js","s":{"1":1,"2":1,"3":0,"4":0,"5":0,"6":0,"7":1,"8":0,"9":0,"10":0,"11":0,"12":1,"13":0,"14":0,"15":0,"16":0,"17":0,"18":0,"19":0,"20":0,"21":0,"22":1,"23":0,"24":0,"25":0,"26":0,"27":0,"28":0,"29":0,"30":0,"31":0,"32":0,"33":0,"34":0,"35":0,"36":0,"37":0,"38":0,"39":0,"40":0,"41":0,"42":0,"43":0,"44":0,"45":0,"46":0,"47":0,"48":1,"49":0,"50":0,"51":1,"52":1,"53":0,"54":1,"55":1,"56":1,"57":1},"b":{"1":[0,0],"2":[0,0],"3":[0,0],"4":[0,0],"5":[0,0],"6":[0,0],"7":[0,0],"8":[0,0],"9":[0,0],"10":[0,0]},"f":{"1":0,"2":0,"3":0,"4":0,"5":0,"6":0,"7":0,"8":0,"9":0},"fnMap":{"1":{"name":"(anonymous_1)","line":5,"loc":{"start":{"line":5,"column":21},"end":{"line":5,"column":39}}},"2":{"name":"(anonymous_2)","line":17,"loc":{"start":{"line":17,"column":21},"end":{"line":17,"column":39}}},"3":{"name":"(anonymous_3)","line":29,"loc":{"start":{"line":29,"column":20},"end":{"line":29,"column":40}}},"4":{"name":"(anonymous_4)","line":51,"loc":{"start":{"line":51,"column":19},"end":{"line":51,"column":81}}},"5":{"name":"(anonymous_5)","line":61,"loc":{"start":{"line":61,"column":39},"end":{"line":61,"column":51}}},"6":{"name":"(anonymous_6)","line":70,"loc":{"start":{"line":70,"column":41},"end":{"line":70,"column":53}}},"7":{"name":"(anonymous_7)","line":81,"loc":{"start":{"line":81,"column":28},"end":{"line":81,"column":40}}},"8":{"name":"(anonymous_8)","line":91,"loc":{"start":{"line":91,"column":15},"end":{"line":91,"column":40}}},"9":{"name":"(anonymous_9)","line":97,"loc":{"start":{"line":97,"column":14},"end":{"line":97,"column":39}}}},"statementMap":{"1":{"start":{"line":2,"column":0},"end":{"line":3,"column":35}},"2":{"start":{"line":5,"column":0},"end":{"line":15,"column":2}},"3":{"start":{"line":6,"column":4},"end":{"line":8,"column":10}},"4":{"start":{"line":10,"column":4},"end":{"line":12,"column":5}},"5":{"start":{"line":11,"column":8},"end":{"line":11,"column":77}},"6":{"start":{"line":14,"column":4},"end":{"line":14,"column":16}},"7":{"start":{"line":17,"column":0},"end":{"line":27,"column":2}},"8":{"start":{"line":18,"column":4},"end":{"line":20,"column":10}},"9":{"start":{"line":22,"column":4},"end":{"line":24,"column":5}},"10":{"start":{"line":23,"column":8},"end":{"line":23,"column":77}},"11":{"start":{"line":26,"column":4},"end":{"line":26,"column":16}},"12":{"start":{"line":29,"column":0},"end":{"line":48,"column":2}},"13":{"start":{"line":30,"column":4},"end":{"line":32,"column":10}},"14":{"start":{"line":33,"column":4},"end":{"line":35,"column":5}},"15":{"start":{"line":34,"column":8},"end":{"line":34,"column":18}},"16":{"start":{"line":37,"column":4},"end":{"line":46,"column":5}},"17":{"start":{"line":38,"column":8},"end":{"line":44,"column":9}},"18":{"start":{"line":39,"column":12},"end":{"line":42,"column":13}},"19":{"start":{"line":40,"column":16},"end":{"line":40,"column":34}},"20":{"start":{"line":41,"column":16},"end":{"line":41,"column":23}},"21":{"start":{"line":47,"column":4},"end":{"line":47,"column":16}},"22":{"start":{"line":51,"column":0},"end":{"line":88,"column":2}},"23":{"start":{"line":52,"column":4},"end":{"line":54,"column":5}},"24":{"start":{"line":53,"column":8},"end":{"line":53,"column":26}},"25":{"start":{"line":55,"column":4},"end":{"line":57,"column":5}},"26":{"start":{"line":56,"column":8},"end":{"line":56,"column":34}},"27":{"start":{"line":58,"column":4},"end":{"line":60,"column":5}},"28":{"start":{"line":59,"column":8},"end":{"line":59,"column":38}},"29":{"start":{"line":61,"column":4},"end":{"line":69,"column":7}},"30":{"start":{"line":62,"column":8},"end":{"line":64,"column":9}},"31":{"start":{"line":63,"column":12},"end":{"line":63,"column":34}},"32":{"start":{"line":65,"column":8},"end":{"line":67,"column":9}},"33":{"start":{"line":66,"column":12},"end":{"line":66,"column":38}},"34":{"start":{"line":68,"column":8},"end":{"line":68,"column":25}},"35":{"start":{"line":70,"column":4},"end":{"line":78,"column":7}},"36":{"start":{"line":71,"column":8},"end":{"line":73,"column":9}},"37":{"start":{"line":72,"column":12},"end":{"line":72,"column":29}},"38":{"start":{"line":74,"column":8},"end":{"line":76,"column":9}},"39":{"start":{"line":75,"column":12},"end":{"line":75,"column":43}},"40":{"start":{"line":77,"column":8},"end":{"line":77,"column":25}},"41":{"start":{"line":79,"column":4},"end":{"line":79,"column":59}},"42":{"start":{"line":80,"column":4},"end":{"line":80,"column":61}},"43":{"start":{"line":81,"column":4},"end":{"line":87,"column":7}},"44":{"start":{"line":82,"column":8},"end":{"line":82,"column":33}},"45":{"start":{"line":83,"column":8},"end":{"line":85,"column":9}},"46":{"start":{"line":84,"column":12},"end":{"line":84,"column":32}},"47":{"start":{"line":86,"column":8},"end":{"line":86,"column":18}},"48":{"start":{"line":91,"column":0},"end":{"line":94,"column":2}},"49":{"start":{"line":92,"column":4},"end":{"line":92,"column":21}},"50":{"start":{"line":93,"column":4},"end":{"line":93,"column":27}},"51":{"start":{"line":96,"column":0},"end":{"line":96,"column":26}},"52":{"start":{"line":97,"column":0},"end":{"line":99,"column":2}},"53":{"start":{"line":98,"column":4},"end":{"line":98,"column":39}},"54":{"start":{"line":101,"column":0},"end":{"line":101,"column":39}},"55":{"start":{"line":102,"column":0},"end":{"line":102,"column":35}},"56":{"start":{"line":103,"column":0},"end":{"line":103,"column":41}},"57":{"start":{"line":106,"column":0},"end":{"line":106,"column":23}}},"branchMap":{"1":{"line":33,"type":"if","locations":[{"start":{"line":33,"column":4},"end":{"line":33,"column":4}},{"start":{"line":33,"column":4},"end":{"line":33,"column":4}}]},"2":{"line":39,"type":"if","locations":[{"start":{"line":39,"column":12},"end":{"line":39,"column":12}},{"start":{"line":39,"column":12},"end":{"line":39,"column":12}}]},"3":{"line":52,"type":"if","locations":[{"start":{"line":52,"column":4},"end":{"line":52,"column":4}},{"start":{"line":52,"column":4},"end":{"line":52,"column":4}}]},"4":{"line":55,"type":"if","locations":[{"start":{"line":55,"column":4},"end":{"line":55,"column":4}},{"start":{"line":55,"column":4},"end":{"line":55,"column":4}}]},"5":{"line":58,"type":"if","locations":[{"start":{"line":58,"column":4},"end":{"line":58,"column":4}},{"start":{"line":58,"column":4},"end":{"line":58,"column":4}}]},"6":{"line":62,"type":"if","locations":[{"start":{"line":62,"column":8},"end":{"line":62,"column":8}},{"start":{"line":62,"column":8},"end":{"line":62,"column":8}}]},"7":{"line":65,"type":"if","locations":[{"start":{"line":65,"column":8},"end":{"line":65,"column":8}},{"start":{"line":65,"column":8},"end":{"line":65,"column":8}}]},"8":{"line":71,"type":"if","locations":[{"start":{"line":71,"column":8},"end":{"line":71,"column":8}},{"start":{"line":71,"column":8},"end":{"line":71,"column":8}}]},"9":{"line":74,"type":"if","locations":[{"start":{"line":74,"column":8},"end":{"line":74,"column":8}},{"start":{"line":74,"column":8},"end":{"line":74,"column":8}}]},"10":{"line":83,"type":"if","locations":[{"start":{"line":83,"column":8},"end":{"line":83,"column":8}},{"start":{"line":83,"column":8},"end":{"line":83,"column":8}}]}},"l":{"2":1,"5":1,"6":0,"10":0,"11":0,"14":0,"17":1,"18":0,"22":0,"23":0,"26":0,"29":1,"30":0,"33":0,"34":0,"37":0,"38":0,"39":0,"40":0,"41":0,"47":0,"51":1,"52":0,"53":0,"55":0,"56":0,"58":0,"59":0,"61":0,"62":0,"63":0,"65":0,"66":0,"68":0,"70":0,"71":0,"72":0,"74":0,"75":0,"77":0,"79":0,"80":0,"81":0,"82":0,"83":0,"84":0,"86":0,"91":1,"92":0,"93":0,"96":1,"97":1,"98":0,"101":1,"102":1,"103":1,"106":1}},
"/Users/igbopie/git/backend/dist/utils/apiutils.js":{"path":"/Users/igbopie/git/backend/dist/utils/apiutils.js","s":{"1":1,"2":1,"3":328,"4":328,"5":328,"6":1,"7":1,"8":1,"9":1,"10":1,"11":1,"12":1,"13":1,"14":1,"15":1,"16":1,"17":1,"18":1,"19":1,"20":1,"21":1,"22":328,"23":0,"24":0,"25":328,"26":1,"27":324,"28":324,"29":0,"30":324,"31":0,"32":324,"33":1,"34":323,"35":1,"36":2,"37":2,"38":0,"39":2,"40":1,"41":19,"42":19,"43":19,"44":19,"45":19,"46":19,"47":19,"48":19,"49":0,"50":19,"51":1,"52":159,"53":159,"54":158,"55":1,"56":1,"57":2,"58":1,"59":1,"60":0,"61":1},"b":{"1":[0,328],"2":[0,324],"3":[324,0],"4":[0,324],"5":[1,323],"6":[324,25],"7":[0,2],"8":[19,0],"9":[19,0],"10":[0,19],"11":[158,1],"12":[1,0]},"f":{"1":328,"2":328,"3":324,"4":324,"5":2,"6":2,"7":19,"8":159,"9":2,"10":1},"fnMap":{"1":{"name":"(anonymous_1)","line":4,"loc":{"start":{"line":4,"column":18},"end":{"line":4,"column":59}}},"2":{"name":"(anonymous_2)","line":34,"loc":{"start":{"line":34,"column":15},"end":{"line":34,"column":66}}},"3":{"name":"(anonymous_3)","line":43,"loc":{"start":{"line":43,"column":24},"end":{"line":43,"column":55}}},"4":{"name":"(anonymous_4)","line":44,"loc":{"start":{"line":44,"column":11},"end":{"line":44,"column":35}}},"5":{"name":"(anonymous_5)","line":57,"loc":{"start":{"line":57,"column":23},"end":{"line":57,"column":53}}},"6":{"name":"(anonymous_6)","line":58,"loc":{"start":{"line":58,"column":11},"end":{"line":58,"column":35}}},"7":{"name":"(anonymous_7)","line":67,"loc":{"start":{"line":67,"column":31},"end":{"line":67,"column":46}}},"8":{"name":"(anonymous_8)","line":85,"loc":{"start":{"line":85,"column":16},"end":{"line":85,"column":46}}},"9":{"name":"(anonymous_9)","line":95,"loc":{"start":{"line":95,"column":21},"end":{"line":95,"column":51}}},"10":{"name":"(anonymous_10)","line":96,"loc":{"start":{"line":96,"column":28},"end":{"line":96,"column":48}}}},"statementMap":{"1":{"start":{"line":2,"column":0},"end":{"line":2,"column":31}},"2":{"start":{"line":4,"column":0},"end":{"line":8,"column":2}},"3":{"start":{"line":5,"column":4},"end":{"line":5,"column":21}},"4":{"start":{"line":6,"column":4},"end":{"line":6,"column":27}},"5":{"start":{"line":7,"column":4},"end":{"line":7,"column":35}},"6":{"start":{"line":11,"column":0},"end":{"line":11,"column":18}},"7":{"start":{"line":13,"column":0},"end":{"line":13,"column":18}},"8":{"start":{"line":14,"column":0},"end":{"line":14,"column":26}},"9":{"start":{"line":15,"column":0},"end":{"line":15,"column":27}},"10":{"start":{"line":16,"column":0},"end":{"line":16,"column":25}},"11":{"start":{"line":19,"column":0},"end":{"line":19,"column":40}},"12":{"start":{"line":20,"column":0},"end":{"line":20,"column":41}},"13":{"start":{"line":21,"column":0},"end":{"line":21,"column":36}},"14":{"start":{"line":22,"column":0},"end":{"line":22,"column":35}},"15":{"start":{"line":23,"column":0},"end":{"line":23,"column":44}},"16":{"start":{"line":24,"column":0},"end":{"line":24,"column":46}},"17":{"start":{"line":25,"column":0},"end":{"line":25,"column":43}},"18":{"start":{"line":26,"column":0},"end":{"line":26,"column":39}},"19":{"start":{"line":30,"column":0},"end":{"line":30,"column":37}},"20":{"start":{"line":31,"column":0},"end":{"line":31,"column":38}},"21":{"start":{"line":34,"column":0},"end":{"line":40,"column":2}},"22":{"start":{"line":35,"column":4},"end":{"line":38,"column":5}},"23":{"start":{"line":36,"column":8},"end":{"line":36,"column":31}},"24":{"start":{"line":37,"column":8},"end":{"line":37,"column":40}},"25":{"start":{"line":39,"column":4},"end":{"line":39,"column":67}},"26":{"start":{"line":43,"column":0},"end":{"line":55,"column":2}},"27":{"start":{"line":44,"column":4},"end":{"line":54,"column":6}},"28":{"start":{"line":45,"column":8},"end":{"line":53,"column":9}},"29":{"start":{"line":46,"column":12},"end":{"line":46,"column":81}},"30":{"start":{"line":47,"column":15},"end":{"line":53,"column":9}},"31":{"start":{"line":48,"column":12},"end":{"line":48,"column":78}},"32":{"start":{"line":49,"column":15},"end":{"line":53,"column":9}},"33":{"start":{"line":50,"column":12},"end":{"line":50,"column":84}},"34":{"start":{"line":52,"column":12},"end":{"line":52,"column":63}},"35":{"start":{"line":57,"column":0},"end":{"line":65,"column":2}},"36":{"start":{"line":58,"column":4},"end":{"line":64,"column":6}},"37":{"start":{"line":59,"column":8},"end":{"line":63,"column":9}},"38":{"start":{"line":60,"column":12},"end":{"line":60,"column":78}},"39":{"start":{"line":62,"column":12},"end":{"line":62,"column":30}},"40":{"start":{"line":67,"column":0},"end":{"line":83,"column":2}},"41":{"start":{"line":68,"column":4},"end":{"line":68,"column":24}},"42":{"start":{"line":69,"column":4},"end":{"line":69,"column":36}},"43":{"start":{"line":70,"column":4},"end":{"line":70,"column":44}},"44":{"start":{"line":72,"column":4},"end":{"line":74,"column":5}},"45":{"start":{"line":73,"column":8},"end":{"line":73,"column":28}},"46":{"start":{"line":76,"column":4},"end":{"line":78,"column":5}},"47":{"start":{"line":77,"column":8},"end":{"line":77,"column":33}},"48":{"start":{"line":79,"column":4},"end":{"line":81,"column":5}},"49":{"start":{"line":80,"column":8},"end":{"line":80,"column":33}},"50":{"start":{"line":82,"column":4},"end":{"line":82,"column":22}},"51":{"start":{"line":85,"column":0},"end":{"line":93,"column":2}},"52":{"start":{"line":86,"column":4},"end":{"line":86,"column":32}},"53":{"start":{"line":88,"column":4},"end":{"line":92,"column":5}},"54":{"start":{"line":89,"column":8},"end":{"line":89,"column":27}},"55":{"start":{"line":91,"column":8},"end":{"line":91,"column":79}},"56":{"start":{"line":95,"column":0},"end":{"line":103,"column":2}},"57":{"start":{"line":96,"column":4},"end":{"line":102,"column":7}},"58":{"start":{"line":97,"column":8},"end":{"line":101,"column":9}},"59":{"start":{"line":98,"column":12},"end":{"line":98,"column":31}},"60":{"start":{"line":100,"column":12},"end":{"line":100,"column":83}},"61":{"start":{"line":106,"column":0},"end":{"line":106,"column":26}}},"branchMap":{"1":{"line":35,"type":"if","locations":[{"start":{"line":35,"column":4},"end":{"line":35,"column":4}},{"start":{"line":35,"column":4},"end":{"line":35,"column":4}}]},"2":{"line":45,"type":"if","locations":[{"start":{"line":45,"column":8},"end":{"line":45,"column":8}},{"start":{"line":45,"column":8},"end":{"line":45,"column":8}}]},"3":{"line":45,"type":"binary-expr","locations":[{"start":{"line":45,"column":12},"end":{"line":45,"column":15}},{"start":{"line":45,"column":19},"end":{"line":45,"column":48}}]},"4":{"line":47,"type":"if","locations":[{"start":{"line":47,"column":15},"end":{"line":47,"column":15}},{"start":{"line":47,"column":15},"end":{"line":47,"column":15}}]},"5":{"line":49,"type":"if","locations":[{"start":{"line":49,"column":15},"end":{"line":49,"column":15}},{"start":{"line":49,"column":15},"end":{"line":49,"column":15}}]},"6":{"line":49,"type":"binary-expr","locations":[{"start":{"line":49,"column":19},"end":{"line":49,"column":27}},{"start":{"line":49,"column":31},"end":{"line":49,"column":40}}]},"7":{"line":59,"type":"if","locations":[{"start":{"line":59,"column":8},"end":{"line":59,"column":8}},{"start":{"line":59,"column":8},"end":{"line":59,"column":8}}]},"8":{"line":72,"type":"if","locations":[{"start":{"line":72,"column":4},"end":{"line":72,"column":4}},{"start":{"line":72,"column":4},"end":{"line":72,"column":4}}]},"9":{"line":76,"type":"if","locations":[{"start":{"line":76,"column":4},"end":{"line":76,"column":4}},{"start":{"line":76,"column":4},"end":{"line":76,"column":4}}]},"10":{"line":79,"type":"if","locations":[{"start":{"line":79,"column":4},"end":{"line":79,"column":4}},{"start":{"line":79,"column":4},"end":{"line":79,"column":4}}]},"11":{"line":88,"type":"if","locations":[{"start":{"line":88,"column":4},"end":{"line":88,"column":4}},{"start":{"line":88,"column":4},"end":{"line":88,"column":4}}]},"12":{"line":97,"type":"if","locations":[{"start":{"line":97,"column":8},"end":{"line":97,"column":8}},{"start":{"line":97,"column":8},"end":{"line":97,"column":8}}]}},"l":{"2":1,"4":1,"5":328,"6":328,"7":328,"11":1,"13":1,"14":1,"15":1,"16":1,"19":1,"20":1,"21":1,"22":1,"23":1,"24":1,"25":1,"26":1,"30":1,"31":1,"34":1,"35":328,"36":0,"37":0,"39":328,"43":1,"44":324,"45":324,"46":0,"47":324,"48":0,"49":324,"50":1,"52":323,"57":1,"58":2,"59":2,"60":0,"62":2,"67":1,"68":19,"69":19,"70":19,"72":19,"73":19,"76":19,"77":19,"79":19,"80":0,"82":19,"85":1,"86":159,"88":159,"89":158,"91":1,"95":1,"96":2,"97":1,"98":1,"100":0,"106":1}},
"/Users/igbopie/git/backend/dist/routes/question.js":{"path":"/Users/igbopie/git/backend/dist/routes/question.js","s":{"1":1,"2":1,"3":31,"4":31,"5":31,"6":1,"7":2,"8":2,"9":2,"10":1,"11":5,"12":5,"13":5,"14":1,"15":1,"16":1,"17":1,"18":1,"19":1,"20":1,"21":1,"22":1,"23":0,"24":0,"25":0,"26":1,"27":1,"28":1,"29":1,"30":1,"31":0,"32":1,"33":1,"34":1,"35":1,"36":1,"37":1,"38":1,"39":1,"40":1,"41":1},"b":{"1":[1,0],"2":[1,1]},"f":{"1":31,"2":31,"3":2,"4":2,"5":5,"6":5,"7":1,"8":1,"9":1,"10":1,"11":0,"12":0,"13":1,"14":1,"15":1,"16":1,"17":1,"18":1,"19":1,"20":1},"fnMap":{"1":{"name":"(anonymous_1)","line":7,"loc":{"start":{"line":7,"column":17},"end":{"line":7,"column":37}}},"2":{"name":"(anonymous_2)","line":8,"loc":{"start":{"line":8,"column":28},"end":{"line":8,"column":48}}},"3":{"name":"(anonymous_3)","line":17,"loc":{"start":{"line":17,"column":15},"end":{"line":17,"column":35}}},"4":{"name":"(anonymous_4)","line":18,"loc":{"start":{"line":18,"column":28},"end":{"line":18,"column":48}}},"5":{"name":"(anonymous_5)","line":24,"loc":{"start":{"line":24,"column":17},"end":{"line":24,"column":37}}},"6":{"name":"(anonymous_6)","line":25,"loc":{"start":{"line":25,"column":28},"end":{"line":25,"column":48}}},"7":{"name":"(anonymous_7)","line":32,"loc":{"start":{"line":32,"column":19},"end":{"line":32,"column":39}}},"8":{"name":"(anonymous_8)","line":33,"loc":{"start":{"line":33,"column":28},"end":{"line":33,"column":48}}},"9":{"name":"(anonymous_9)","line":40,"loc":{"start":{"line":40,"column":18},"end":{"line":40,"column":38}}},"10":{"name":"(anonymous_10)","line":41,"loc":{"start":{"line":41,"column":28},"end":{"line":41,"column":48}}},"11":{"name":"(anonymous_11)","line":48,"loc":{"start":{"line":48,"column":15},"end":{"line":48,"column":35}}},"12":{"name":"(anonymous_12)","line":49,"loc":{"start":{"line":49,"column":28},"end":{"line":49,"column":48}}},"13":{"name":"(anonymous_13)","line":56,"loc":{"start":{"line":56,"column":15},"end":{"line":56,"column":35}}},"14":{"name":"(anonymous_14)","line":57,"loc":{"start":{"line":57,"column":28},"end":{"line":57,"column":48}}},"15":{"name":"(anonymous_15)","line":76,"loc":{"start":{"line":76,"column":20},"end":{"line":76,"column":40}}},"16":{"name":"(anonymous_16)","line":77,"loc":{"start":{"line":77,"column":28},"end":{"line":77,"column":48}}},"17":{"name":"(anonymous_17)","line":84,"loc":{"start":{"line":84,"column":43},"end":{"line":84,"column":66}}},"18":{"name":"(anonymous_18)","line":91,"loc":{"start":{"line":91,"column":20},"end":{"line":91,"column":40}}},"19":{"name":"(anonymous_19)","line":92,"loc":{"start":{"line":92,"column":28},"end":{"line":92,"column":48}}},"20":{"name":"(anonymous_20)","line":99,"loc":{"start":{"line":99,"column":43},"end":{"line":99,"column":66}}}},"statementMap":{"1":{"start":{"line":2,"column":0},"end":{"line":5,"column":44}},"2":{"start":{"line":7,"column":0},"end":{"line":15,"column":2}},"3":{"start":{"line":8,"column":4},"end":{"line":14,"column":7}},"4":{"start":{"line":9,"column":8},"end":{"line":12,"column":33}},"5":{"start":{"line":13,"column":8},"end":{"line":13,"column":111}},"6":{"start":{"line":17,"column":0},"end":{"line":22,"column":2}},"7":{"start":{"line":18,"column":4},"end":{"line":21,"column":7}},"8":{"start":{"line":19,"column":8},"end":{"line":19,"column":45}},"9":{"start":{"line":20,"column":8},"end":{"line":20,"column":94}},"10":{"start":{"line":24,"column":0},"end":{"line":30,"column":2}},"11":{"start":{"line":25,"column":4},"end":{"line":29,"column":7}},"12":{"start":{"line":26,"column":8},"end":{"line":26,"column":59}},"13":{"start":{"line":28,"column":8},"end":{"line":28,"column":116}},"14":{"start":{"line":32,"column":0},"end":{"line":38,"column":2}},"15":{"start":{"line":33,"column":4},"end":{"line":37,"column":7}},"16":{"start":{"line":34,"column":8},"end":{"line":34,"column":59}},"17":{"start":{"line":36,"column":8},"end":{"line":36,"column":118}},"18":{"start":{"line":40,"column":0},"end":{"line":46,"column":2}},"19":{"start":{"line":41,"column":4},"end":{"line":45,"column":7}},"20":{"start":{"line":42,"column":8},"end":{"line":42,"column":59}},"21":{"start":{"line":44,"column":8},"end":{"line":44,"column":117}},"22":{"start":{"line":48,"column":0},"end":{"line":54,"column":2}},"23":{"start":{"line":49,"column":4},"end":{"line":53,"column":7}},"24":{"start":{"line":50,"column":8},"end":{"line":50,"column":59}},"25":{"start":{"line":52,"column":8},"end":{"line":52,"column":114}},"26":{"start":{"line":56,"column":0},"end":{"line":74,"column":2}},"27":{"start":{"line":57,"column":4},"end":{"line":73,"column":7}},"28":{"start":{"line":58,"column":8},"end":{"line":60,"column":59}},"29":{"start":{"line":61,"column":8},"end":{"line":72,"column":9}},"30":{"start":{"line":62,"column":12},"end":{"line":69,"column":14}},"31":{"start":{"line":71,"column":12},"end":{"line":71,"column":62}},"32":{"start":{"line":76,"column":0},"end":{"line":89,"column":2}},"33":{"start":{"line":77,"column":4},"end":{"line":88,"column":7}},"34":{"start":{"line":78,"column":8},"end":{"line":78,"column":59}},"35":{"start":{"line":80,"column":8},"end":{"line":87,"column":10}},"36":{"start":{"line":85,"column":16},"end":{"line":85,"column":111}},"37":{"start":{"line":91,"column":0},"end":{"line":104,"column":2}},"38":{"start":{"line":92,"column":4},"end":{"line":103,"column":7}},"39":{"start":{"line":93,"column":8},"end":{"line":93,"column":59}},"40":{"start":{"line":95,"column":8},"end":{"line":102,"column":10}},"41":{"start":{"line":100,"column":16},"end":{"line":100,"column":111}}},"branchMap":{"1":{"line":61,"type":"if","locations":[{"start":{"line":61,"column":8},"end":{"line":61,"column":8}},{"start":{"line":61,"column":8},"end":{"line":61,"column":8}}]},"2":{"line":61,"type":"binary-expr","locations":[{"start":{"line":61,"column":12},"end":{"line":61,"column":20}},{"start":{"line":61,"column":24},"end":{"line":61,"column":33}}]}},"l":{"2":1,"7":1,"8":31,"9":31,"13":31,"17":1,"18":2,"19":2,"20":2,"24":1,"25":5,"26":5,"28":5,"32":1,"33":1,"34":1,"36":1,"40":1,"41":1,"42":1,"44":1,"48":1,"49":0,"50":0,"52":0,"56":1,"57":1,"58":1,"61":1,"62":1,"71":0,"76":1,"77":1,"78":1,"80":1,"85":1,"91":1,"92":1,"93":1,"95":1,"100":1}},
"/Users/igbopie/git/backend/dist/models/question.js":{"path":"/Users/igbopie/git/backend/dist/models/question.js","s":{"1":1,"2":1,"3":1,"4":1,"5":1,"6":1,"7":1,"8":1,"9":1,"10":1,"11":1,"12":1,"13":1,"14":1,"15":1,"16":1,"17":59,"18":59,"19":0,"20":59,"21":59,"22":59,"23":59,"24":59,"25":59,"26":59,"27":59,"28":59,"29":59,"30":59,"31":59,"32":59,"33":59,"34":59,"35":59,"36":59,"37":59,"38":0,"39":59,"40":12,"41":59,"42":0,"43":59,"44":50,"45":50,"46":0,"47":50,"48":9,"49":59,"50":59,"51":0,"52":0,"53":0,"54":0,"55":0,"56":0,"57":0,"58":0,"59":59,"60":59,"61":59,"62":0,"63":0,"64":0,"65":0,"66":0,"67":0,"68":0,"69":0,"70":59,"71":59,"72":1,"73":31,"74":31,"75":31,"76":31,"77":31,"78":31,"79":31,"80":31,"81":31,"82":31,"83":31,"84":31,"85":31,"86":0,"87":31,"88":0,"89":31,"90":31,"91":31,"92":0,"93":31,"94":31,"95":31,"96":0,"97":31,"98":31,"99":31,"100":0,"101":31,"102":31,"103":31,"104":0,"105":31,"106":31,"107":1,"108":9,"109":9,"110":0,"111":9,"112":9,"113":1,"114":5,"115":1,"116":1,"117":1,"118":1,"119":1,"120":0,"121":1,"122":0,"123":1,"124":1,"125":1,"126":1,"127":1,"128":1,"129":0,"130":1,"131":1,"132":1,"133":2,"134":1,"135":7,"136":7,"137":7,"138":5,"139":5,"140":5,"141":4,"142":1,"143":2,"144":0,"145":0,"146":2,"147":1,"148":1,"149":1,"150":1,"151":1,"152":0,"153":7,"154":7,"155":0,"156":7,"157":7,"158":7,"159":7,"160":0,"161":7,"162":1,"163":66,"164":66,"165":66,"166":66,"167":0,"168":66,"169":66,"170":1,"171":105,"172":1,"173":12,"174":12,"175":0,"176":12,"177":1,"178":11,"179":1,"180":1,"181":1},"b":{"1":[0,59],"2":[59,0],"3":[0,59],"4":[12,47],"5":[50,9],"6":[0,50],"7":[0,59],"8":[0,0],"9":[0,0],"10":[0,59],"11":[0,0],"12":[0,0],"13":[31,0],"14":[31,31,31,31],"15":[0,31],"16":[0,31],"17":[0,31],"18":[0,31],"19":[0,31],"20":[0,31],"21":[0,9],"22":[0,1],"23":[5,2],"24":[4,1],"25":[0,2],"26":[1,1],"27":[1,0],"28":[0,7],"29":[0,7],"30":[0,66],"31":[0,12],"32":[1,11]},"f":{"1":59,"2":59,"3":59,"4":59,"5":50,"6":59,"7":0,"8":0,"9":59,"10":0,"11":0,"12":31,"13":31,"14":31,"15":31,"16":31,"17":31,"18":9,"19":9,"20":9,"21":5,"22":1,"23":1,"24":0,"25":0,"26":1,"27":1,"28":1,"29":2,"30":7,"31":7,"32":7,"33":66,"34":66,"35":105,"36":12,"37":12,"38":1,"39":1},"fnMap":{"1":{"name":"(anonymous_1)","line":55,"loc":{"start":{"line":55,"column":22},"end":{"line":55,"column":62}}},"2":{"name":"(anonymous_2)","line":64,"loc":{"start":{"line":64,"column":14},"end":{"line":64,"column":26}}},"3":{"name":"(anonymous_3)","line":65,"loc":{"start":{"line":65,"column":25},"end":{"line":65,"column":37}}},"4":{"name":"(anonymous_4)","line":81,"loc":{"start":{"line":81,"column":69},"end":{"line":81,"column":90}}},"5":{"name":"(anonymous_5)","line":101,"loc":{"start":{"line":101,"column":16},"end":{"line":101,"column":31}}},"6":{"name":"(anonymous_6)","line":115,"loc":{"start":{"line":115,"column":22},"end":{"line":115,"column":34}}},"7":{"name":"(anonymous_7)","line":117,"loc":{"start":{"line":117,"column":80},"end":{"line":117,"column":105}}},"8":{"name":"(anonymous_8)","line":124,"loc":{"start":{"line":124,"column":32},"end":{"line":124,"column":47}}},"9":{"name":"(anonymous_9)","line":137,"loc":{"start":{"line":137,"column":23},"end":{"line":137,"column":35}}},"10":{"name":"(anonymous_10)","line":139,"loc":{"start":{"line":139,"column":57},"end":{"line":139,"column":77}}},"11":{"name":"(anonymous_11)","line":144,"loc":{"start":{"line":144,"column":32},"end":{"line":144,"column":47}}},"12":{"name":"(anonymous_12)","line":162,"loc":{"start":{"line":162,"column":25},"end":{"line":162,"column":86}}},"13":{"name":"(anonymous_13)","line":182,"loc":{"start":{"line":182,"column":44},"end":{"line":182,"column":66}}},"14":{"name":"(anonymous_14)","line":188,"loc":{"start":{"line":188,"column":22},"end":{"line":188,"column":37}}},"15":{"name":"(anonymous_15)","line":194,"loc":{"start":{"line":194,"column":76},"end":{"line":194,"column":101}}},"16":{"name":"(anonymous_16)","line":200,"loc":{"start":{"line":200,"column":59},"end":{"line":200,"column":79}}},"17":{"name":"(anonymous_17)","line":204,"loc":{"start":{"line":204,"column":34},"end":{"line":204,"column":49}}},"18":{"name":"(anonymous_18)","line":220,"loc":{"start":{"line":220,"column":16},"end":{"line":220,"column":73}}},"19":{"name":"(anonymous_19)","line":229,"loc":{"start":{"line":229,"column":14},"end":{"line":229,"column":40}}},"20":{"name":"(anonymous_20)","line":236,"loc":{"start":{"line":236,"column":16},"end":{"line":236,"column":51}}},"21":{"name":"(anonymous_21)","line":245,"loc":{"start":{"line":245,"column":25},"end":{"line":245,"column":69}}},"22":{"name":"(anonymous_22)","line":251,"loc":{"start":{"line":251,"column":27},"end":{"line":251,"column":71}}},"23":{"name":"(anonymous_23)","line":257,"loc":{"start":{"line":257,"column":26},"end":{"line":257,"column":70}}},"24":{"name":"(anonymous_24)","line":263,"loc":{"start":{"line":263,"column":23},"end":{"line":263,"column":67}}},"25":{"name":"(anonymous_25)","line":276,"loc":{"start":{"line":276,"column":28},"end":{"line":276,"column":72}}},"26":{"name":"(anonymous_26)","line":289,"loc":{"start":{"line":289,"column":23},"end":{"line":289,"column":88}}},"27":{"name":"(anonymous_27)","line":311,"loc":{"start":{"line":311,"column":14},"end":{"line":311,"column":40}}},"28":{"name":"(anonymous_28)","line":316,"loc":{"start":{"line":316,"column":16},"end":{"line":316,"column":51}}},"29":{"name":"(anonymous_29)","line":324,"loc":{"start":{"line":324,"column":37},"end":{"line":324,"column":78}}},"30":{"name":"(anonymous_30)","line":337,"loc":{"start":{"line":337,"column":34},"end":{"line":337,"column":105}}},"31":{"name":"(anonymous_31)","line":372,"loc":{"start":{"line":372,"column":8},"end":{"line":372,"column":33}}},"32":{"name":"(anonymous_32)","line":379,"loc":{"start":{"line":379,"column":26},"end":{"line":379,"column":41}}},"33":{"name":"(anonymous_33)","line":389,"loc":{"start":{"line":389,"column":34},"end":{"line":389,"column":66}}},"34":{"name":"(anonymous_34)","line":397,"loc":{"start":{"line":397,"column":8},"end":{"line":397,"column":33}}},"35":{"name":"(anonymous_35)","line":407,"loc":{"start":{"line":407,"column":27},"end":{"line":407,"column":59}}},"36":{"name":"(anonymous_36)","line":411,"loc":{"start":{"line":411,"column":23},"end":{"line":411,"column":63}}},"37":{"name":"(anonymous_37)","line":412,"loc":{"start":{"line":412,"column":40},"end":{"line":412,"column":60}}},"38":{"name":"(anonymous_38)","line":425,"loc":{"start":{"line":425,"column":27},"end":{"line":425,"column":47}}},"39":{"name":"(anonymous_39)","line":426,"loc":{"start":{"line":426,"column":23},"end":{"line":426,"column":45}}}},"statementMap":{"1":{"start":{"line":2,"column":0},"end":{"line":10,"column":29}},"2":{"start":{"line":12,"column":0},"end":{"line":30,"column":3}},"3":{"start":{"line":32,"column":0},"end":{"line":32,"column":34}},"4":{"start":{"line":33,"column":0},"end":{"line":33,"column":36}},"5":{"start":{"line":34,"column":0},"end":{"line":34,"column":38}},"6":{"start":{"line":35,"column":0},"end":{"line":35,"column":38}},"7":{"start":{"line":36,"column":0},"end":{"line":36,"column":42}},"8":{"start":{"line":37,"column":0},"end":{"line":37,"column":41}},"9":{"start":{"line":40,"column":0},"end":{"line":40,"column":58}},"10":{"start":{"line":43,"column":0},"end":{"line":43,"column":25}},"11":{"start":{"line":46,"column":0},"end":{"line":48,"column":2}},"12":{"start":{"line":50,"column":0},"end":{"line":50,"column":60}},"13":{"start":{"line":51,"column":0},"end":{"line":51,"column":60}},"14":{"start":{"line":52,"column":0},"end":{"line":52,"column":60}},"15":{"start":{"line":53,"column":0},"end":{"line":53,"column":60}},"16":{"start":{"line":55,"column":0},"end":{"line":159,"column":2}},"17":{"start":{"line":56,"column":4},"end":{"line":58,"column":25}},"18":{"start":{"line":60,"column":4},"end":{"line":62,"column":5}},"19":{"start":{"line":61,"column":8},"end":{"line":61,"column":26}},"20":{"start":{"line":64,"column":4},"end":{"line":113,"column":6}},"21":{"start":{"line":65,"column":8},"end":{"line":93,"column":10}},"22":{"start":{"line":66,"column":12},"end":{"line":66,"column":30}},"23":{"start":{"line":67,"column":12},"end":{"line":67,"column":42}},"24":{"start":{"line":68,"column":12},"end":{"line":68,"column":44}},"25":{"start":{"line":69,"column":12},"end":{"line":69,"column":46}},"26":{"start":{"line":70,"column":12},"end":{"line":70,"column":50}},"27":{"start":{"line":71,"column":12},"end":{"line":71,"column":50}},"28":{"start":{"line":72,"column":12},"end":{"line":72,"column":54}},"29":{"start":{"line":73,"column":12},"end":{"line":73,"column":54}},"30":{"start":{"line":74,"column":12},"end":{"line":74,"column":48}},"31":{"start":{"line":75,"column":12},"end":{"line":75,"column":52}},"32":{"start":{"line":76,"column":12},"end":{"line":76,"column":56}},"33":{"start":{"line":77,"column":12},"end":{"line":77,"column":52}},"34":{"start":{"line":78,"column":12},"end":{"line":78,"column":42}},"35":{"start":{"line":80,"column":12},"end":{"line":92,"column":13}},"36":{"start":{"line":81,"column":16},"end":{"line":89,"column":19}},"37":{"start":{"line":82,"column":20},"end":{"line":84,"column":21}},"38":{"start":{"line":83,"column":24},"end":{"line":83,"column":66}},"39":{"start":{"line":85,"column":20},"end":{"line":87,"column":21}},"40":{"start":{"line":86,"column":24},"end":{"line":86,"column":53}},"41":{"start":{"line":88,"column":20},"end":{"line":88,"column":50}},"42":{"start":{"line":91,"column":16},"end":{"line":91,"column":46}},"43":{"start":{"line":95,"column":8},"end":{"line":111,"column":9}},"44":{"start":{"line":96,"column":12},"end":{"line":108,"column":14}},"45":{"start":{"line":102,"column":20},"end":{"line":104,"column":21}},"46":{"start":{"line":103,"column":24},"end":{"line":103,"column":67}},"47":{"start":{"line":106,"column":20},"end":{"line":106,"column":33}},"48":{"start":{"line":110,"column":12},"end":{"line":110,"column":25}},"49":{"start":{"line":115,"column":4},"end":{"line":135,"column":6}},"50":{"start":{"line":116,"column":8},"end":{"line":134,"column":9}},"51":{"start":{"line":117,"column":12},"end":{"line":131,"column":15}},"52":{"start":{"line":118,"column":16},"end":{"line":120,"column":17}},"53":{"start":{"line":119,"column":20},"end":{"line":119,"column":41}},"54":{"start":{"line":122,"column":16},"end":{"line":122,"column":47}},"55":{"start":{"line":124,"column":16},"end":{"line":130,"column":19}},"56":{"start":{"line":125,"column":20},"end":{"line":127,"column":21}},"57":{"start":{"line":126,"column":24},"end":{"line":126,"column":45}},"58":{"start":{"line":129,"column":20},"end":{"line":129,"column":39}},"59":{"start":{"line":133,"column":12},"end":{"line":133,"column":31}},"60":{"start":{"line":137,"column":4},"end":{"line":156,"column":6}},"61":{"start":{"line":138,"column":8},"end":{"line":155,"column":9}},"62":{"start":{"line":139,"column":12},"end":{"line":151,"column":15}},"63":{"start":{"line":140,"column":16},"end":{"line":140,"column":48}},"64":{"start":{"line":140,"column":27},"end":{"line":140,"column":46}},"65":{"start":{"line":142,"column":16},"end":{"line":142,"column":37}},"66":{"start":{"line":144,"column":16},"end":{"line":150,"column":19}},"67":{"start":{"line":145,"column":20},"end":{"line":147,"column":21}},"68":{"start":{"line":146,"column":24},"end":{"line":146,"column":45}},"69":{"start":{"line":149,"column":20},"end":{"line":149,"column":30}},"70":{"start":{"line":154,"column":12},"end":{"line":154,"column":22}},"71":{"start":{"line":158,"column":4},"end":{"line":158,"column":22}},"72":{"start":{"line":162,"column":0},"end":{"line":218,"column":2}},"73":{"start":{"line":163,"column":4},"end":{"line":164,"column":22}},"74":{"start":{"line":165,"column":4},"end":{"line":165,"column":25}},"75":{"start":{"line":166,"column":4},"end":{"line":166,"column":25}},"76":{"start":{"line":167,"column":4},"end":{"line":167,"column":29}},"77":{"start":{"line":168,"column":4},"end":{"line":168,"column":34}},"78":{"start":{"line":169,"column":4},"end":{"line":169,"column":92}},"79":{"start":{"line":171,"column":4},"end":{"line":179,"column":5}},"80":{"start":{"line":175,"column":8},"end":{"line":175,"column":27}},"81":{"start":{"line":176,"column":8},"end":{"line":176,"column":54}},"82":{"start":{"line":177,"column":8},"end":{"line":177,"column":52}},"83":{"start":{"line":178,"column":8},"end":{"line":178,"column":42}},"84":{"start":{"line":182,"column":4},"end":{"line":217,"column":7}},"85":{"start":{"line":183,"column":8},"end":{"line":185,"column":9}},"86":{"start":{"line":184,"column":12},"end":{"line":184,"column":33}},"87":{"start":{"line":186,"column":8},"end":{"line":186,"column":107}},"88":{"start":{"line":186,"column":22},"end":{"line":186,"column":105}},"89":{"start":{"line":187,"column":8},"end":{"line":187,"column":36}},"90":{"start":{"line":188,"column":8},"end":{"line":216,"column":11}},"91":{"start":{"line":189,"column":12},"end":{"line":191,"column":13}},"92":{"start":{"line":190,"column":16},"end":{"line":190,"column":37}},"93":{"start":{"line":193,"column":12},"end":{"line":193,"column":36}},"94":{"start":{"line":194,"column":12},"end":{"line":215,"column":15}},"95":{"start":{"line":195,"column":16},"end":{"line":197,"column":17}},"96":{"start":{"line":196,"column":20},"end":{"line":196,"column":41}},"97":{"start":{"line":199,"column":16},"end":{"line":199,"column":45}},"98":{"start":{"line":200,"column":16},"end":{"line":213,"column":19}},"99":{"start":{"line":201,"column":20},"end":{"line":201,"column":52}},"100":{"start":{"line":201,"column":31},"end":{"line":201,"column":50}},"101":{"start":{"line":203,"column":20},"end":{"line":203,"column":39}},"102":{"start":{"line":204,"column":20},"end":{"line":212,"column":23}},"103":{"start":{"line":205,"column":24},"end":{"line":207,"column":25}},"104":{"start":{"line":206,"column":28},"end":{"line":206,"column":49}},"105":{"start":{"line":209,"column":24},"end":{"line":209,"column":68}},"106":{"start":{"line":211,"column":24},"end":{"line":211,"column":83}},"107":{"start":{"line":220,"column":0},"end":{"line":243,"column":2}},"108":{"start":{"line":221,"column":4},"end":{"line":242,"column":11}},"109":{"start":{"line":230,"column":12},"end":{"line":232,"column":13}},"110":{"start":{"line":231,"column":16},"end":{"line":231,"column":37}},"111":{"start":{"line":234,"column":12},"end":{"line":240,"column":14}},"112":{"start":{"line":237,"column":20},"end":{"line":237,"column":69}},"113":{"start":{"line":245,"column":0},"end":{"line":249,"column":2}},"114":{"start":{"line":246,"column":4},"end":{"line":248,"column":41}},"115":{"start":{"line":251,"column":0},"end":{"line":255,"column":2}},"116":{"start":{"line":252,"column":4},"end":{"line":254,"column":41}},"117":{"start":{"line":257,"column":0},"end":{"line":261,"column":2}},"118":{"start":{"line":258,"column":4},"end":{"line":260,"column":41}},"119":{"start":{"line":263,"column":0},"end":{"line":274,"column":2}},"120":{"start":{"line":264,"column":4},"end":{"line":273,"column":6}},"121":{"start":{"line":276,"column":0},"end":{"line":287,"column":2}},"122":{"start":{"line":277,"column":4},"end":{"line":286,"column":6}},"123":{"start":{"line":289,"column":0},"end":{"line":322,"column":2}},"124":{"start":{"line":290,"column":4},"end":{"line":290,"column":25}},"125":{"start":{"line":291,"column":4},"end":{"line":291,"column":54}},"126":{"start":{"line":292,"column":4},"end":{"line":292,"column":56}},"127":{"start":{"line":294,"column":4},"end":{"line":321,"column":11}},"128":{"start":{"line":312,"c
[...]
"/Users/igbopie/git/backend/dist/routes/flag.js":{"path":"/Users/igbopie/git/backend/dist/routes/flag.js","s":{"1":1,"2":1,"3":19,"4":19,"5":19,"6":1,"7":0,"8":0},"b":{},"f":{"1":19,"2":19,"3":0,"4":0},"fnMap":{"1":{"name":"(anonymous_1)","line":5,"loc":{"start":{"line":5,"column":15},"end":{"line":5,"column":35}}},"2":{"name":"(anonymous_2)","line":6,"loc":{"start":{"line":6,"column":28},"end":{"line":6,"column":48}}},"3":{"name":"(anonymous_3)","line":13,"loc":{"start":{"line":13,"column":15},"end":{"line":13,"column":35}}},"4":{"name":"(anonymous_4)","line":14,"loc":{"start":{"line":14,"column":33},"end":{"line":14,"column":53}}}},"statementMap":{"1":{"start":{"line":2,"column":0},"end":{"line":3,"column":44}},"2":{"start":{"line":5,"column":0},"end":{"line":11,"column":2}},"3":{"start":{"line":6,"column":4},"end":{"line":10,"column":7}},"4":{"start":{"line":7,"column":8},"end":{"line":8,"column":37}},"5":{"start":{"line":9,"column":8},"end":{"line":9,"column":94}},"6":{"start":{"line":13,"column":0},"end":{"line":17,"column":2}},"7":{"start":{"line":14,"column":4},"end":{"line":16,"column":7}},"8":{"start":{"line":15,"column":8},"end":{"line":15,"column":59}}},"branchMap":{},"l":{"2":1,"5":1,"6":19,"7":19,"9":19,"13":1,"14":0,"15":0}},
"/Users/igbopie/git/backend/dist/models/flag.js":{"path":"/Users/igbopie/git/backend/dist/models/flag.js","s":{"1":1,"2":1,"3":1,"4":1,"5":1,"6":1,"7":19,"8":19,"9":19,"10":19,"11":19,"12":19,"13":19,"14":0,"15":19,"16":1,"17":0,"18":0,"19":0,"20":0},"b":{"1":[0,19],"2":[0,0]},"f":{"1":19,"2":19,"3":0,"4":0},"fnMap":{"1":{"name":"(anonymous_1)","line":24,"loc":{"start":{"line":24,"column":21},"end":{"line":24,"column":69}}},"2":{"name":"(anonymous_2)","line":31,"loc":{"start":{"line":31,"column":14},"end":{"line":31,"column":29}}},"3":{"name":"(anonymous_3)","line":38,"loc":{"start":{"line":38,"column":19},"end":{"line":38,"column":39}}},"4":{"name":"(anonymous_4)","line":41,"loc":{"start":{"line":41,"column":14},"end":{"line":41,"column":38}}}},"statementMap":{"1":{"start":{"line":2,"column":0},"end":{"line":3,"column":29}},"2":{"start":{"line":6,"column":0},"end":{"line":11,"column":3}},"3":{"start":{"line":14,"column":0},"end":{"line":14,"column":46}},"4":{"start":{"line":17,"column":0},"end":{"line":17,"column":21}},"5":{"start":{"line":20,"column":0},"end":{"line":22,"column":2}},"6":{"start":{"line":24,"column":0},"end":{"line":36,"column":2}},"7":{"start":{"line":25,"column":4},"end":{"line":25,"column":26}},"8":{"start":{"line":26,"column":4},"end":{"line":26,"column":33}},"9":{"start":{"line":27,"column":4},"end":{"line":27,"column":25}},"10":{"start":{"line":28,"column":4},"end":{"line":28,"column":25}},"11":{"start":{"line":29,"column":4},"end":{"line":29,"column":30}},"12":{"start":{"line":31,"column":4},"end":{"line":35,"column":7}},"13":{"start":{"line":32,"column":8},"end":{"line":32,"column":42}},"14":{"start":{"line":32,"column":19},"end":{"line":32,"column":40}},"15":{"start":{"line":34,"column":8},"end":{"line":34,"column":23}},"16":{"start":{"line":38,"column":0},"end":{"line":47,"column":2}},"17":{"start":{"line":39,"column":4},"end":{"line":46,"column":6}},"18":{"start":{"line":42,"column":12},"end":{"line":42,"column":46}},"19":{"start":{"line":42,"column":23},"end":{"line":42,"column":44}},"20":{"start":{"line":44,"column":12},"end":{"line":44,"column":41}}},"branchMap":{"1":{"line":32,"type":"if","locations":[{"start":{"line":32,"column":8},"end":{"line":32,"column":8}},{"start":{"line":32,"column":8},"end":{"line":32,"column":8}}]},"2":{"line":42,"type":"if","locations":[{"start":{"line":42,"column":12},"end":{"line":42,"column":12}},{"start":{"line":42,"column":12},"end":{"line":42,"column":12}}]}},"l":{"2":1,"6":1,"14":1,"17":1,"20":1,"24":1,"25":19,"26":19,"27":19,"28":19,"29":19,"31":19,"32":19,"34":19,"38":1,"39":0,"42":0,"44":0}},
"/Users/igbopie/git/backend/dist/routes/notification.js":{"path":"/Users/igbopie/git/backend/dist/routes/notification.js","s":{"1":1,"2":1,"3":3,"4":3,"5":3,"6":1,"7":1,"8":1},"b":{},"f":{"1":3,"2":3,"3":1,"4":1},"fnMap":{"1":{"name":"(anonymous_1)","line":6,"loc":{"start":{"line":6,"column":15},"end":{"line":6,"column":35}}},"2":{"name":"(anonymous_2)","line":7,"loc":{"start":{"line":7,"column":28},"end":{"line":7,"column":48}}},"3":{"name":"(anonymous_3)","line":13,"loc":{"start":{"line":13,"column":24},"end":{"line":13,"column":44}}},"4":{"name":"(anonymous_4)","line":14,"loc":{"start":{"line":14,"column":28},"end":{"line":14,"column":48}}}},"statementMap":{"1":{"start":{"line":2,"column":0},"end":{"line":3,"column":44}},"2":{"start":{"line":6,"column":0},"end":{"line":11,"column":2}},"3":{"start":{"line":7,"column":4},"end":{"line":10,"column":7}},"4":{"start":{"line":8,"column":8},"end":{"line":8,"column":59}},"5":{"start":{"line":9,"column":8},"end":{"line":9,"column":118}},"6":{"start":{"line":13,"column":0},"end":{"line":17,"column":2}},"7":{"start":{"line":14,"column":4},"end":{"line":16,"column":7}},"8":{"start":{"line":15,"column":8},"end":{"line":15,"column":89}}},"branchMap":{},"l":{"2":1,"6":1,"7":3,"8":3,"9":3,"13":1,"14":1,"15":1}},
"/Users/igbopie/git/backend/dist/routes/setting.js":{"path":"/Users/igbopie/git/backend/dist/routes/setting.js","s":{"1":1,"2":1,"3":1,"4":1,"5":1,"6":1,"7":2,"8":2},"b":{},"f":{"1":1,"2":1,"3":2,"4":2},"fnMap":{"1":{"name":"(anonymous_1)","line":5,"loc":{"start":{"line":5,"column":17},"end":{"line":5,"column":37}}},"2":{"name":"(anonymous_2)","line":6,"loc":{"start":{"line":6,"column":28},"end":{"line":6,"column":48}}},"3":{"name":"(anonymous_3)","line":13,"loc":{"start":{"line":13,"column":15},"end":{"line":13,"column":35}}},"4":{"name":"(anonymous_4)","line":14,"loc":{"start":{"line":14,"column":28},"end":{"line":14,"column":48}}}},"statementMap":{"1":{"start":{"line":2,"column":0},"end":{"line":3,"column":44}},"2":{"start":{"line":5,"column":0},"end":{"line":11,"column":2}},"3":{"start":{"line":6,"column":4},"end":{"line":10,"column":7}},"4":{"start":{"line":7,"column":8},"end":{"line":8,"column":35}},"5":{"start":{"line":9,"column":8},"end":{"line":9,"column":91}},"6":{"start":{"line":13,"column":0},"end":{"line":17,"column":2}},"7":{"start":{"line":14,"column":4},"end":{"line":16,"column":7}},"8":{"start":{"line":15,"column":8},"end":{"line":15,"column":79}}},"branchMap":{},"l":{"2":1,"5":1,"6":1,"7":1,"9":1,"13":1,"14":2,"15":2}},
"/Users/igbopie/git/backend/dist/routes/starbucks.js":{"path":"/Users/igbopie/git/backend/dist/routes/starbucks.js","s":{"1":1,"2":1,"3":2,"4":1,"5":1,"6":1,"7":1,"8":1,"9":1,"10":1},"b":{},"f":{"1":2,"2":1,"3":1,"4":1,"5":1,"6":1,"7":1},"fnMap":{"1":{"name":"(anonymous_1)","line":9,"loc":{"start":{"line":9,"column":20},"end":{"line":9,"column":40}}},"2":{"name":"(anonymous_2)","line":10,"loc":{"start":{"line":10,"column":33},"end":{"line":10,"column":53}}},"3":{"name":"(anonymous_3)","line":13,"loc":{"start":{"line":13,"column":32},"end":{"line":13,"column":62}}},"4":{"name":"(anonymous_4)","line":14,"loc":{"start":{"line":14,"column":37},"end":{"line":14,"column":68}}},"5":{"name":"(anonymous_5)","line":15,"loc":{"start":{"line":15,"column":45},"end":{"line":15,"column":80}}},"6":{"name":"(anonymous_6)","line":16,"loc":{"start":{"line":16,"column":48},"end":{"line":16,"column":82}}},"7":{"name":"(anonymous_7)","line":17,"loc":{"start":{"line":17,"column":45},"end":{"line":17,"column":72}}}},"statementMap":{"1":{"start":{"line":2,"column":0},"end":{"line":7,"column":44}},"2":{"start":{"line":9,"column":0},"end":{"line":32,"column":2}},"3":{"start":{"line":10,"column":4},"end":{"line":31,"column":7}},"4":{"start":{"line":13,"column":8},"end":{"line":30,"column":11}},"5":{"start":{"line":14,"column":12},"end":{"line":29,"column":15}},"6":{"start":{"line":15,"column":16},"end":{"line":28,"column":19}},"7":{"start":{"line":16,"column":20},"end":{"line":27,"column":23}},"8":{"start":{"line":17,"column":24},"end":{"line":26,"column":27}},"9":{"start":{"line":18,"column":28},"end":{"line":24,"column":30}},"10":{"start":{"line":25,"column":28},"end":{"line":25,"column":80}}},"branchMap":{},"l":{"2":1,"9":1,"10":2,"13":1,"14":1,"15":1,"16":1,"17":1,"18":1,"25":1}},
"/Users/igbopie/git/backend/dist/routes/registration.js":{"path":"/Users/igbopie/git/backend/dist/routes/registration.js","s":{"1":1,"2":1,"3":0,"4":0,"5":1,"6":0,"7":0},"b":{},"f":{"1":0,"2":0,"3":0},"fnMap":{"1":{"name":"(anonymous_1)","line":5,"loc":{"start":{"line":5,"column":17},"end":{"line":5,"column":37}}},"2":{"name":"(anonymous_2)","line":11,"loc":{"start":{"line":11,"column":15},"end":{"line":11,"column":35}}},"3":{"name":"(anonymous_3)","line":12,"loc":{"start":{"line":12,"column":33},"end":{"line":12,"column":53}}}},"statementMap":{"1":{"start":{"line":2,"column":0},"end":{"line":3,"column":44}},"2":{"start":{"line":5,"column":0},"end":{"line":9,"column":2}},"3":{"start":{"line":6,"column":4},"end":{"line":7,"column":37}},"4":{"start":{"line":8,"column":4},"end":{"line":8,"column":81}},"5":{"start":{"line":11,"column":0},"end":{"line":15,"column":2}},"6":{"start":{"line":12,"column":4},"end":{"line":14,"column":7}},"7":{"start":{"line":13,"column":8},"end":{"line":13,"column":67}}},"branchMap":{},"l":{"2":1,"5":1,"6":0,"8":0,"11":1,"12":0,"13":0}},
"/Users/igbopie/git/backend/dist/models/registration.js":{"path":"/Users/igbopie/git/backend/dist/models/registration.js","s":{"1":1,"2":1,"3":1,"4":1,"5":1,"6":1,"7":1,"8":0,"9":0,"10":0,"11":0,"12":0,"13":0,"14":0,"15":0,"16":0,"17":1,"18":0,"19":0,"20":0,"21":0},"b":{"1":[0,0],"2":[0,0],"3":[0,0]},"f":{"1":0,"2":0,"3":0,"4":0},"fnMap":{"1":{"name":"(anonymous_1)","line":28,"loc":{"start":{"line":28,"column":29},"end":{"line":28,"column":66}}},"2":{"name":"(anonymous_2)","line":30,"loc":{"start":{"line":30,"column":41},"end":{"line":30,"column":70}}},"3":{"name":"(anonymous_3)","line":50,"loc":{"start":{"line":50,"column":27},"end":{"line":50,"column":47}}},"4":{"name":"(anonymous_4)","line":54,"loc":{"start":{"line":54,"column":14},"end":{"line":54,"column":44}}}},"statementMap":{"1":{"start":{"line":2,"column":0},"end":{"line":4,"column":38}},"2":{"start":{"line":7,"column":0},"end":{"line":12,"column":3}},"3":{"start":{"line":15,"column":0},"end":{"line":15,"column":40}},"4":{"start":{"line":17,"column":0},"end":{"line":17,"column":70}},"5":{"start":{"line":20,"column":0},"end":{"line":20,"column":29}},"6":{"start":{"line":23,"column":0},"end":{"line":25,"column":2}},"7":{"start":{"line":28,"column":0},"end":{"line":48,"column":2}},"8":{"start":{"line":30,"column":4},"end":{"line":46,"column":7}},"9":{"start":{"line":31,"column":8},"end":{"line":33,"column":9}},"10":{"start":{"line":32,"column":12},"end":{"line":32,"column":33}},"11":{"start":{"line":35,"column":8},"end":{"line":37,"column":9}},"12":{"start":{"line":36,"column":12},"end":{"line":36,"column":96}},"13":{"start":{"line":39,"column":8},"end":{"line":39,"column":42}},"14":{"start":{"line":41,"column":8},"end":{"line":41,"column":35}},"15":{"start":{"line":42,"column":8},"end":{"line":42,"column":41}},"16":{"start":{"line":45,"column":8},"end":{"line":45,"column":36}},"17":{"start":{"line":50,"column":0},"end":{"line":62,"column":2}},"18":{"start":{"line":51,"column":4},"end":{"line":61,"column":6}},"19":{"start":{"line":55,"column":12},"end":{"line":57,"column":13}},"20":{"start":{"line":56,"column":16},"end":{"line":56,"column":37}},"21":{"start":{"line":59,"column":12},"end":{"line":59,"column":47}}},"branchMap":{"1":{"line":31,"type":"if","locations":[{"start":{"line":31,"column":8},"end":{"line":31,"column":8}},{"start":{"line":31,"column":8},"end":{"line":31,"column":8}}]},"2":{"line":35,"type":"if","locations":[{"start":{"line":35,"column":8},"end":{"line":35,"column":8}},{"start":{"line":35,"column":8},"end":{"line":35,"column":8}}]},"3":{"line":55,"type":"if","locations":[{"start":{"line":55,"column":12},"end":{"line":55,"column":12}},{"start":{"line":55,"column":12},"end":{"line":55,"column":12}}]}},"l":{"2":1,"7":1,"15":1,"17":1,"20":1,"23":1,"28":1,"30":0,"31":0,"32":0,"35":0,"36":0,"39":0,"41":0,"42":0,"45":0,"50":1,"51":0,"55":0,"56":0,"59":0}},
"/Users/igbopie/git/backend/dist/routes/page.js":{"path":"/Users/igbopie/git/backend/dist/routes/page.js","s":{"1":1,"2":1,"3":0,"4":0,"5":1,"6":0,"7":0,"8":1,"9":0,"10":0,"11":0,"12":1,"13":0,"14":0,"15":0},"b":{},"f":{"1":0,"2":0,"3":0,"4":0,"5":0,"6":0,"7":0},"fnMap":{"1":{"name":"(anonymous_1)","line":5,"loc":{"start":{"line":5,"column":15},"end":{"line":5,"column":35}}},"2":{"name":"(anonymous_2)","line":6,"loc":{"start":{"line":6,"column":33},"end":{"line":6,"column":53}}},"3":{"name":"(anonymous_3)","line":11,"loc":{"start":{"line":11,"column":15},"end":{"line":11,"column":35}}},"4":{"name":"(anonymous_4)","line":16,"loc":{"start":{"line":16,"column":17},"end":{"line":16,"column":37}}},"5":{"name":"(anonymous_5)","line":17,"loc":{"start":{"line":17,"column":33},"end":{"line":17,"column":53}}},"6":{"name":"(anonymous_6)","line":24,"loc":{"start":{"line":24,"column":17},"end":{"line":24,"column":37}}},"7":{"name":"(anonymous_7)","line":25,"loc":{"start":{"line":25,"column":33},"end":{"line":25,"column":53}}}},"statementMap":{"1":{"start":{"line":2,"column":0},"end":{"line":3,"column":44}},"2":{"start":{"line":5,"column":0},"end":{"line":9,"column":2}},"3":{"start":{"line":6,"column":4},"end":{"line":8,"column":7}},"4":{"start":{"line":7,"column":8},"end":{"line":7,"column":58}},"5":{"start":{"line":11,"column":0},"end":{"line":14,"column":2}},"6":{"start":{"line":12,"column":4},"end":{"line":12,"column":27}},"7":{"start":{"line":13,"column":4},"end":{"line":13,"column":59}},"8":{"start":{"line":16,"column":0},"end":{"line":22,"column":2}},"9":{"start":{"line":17,"column":4},"end":{"line":21,"column":7}},"10":{"start":{"line":18,"column":8},"end":{"line":19,"column":33}},"11":{"start":{"line":20,"column":8},"end":{"line":20,"column":71}},"12":{"start":{"line":24,"column":0},"end":{"line":31,"column":2}},"13":{"start":{"line":25,"column":4},"end":{"line":30,"column":7}},"14":{"start":{"line":26,"column":8},"end":{"line":28,"column":33}},"15":{"start":{"line":29,"column":8},"end":{"line":29,"column":75}}},"branchMap":{},"l":{"2":1,"5":1,"6":0,"7":0,"11":1,"12":0,"13":0,"16":1,"17":0,"18":0,"20":0,"24":1,"25":0,"26":0,"29":0}},
"/Users/igbopie/git/backend/dist/models/page.js":{"path":"/Users/igbopie/git/backend/dist/models/page.js","s":{"1":1,"2":1,"3":1,"4":1,"5":1,"6":0,"7":0,"8":0,"9":0,"10":0,"11":1,"12":0,"13":0,"14":0,"15":0,"16":0,"17":0,"18":0,"19":0,"20":0,"21":1,"22":0,"23":0,"24":0,"25":0,"26":0,"27":0,"28":1,"29":0,"30":1},"b":{"1":[0,0],"2":[0,0],"3":[0,0],"4":[0,0]},"f":{"1":0,"2":0,"3":0,"4":0,"5":0,"6":0,"7":0,"8":0},"fnMap":{"1":{"name":"(anonymous_1)","line":18,"loc":{"start":{"line":18,"column":21},"end":{"line":18,"column":52}}},"2":{"name":"(anonymous_2)","line":22,"loc":{"start":{"line":22,"column":14},"end":{"line":22,"column":29}}},"3":{"name":"(anonymous_3)","line":27,"loc":{"start":{"line":27,"column":21},"end":{"line":27,"column":56}}},"4":{"name":"(anonymous_4)","line":28,"loc":{"start":{"line":28,"column":28},"end":{"line":28,"column":49}}},"5":{"name":"(anonymous_5)","line":39,"loc":{"start":{"line":39,"column":18},"end":{"line":39,"column":33}}},"6":{"name":"(anonymous_6)","line":45,"loc":{"start":{"line":45,"column":19},"end":{"line":45,"column":44}}},"7":{"name":"(anonymous_7)","line":46,"loc":{"start":{"line":46,"column":29},"end":{"line":46,"column":50}}},"8":{"name":"(anonymous_8)","line":59,"loc":{"start":{"line":59,"column":19},"end":{"line":59,"column":39}}}},"statementMap":{"1":{"start":{"line":2,"column":0},"end":{"line":3,"column":29}},"2":{"start":{"line":6,"column":0},"end":{"line":11,"column":3}},"3":{"start":{"line":13,"column":0},"end":{"line":13,"column":46}},"4":{"start":{"line":16,"column":0},"end":{"line":16,"column":21}},"5":{"start":{"line":18,"column":0},"end":{"line":25,"column":2}},"6":{"start":{"line":19,"column":4},"end":{"line":19,"column":26}},"7":{"start":{"line":20,"column":4},"end":{"line":20,"column":19}},"8":{"start":{"line":21,"column":4},"end":{"line":21,"column":21}},"9":{"start":{"line":22,"column":4},"end":{"line":24,"column":7}},"10":{"start":{"line":23,"column":8},"end":{"line":23,"column":32}},"11":{"start":{"line":27,"column":0},"end":{"line":43,"column":2}},"12":{"start":{"line":28,"column":4},"end":{"line":42,"column":7}},"13":{"start":{"line":29,"column":8},"end":{"line":31,"column":9}},"14":{"start":{"line":30,"column":12},"end":{"line":30,"column":33}},"15":{"start":{"line":33,"column":8},"end":{"line":35,"column":9}},"16":{"start":{"line":34,"column":12},"end":{"line":34,"column":41}},"17":{"start":{"line":37,"column":8},"end":{"line":37,"column":23}},"18":{"start":{"line":38,"column":8},"end":{"line":38,"column":25}},"19":{"start":{"line":39,"column":8},"end":{"line":41,"column":11}},"20":{"start":{"line":40,"column":12},"end":{"line":40,"column":36}},"21":{"start":{"line":45,"column":0},"end":{"line":57,"column":2}},"22":{"start":{"line":46,"column":4},"end":{"line":56,"column":7}},"23":{"start":{"line":48,"column":8},"end":{"line":50,"column":9}},"24":{"start":{"line":49,"column":12},"end":{"line":49,"column":33}},"25":{"start":{"line":52,"column":8},"end":{"line":54,"column":9}},"26":{"start":{"line":53,"column":12},"end":{"line":53,"column":30}},"27":{"start":{"line":55,"column":8},"end":{"line":55,"column":28}},"28":{"start":{"line":59,"column":0},"end":{"line":61,"column":2}},"29":{"start":{"line":60,"column":4},"end":{"line":60,"column":52}},"30":{"start":{"line":64,"column":0},"end":{"line":66,"column":2}}},"branchMap":{"1":{"line":29,"type":"if","locations":[{"start":{"line":29,"column":8},"end":{"line":29,"column":8}},{"start":{"line":29,"column":8},"end":{"line":29,"column":8}}]},"2":{"line":33,"type":"if","locations":[{"start":{"line":33,"column":8},"end":{"line":33,"column":8}},{"start":{"line":33,"column":8},"end":{"line":33,"column":8}}]},"3":{"line":48,"type":"if","locations":[{"start":{"line":48,"column":8},"end":{"line":48,"column":8}},{"start":{"line":48,"column":8},"end":{"line":48,"column":8}}]},"4":{"line":52,"type":"if","locations":[{"start":{"line":52,"column":8},"end":{"line":52,"column":8}},{"start":{"line":52,"column":8},"end":{"line":52,"column":8}}]}},"l":{"2":1,"6":1,"13":1,"16":1,"18":1,"19":0,"20":0,"21":0,"22":0,"23":0,"27":1,"28":0,"29":0,"30":0,"33":0,"34":0,"37":0,"38":0,"39":0,"40":0,"45":1,"46":0,"48":0,"49":0,"52":0,"53":0,"55":0,"59":1,"60":0,"64":1}}}
