{
"/Users/igbopie/git/backend/dist/app.js":{"path":"/Users/igbopie/git/backend/dist/app.js","s":{"1":1,"2":1,"3":1,"4":1,"5":0,"6":1,"7":0,"8":1,"9":1,"10":1,"11":1,"12":1,"13":1,"14":1,"15":1,"16":1,"17":1,"18":1,"19":1,"20":1,"21":1,"22":1,"23":1,"24":1,"25":1,"26":1,"27":1,"28":1,"29":1,"30":1,"31":1,"32":1,"33":1,"34":1,"35":1,"36":1,"37":1,"38":1,"39":1,"40":1,"41":1,"42":1,"43":1,"44":1,"45":1,"46":1,"47":1,"48":1,"49":1,"50":1,"51":1,"52":1,"53":1,"54":1,"55":1,"56":1,"57":1,"58":1,"59":1,"60":1,"61":1,"62":1,"63":1,"64":1,"65":1,"66":1,"67":1,"68":1,"69":1,"70":1,"71":1,"72":1,"73":1,"74":1,"75":1,"76":1,"77":1,"78":1,"79":0,"80":0},"b":{"1":[0,1],"2":[0,1],"3":[1,0],"4":[1,1,1,1],"5":[1,1,1],"6":[1,1],"7":[1,0],"8":[1,0]},"f":{"1":1,"2":1,"3":0},"fnMap":{"1":{"name":"(anonymous_1)","line":133,"loc":{"start":{"line":133,"column":16},"end":{"line":133,"column":36}}},"2":{"name":"(anonymous_2)","line":134,"loc":{"start":{"line":134,"column":44},"end":{"line":134,"column":56}}},"3":{"name":"(anonymous_3)","line":142,"loc":{"start":{"line":142,"column":15},"end":{"line":142,"column":27}}}},"statementMap":{"1":{"start":{"line":23,"column":0},"end":{"line":23,"column":32}},"2":{"start":{"line":24,"column":0},"end":{"line":24,"column":27}},"3":{"start":{"line":26,"column":0},"end":{"line":26,"column":43}},"4":{"start":{"line":27,"column":0},"end":{"line":33,"column":1}},"5":{"start":{"line":28,"column":4},"end":{"line":28,"column":35}},"6":{"start":{"line":29,"column":7},"end":{"line":33,"column":1}},"7":{"start":{"line":30,"column":4},"end":{"line":30,"column":34}},"8":{"start":{"line":32,"column":4},"end":{"line":32,"column":41}},"9":{"start":{"line":43,"column":0},"end":{"line":45,"column":1}},"10":{"start":{"line":44,"column":4},"end":{"line":44,"column":49}},"11":{"start":{"line":47,"column":0},"end":{"line":47,"column":40}},"12":{"start":{"line":52,"column":0},"end":{"line":52,"column":33}},"13":{"start":{"line":53,"column":0},"end":{"line":53,"column":27}},"14":{"start":{"line":54,"column":0},"end":{"line":54,"column":27}},"15":{"start":{"line":55,"column":0},"end":{"line":55,"column":35}},"16":{"start":{"line":56,"column":0},"end":{"line":56,"column":20}},"17":{"start":{"line":59,"column":0},"end":{"line":59,"column":45}},"18":{"start":{"line":60,"column":0},"end":{"line":60,"column":43}},"19":{"start":{"line":61,"column":0},"end":{"line":61,"column":51}},"20":{"start":{"line":62,"column":0},"end":{"line":62,"column":59}},"21":{"start":{"line":63,"column":0},"end":{"line":63,"column":49}},"22":{"start":{"line":64,"column":0},"end":{"line":64,"column":43}},"23":{"start":{"line":65,"column":0},"end":{"line":65,"column":43}},"24":{"start":{"line":66,"column":0},"end":{"line":66,"column":59}},"25":{"start":{"line":67,"column":0},"end":{"line":67,"column":49}},"26":{"start":{"line":68,"column":0},"end":{"line":68,"column":40}},"27":{"start":{"line":71,"column":0},"end":{"line":71,"column":99}},"28":{"start":{"line":74,"column":0},"end":{"line":74,"column":42}},"29":{"start":{"line":75,"column":0},"end":{"line":75,"column":48}},"30":{"start":{"line":76,"column":0},"end":{"line":76,"column":31}},"31":{"start":{"line":77,"column":0},"end":{"line":77,"column":27}},"32":{"start":{"line":78,"column":0},"end":{"line":78,"column":30}},"33":{"start":{"line":79,"column":0},"end":{"line":79,"column":28}},"34":{"start":{"line":80,"column":0},"end":{"line":80,"column":31}},"35":{"start":{"line":81,"column":0},"end":{"line":81,"column":24}},"36":{"start":{"line":82,"column":0},"end":{"line":82,"column":30}},"37":{"start":{"line":83,"column":0},"end":{"line":83,"column":34}},"38":{"start":{"line":84,"column":0},"end":{"line":84,"column":20}},"39":{"start":{"line":85,"column":0},"end":{"line":85,"column":56}},"40":{"start":{"line":88,"column":0},"end":{"line":90,"column":1}},"41":{"start":{"line":89,"column":4},"end":{"line":89,"column":36}},"42":{"start":{"line":92,"column":0},"end":{"line":92,"column":42}},"43":{"start":{"line":95,"column":0},"end":{"line":95,"column":42}},"44":{"start":{"line":96,"column":0},"end":{"line":96,"column":52}},"45":{"start":{"line":97,"column":0},"end":{"line":97,"column":58}},"46":{"start":{"line":98,"column":0},"end":{"line":98,"column":52}},"47":{"start":{"line":99,"column":0},"end":{"line":99,"column":58}},"48":{"start":{"line":100,"column":0},"end":{"line":100,"column":52}},"49":{"start":{"line":102,"column":0},"end":{"line":102,"column":50}},"50":{"start":{"line":103,"column":0},"end":{"line":103,"column":46}},"51":{"start":{"line":104,"column":0},"end":{"line":104,"column":48}},"52":{"start":{"line":105,"column":0},"end":{"line":105,"column":50}},"53":{"start":{"line":106,"column":0},"end":{"line":106,"column":52}},"54":{"start":{"line":107,"column":0},"end":{"line":107,"column":54}},"55":{"start":{"line":108,"column":0},"end":{"line":108,"column":46}},"56":{"start":{"line":109,"column":0},"end":{"line":109,"column":56}},"57":{"start":{"line":110,"column":0},"end":{"line":110,"column":56}},"58":{"start":{"line":111,"column":0},"end":{"line":111,"column":42}},"59":{"start":{"line":112,"column":0},"end":{"line":112,"column":46}},"60":{"start":{"line":114,"column":0},"end":{"line":114,"column":53}},"61":{"start":{"line":115,"column":0},"end":{"line":115,"column":54}},"62":{"start":{"line":117,"column":0},"end":{"line":117,"column":48}},"63":{"start":{"line":118,"column":0},"end":{"line":118,"column":44}},"64":{"start":{"line":120,"column":0},"end":{"line":120,"column":34}},"65":{"start":{"line":121,"column":0},"end":{"line":121,"column":38}},"66":{"start":{"line":122,"column":0},"end":{"line":122,"column":40}},"67":{"start":{"line":124,"column":0},"end":{"line":124,"column":54}},"68":{"start":{"line":125,"column":0},"end":{"line":125,"column":72}},"69":{"start":{"line":127,"column":0},"end":{"line":127,"column":44}},"70":{"start":{"line":128,"column":0},"end":{"line":128,"column":48}},"71":{"start":{"line":131,"column":0},"end":{"line":131,"column":36}},"72":{"start":{"line":132,"column":0},"end":{"line":132,"column":11}},"73":{"start":{"line":133,"column":0},"end":{"line":140,"column":2}},"74":{"start":{"line":134,"column":4},"end":{"line":139,"column":7}},"75":{"start":{"line":135,"column":8},"end":{"line":135,"column":75}},"76":{"start":{"line":136,"column":8},"end":{"line":138,"column":9}},"77":{"start":{"line":137,"column":12},"end":{"line":137,"column":23}},"78":{"start":{"line":142,"column":0},"end":{"line":145,"column":2}},"79":{"start":{"line":143,"column":4},"end":{"line":143,"column":19}},"80":{"start":{"line":144,"column":4},"end":{"line":144,"column":16}}},"branchMap":{"1":{"line":27,"type":"if","locations":[{"start":{"line":27,"column":0},"end":{"line":27,"column":0}},{"start":{"line":27,"column":0},"end":{"line":27,"column":0}}]},"2":{"line":29,"type":"if","locations":[{"start":{"line":29,"column":7},"end":{"line":29,"column":7}},{"start":{"line":29,"column":7},"end":{"line":29,"column":7}}]},"3":{"line":43,"type":"if","locations":[{"start":{"line":43,"column":0},"end":{"line":43,"column":0}},{"start":{"line":43,"column":0},"end":{"line":43,"column":0}}]},"4":{"line":43,"type":"binary-expr","locations":[{"start":{"line":43,"column":4},"end":{"line":43,"column":31}},{"start":{"line":43,"column":35},"end":{"line":43,"column":59}},{"start":{"line":43,"column":63},"end":{"line":43,"column":88}},{"start":{"line":43,"column":92},"end":{"line":43,"column":126}}]},"5":{"line":71,"type":"binary-expr","locations":[{"start":{"line":71,"column":17},"end":{"line":71,"column":41}},{"start":{"line":71,"column":45},"end":{"line":71,"column":68}},{"start":{"line":71,"column":72},"end":{"line":71,"column":97}}]},"6":{"line":74,"type":"binary-expr","locations":[{"start":{"line":74,"column":16},"end":{"line":74,"column":32}},{"start":{"line":74,"column":36},"end":{"line":74,"column":40}}]},"7":{"line":88,"type":"if","locations":[{"start":{"line":88,"column":0},"end":{"line":88,"column":0}},{"start":{"line":88,"column":0},"end":{"line":88,"column":0}}]},"8":{"line":136,"type":"if","locations":[{"start":{"line":136,"column":8},"end":{"line":136,"column":8}},{"start":{"line":136,"column":8},"end":{"line":136,"column":8}}]}},"l":{"23":1,"24":1,"26":1,"27":1,"28":0,"29":1,"30":0,"32":1,"43":1,"44":1,"47":1,"52":1,"53":1,"54":1,"55":1,"56":1,"59":1,"60":1,"61":1,"62":1,"63":1,"64":1,"65":1,"66":1,"67":1,"68":1,"71":1,"74":1,"75":1,"76":1,"77":1,"78":1,"79":1,"80":1,"81":1,"82":1,"83":1,"84":1,"85":1,"88":1,"89":1,"92":1,"95":1,"96":1,"97":1,"98":1,"99":1,"100":1,"102":1,"103":1,"104":1,"105":1,"106":1,"107":1,"108":1,"109":1,"110":1,"111":1,"112":1,"114":1,"115":1,"117":1,"118":1,"120":1,"121":1,"122":1,"124":1,"125":1,"127":1,"128":1,"131":1,"132":1,"133":1,"134":1,"135":1,"136":1,"137":1,"142":1,"143":0,"144":0}},
"/Users/igbopie/git/backend/dist/routes/index.js":{"path":"/Users/igbopie/git/backend/dist/routes/index.js","s":{"1":1,"2":1,"3":1,"4":0,"5":1,"6":0},"b":{},"f":{"1":0,"2":0},"fnMap":{"1":{"name":"(anonymous_1)","line":10,"loc":{"start":{"line":10,"column":16},"end":{"line":10,"column":36}}},"2":{"name":"(anonymous_2)","line":15,"loc":{"start":{"line":15,"column":19},"end":{"line":15,"column":39}}}},"statementMap":{"1":{"start":{"line":2,"column":0},"end":{"line":2,"column":38}},"2":{"start":{"line":3,"column":0},"end":{"line":3,"column":33}},"3":{"start":{"line":10,"column":0},"end":{"line":12,"column":2}},"4":{"start":{"line":11,"column":4},"end":{"line":11,"column":44}},"5":{"start":{"line":15,"column":0},"end":{"line":17,"column":2}},"6":{"start":{"line":16,"column":4},"end":{"line":16,"column":49}}},"branchMap":{},"l":{"2":1,"3":1,"10":1,"11":0,"15":1,"16":0}},
"/Users/igbopie/git/backend/dist/routes/user.js":{"path":"/Users/igbopie/git/backend/dist/routes/user.js","s":{"1":1,"2":1,"3":71,"4":1,"5":0,"6":0,"7":1,"8":0,"9":0,"10":1,"11":0,"12":0,"13":1,"14":0,"15":0,"16":1,"17":0,"18":0},"b":{},"f":{"1":71,"2":0,"3":0,"4":0,"5":0,"6":0},"fnMap":{"1":{"name":"(anonymous_1)","line":5,"loc":{"start":{"line":5,"column":17},"end":{"line":5,"column":37}}},"2":{"name":"(anonymous_2)","line":9,"loc":{"start":{"line":9,"column":22},"end":{"line":9,"column":42}}},"3":{"name":"(anonymous_3)","line":15,"loc":{"start":{"line":15,"column":25},"end":{"line":15,"column":45}}},"4":{"name":"(anonymous_4)","line":20,"loc":{"start":{"line":20,"column":22},"end":{"line":20,"column":42}}},"5":{"name":"(anonymous_5)","line":26,"loc":{"start":{"line":26,"column":25},"end":{"line":26,"column":45}}},"6":{"name":"(anonymous_6)","line":31,"loc":{"start":{"line":31,"column":25},"end":{"line":31,"column":45}}}},"statementMap":{"1":{"start":{"line":2,"column":0},"end":{"line":3,"column":44}},"2":{"start":{"line":5,"column":0},"end":{"line":7,"column":2}},"3":{"start":{"line":6,"column":4},"end":{"line":6,"column":56}},"4":{"start":{"line":9,"column":0},"end":{"line":13,"column":2}},"5":{"start":{"line":10,"column":4},"end":{"line":11,"column":37}},"6":{"start":{"line":12,"column":4},"end":{"line":12,"column":79}},"7":{"start":{"line":15,"column":0},"end":{"line":18,"column":2}},"8":{"start":{"line":16,"column":4},"end":{"line":16,"column":33}},"9":{"start":{"line":17,"column":4},"end":{"line":17,"column":72}},"10":{"start":{"line":20,"column":0},"end":{"line":24,"column":2}},"11":{"start":{"line":21,"column":4},"end":{"line":22,"column":37}},"12":{"start":{"line":23,"column":4},"end":{"line":23,"column":79}},"13":{"start":{"line":26,"column":0},"end":{"line":29,"column":2}},"14":{"start":{"line":27,"column":4},"end":{"line":27,"column":33}},"15":{"start":{"line":28,"column":4},"end":{"line":28,"column":72}},"16":{"start":{"line":31,"column":0},"end":{"line":36,"column":2}},"17":{"start":{"line":32,"column":4},"end":{"line":34,"column":39}},"18":{"start":{"line":35,"column":4},"end":{"line":35,"column":93}}},"branchMap":{},"l":{"2":1,"5":1,"6":71,"9":1,"10":0,"12":0,"15":1,"16":0,"17":0,"20":1,"21":0,"23":0,"26":1,"27":0,"28":0,"31":1,"32":0,"35":0}},
"/Users/igbopie/git/backend/dist/models/user.js":{"path":"/Users/igbopie/git/backend/dist/models/user.js","s":{"1":1,"2":1,"3":1,"4":1,"5":1,"6":1,"7":71,"8":71,"9":71,"10":1,"11":58,"12":1,"13":13,"14":1,"15":0,"16":0,"17":0,"18":0,"19":0,"20":0,"21":0,"22":0,"23":0,"24":0,"25":0,"26":0,"27":1,"28":0,"29":0,"30":0,"31":0,"32":0,"33":0,"34":0,"35":0,"36":0,"37":1,"38":0,"39":0,"40":0,"41":0,"42":0,"43":0,"44":0,"45":0,"46":0,"47":1,"48":0,"49":0,"50":0,"51":0,"52":0,"53":0,"54":0,"55":0,"56":0,"57":1,"58":0,"59":0,"60":0,"61":0,"62":0,"63":0,"64":0,"65":0,"66":0,"67":0,"68":1,"69":0,"70":0,"71":0,"72":0,"73":0,"74":0,"75":0,"76":0,"77":0,"78":1},"b":{"1":[0,0],"2":[0,0],"3":[0,0],"4":[0,0],"5":[0,0],"6":[0,0],"7":[0,0],"8":[0,0],"9":[0,0],"10":[0,0],"11":[0,0],"12":[0,0],"13":[0,0],"14":[0,0],"15":[0,0,0,0]},"f":{"1":71,"2":71,"3":58,"4":13,"5":0,"6":0,"7":0,"8":0,"9":0,"10":0,"11":0,"12":0,"13":0,"14":0,"15":0,"16":0,"17":0,"18":0,"19":0,"20":0,"21":0,"22":0},"fnMap":{"1":{"name":"(anonymous_1)","line":27,"loc":{"start":{"line":27,"column":17},"end":{"line":27,"column":37}}},"2":{"name":"(anonymous_2)","line":29,"loc":{"start":{"line":29,"column":14},"end":{"line":29,"column":29}}},"3":{"name":"(anonymous_3)","line":34,"loc":{"start":{"line":34,"column":19},"end":{"line":34,"column":43}}},"4":{"name":"(anonymous_4)","line":38,"loc":{"start":{"line":38,"column":18},"end":{"line":38,"column":38}}},"5":{"name":"(anonymous_5)","line":42,"loc":{"start":{"line":42,"column":22},"end":{"line":42,"column":60}}},"6":{"name":"(anonymous_6)","line":43,"loc":{"start":{"line":43,"column":55},"end":{"line":43,"column":70}}},"7":{"name":"(anonymous_7)","line":48,"loc":{"start":{"line":48,"column":30},"end":{"line":48,"column":51}}},"8":{"name":"(anonymous_8)","line":54,"loc":{"start":{"line":54,"column":22},"end":{"line":54,"column":37}}},"9":{"name":"(anonymous_9)","line":65,"loc":{"start":{"line":65,"column":25},"end":{"line":65,"column":53}}},"10":{"name":"(anonymous_10)","line":66,"loc":{"start":{"line":66,"column":26},"end":{"line":66,"column":47}}},"11":{"name":"(anonymous_11)","line":73,"loc":{"start":{"line":73,"column":18},"end":{"line":73,"column":33}}},"12":{"name":"(anonymous_12)","line":83,"loc":{"start":{"line":83,"column":22},"end":{"line":83,"column":60}}},"13":{"name":"(anonymous_13)","line":84,"loc":{"start":{"line":84,"column":26},"end":{"line":84,"column":47}}},"14":{"name":"(anonymous_14)","line":91,"loc":{"start":{"line":91,"column":18},"end":{"line":91,"column":33}}},"15":{"name":"(anonymous_15)","line":101,"loc":{"start":{"line":101,"column":25},"end":{"line":101,"column":53}}},"16":{"name":"(anonymous_16)","line":102,"loc":{"start":{"line":102,"column":26},"end":{"line":102,"column":47}}},"17":{"name":"(anonymous_17)","line":109,"loc":{"start":{"line":109,"column":18},"end":{"line":109,"column":33}}},"18":{"name":"(anonymous_18)","line":119,"loc":{"start":{"line":119,"column":25},"end":{"line":119,"column":66}}},"19":{"name":"(anonymous_19)","line":121,"loc":{"start":{"line":121,"column":14},"end":{"line":121,"column":36}}},"20":{"name":"(anonymous_20)","line":125,"loc":{"start":{"line":125,"column":34},"end":{"line":125,"column":56}}},"21":{"name":"(anonymous_21)","line":142,"loc":{"start":{"line":142,"column":25},"end":{"line":142,"column":74}}},"22":{"name":"(anonymous_22)","line":143,"loc":{"start":{"line":143,"column":29},"end":{"line":143,"column":50}}}},"statementMap":{"1":{"start":{"line":2,"column":0},"end":{"line":7,"column":26}},"2":{"start":{"line":10,"column":0},"end":{"line":18,"column":3}},"3":{"start":{"line":20,"column":0},"end":{"line":20,"column":32}},"4":{"start":{"line":22,"column":0},"end":{"line":22,"column":46}},"5":{"start":{"line":25,"column":0},"end":{"line":25,"column":17}},"6":{"start":{"line":27,"column":0},"end":{"line":32,"column":2}},"7":{"start":{"line":28,"column":4},"end":{"line":28,"column":26}},"8":{"start":{"line":29,"column":4},"end":{"line":31,"column":7}},"9":{"start":{"line":30,"column":8},"end":{"line":30,"column":32}},"10":{"start":{"line":34,"column":0},"end":{"line":36,"column":2}},"11":{"start":{"line":35,"column":4},"end":{"line":35,"column":38}},"12":{"start":{"line":38,"column":0},"end":{"line":40,"column":2}},"13":{"start":{"line":39,"column":4},"end":{"line":39,"column":28}},"14":{"start":{"line":42,"column":0},"end":{"line":63,"column":2}},"15":{"start":{"line":43,"column":4},"end":{"line":62,"column":7}},"16":{"start":{"line":44,"column":8},"end":{"line":46,"column":9}},"17":{"start":{"line":45,"column":12},"end":{"line":45,"column":33}},"18":{"start":{"line":48,"column":8},"end":{"line":61,"column":11}},"19":{"start":{"line":49,"column":12},"end":{"line":51,"column":13}},"20":{"start":{"line":50,"column":16},"end":{"line":50,"column":37}},"21":{"start":{"line":52,"column":12},"end":{"line":52,"column":37}},"22":{"start":{"line":53,"column":12},"end":{"line":53,"column":47}},"23":{"start":{"line":54,"column":12},"end":{"line":60,"column":15}},"24":{"start":{"line":55,"column":16},"end":{"line":57,"column":17}},"25":{"start":{"line":56,"column":20},"end":{"line":56,"column":41}},"26":{"start":{"line":59,"column":16},"end":{"line":59,"column":27}},"27":{"start":{"line":65,"column":0},"end":{"line":81,"column":2}},"28":{"start":{"line":66,"column":4},"end":{"line":80,"column":7}},"29":{"start":{"line":67,"column":8},"end":{"line":69,"column":9}},"30":{"start":{"line":68,"column":12},"end":{"line":68,"column":33}},"31":{"start":{"line":71,"column":8},"end":{"line":71,"column":34}},"32":{"start":{"line":72,"column":8},"end":{"line":72,"column":42}},"33":{"start":{"line":73,"column":8},"end":{"line":79,"column":11}},"34":{"start":{"line":74,"column":12},"end":{"line":76,"column":13}},"35":{"start":{"line":75,"column":16},"end":{"line":75,"column":37}},"36":{"start":{"line":78,"column":12},"end":{"line":78,"column":23}},"37":{"start":{"line":83,"column":0},"end":{"line":99,"column":2}},"38":{"start":{"line":84,"column":4},"end":{"line":98,"column":7}},"39":{"start":{"line":85,"column":8},"end":{"line":87,"column":9}},"40":{"start":{"line":86,"column":12},"end":{"line":86,"column":33}},"41":{"start":{"line":89,"column":8},"end":{"line":89,"column":33}},"42":{"start":{"line":90,"column":8},"end":{"line":90,"column":43}},"43":{"start":{"line":91,"column":8},"end":{"line":97,"column":11}},"44":{"start":{"line":92,"column":12},"end":{"line":94,"column":13}},"45":{"start":{"line":93,"column":16},"end":{"line":93,"column":37}},"46":{"start":{"line":96,"column":12},"end":{"line":96,"column":23}},"47":{"start":{"line":101,"column":0},"end":{"line":117,"column":2}},"48":{"start":{"line":102,"column":4},"end":{"line":116,"column":7}},"49":{"start":{"line":103,"column":8},"end":{"line":105,"column":9}},"50":{"start":{"line":104,"column":12},"end":{"line":104,"column":33}},"51":{"start":{"line":107,"column":8},"end":{"line":107,"column":34}},"52":{"start":{"line":108,"column":8},"end":{"line":108,"column":42}},"53":{"start":{"line":109,"column":8},"end":{"line":115,"column":11}},"54":{"start":{"line":110,"column":12},"end":{"line":112,"column":13}},"55":{"start":{"line":111,"column":16},"end":{"line":111,"column":37}},"56":{"start":{"line":114,"column":12},"end":{"line":114,"column":23}},"57":{"start":{"line":119,"column":0},"end":{"line":140,"column":2}},"58":{"start":{"line":120,"column":4},"end":{"line":139,"column":11}},"59":{"start":{"line":122,"column":12},"end":{"line":138,"column":13}},"60":{"start":{"line":123,"column":16},"end":{"line":123,"column":30}},"61":{"start":{"line":125,"column":16},"end":{"line":137,"column":29}},"62":{"start":{"line":126,"column":20},"end":{"line":126,"column":62}},"63":{"start":{"line":129,"column":20},"end":{"line":136,"column":21}},"64":{"start":{"line":130,"column":24},"end":{"line":130,"column":45}},"65":{"start":{"line":131,"column":24},"end":{"line":131,"column":53}},"66":{"start":{"line":132,"column":24},"end":{"line":132,"column":40}},"67":{"start":{"line":135,"column":24},"end":{"line":135,"column":31}},"68":{"start":{"line":142,"column":0},"end":{"line":158,"column":2}},"69":{"start":{"line":143,"column":4},"end":{"line":157,"column":7}},"70":{"start":{"line":144,"column":8},"end":{"line":146,"column":9}},"71":{"start":{"line":145,"column":12},"end":{"line":145,"column":33}},"72":{"start":{"line":147,"column":8},"end":{"line":155,"column":9}},"73":{"start":{"line":151,"column":12},"end":{"line":151,"column":35}},"74":{"start":{"line":152,"column":12},"end":{"line":152,"column":58}},"75":{"start":{"line":153,"column":12},"end":{"line":153,"column":56}},"76":{"start":{"line":154,"column":12},"end":{"line":154,"column":42}},"77":{"start":{"line":156,"column":8},"end":{"line":156,"column":28}},"78":{"start":{"line":161,"column":0},"end":{"line":163,"column":2}}},"branchMap":{"1":{"line":44,"type":"if","locations":[{"start":{"line":44,"column":8},"end":{"line":44,"column":8}},{"start":{"line":44,"column":8},"end":{"line":44,"column":8}}]},"2":{"line":49,"type":"if","locations":[{"start":{"line":49,"column":12},"end":{"line":49,"column":12}},{"start":{"line":49,"column":12},"end":{"line":49,"column":12}}]},"3":{"line":55,"type":"if","locations":[{"start":{"line":55,"column":16},"end":{"line":55,"column":16}},{"start":{"line":55,"column":16},"end":{"line":55,"column":16}}]},"4":{"line":67,"type":"if","locations":[{"start":{"line":67,"column":8},"end":{"line":67,"column":8}},{"start":{"line":67,"column":8},"end":{"line":67,"column":8}}]},"5":{"line":74,"type":"if","locations":[{"start":{"line":74,"column":12},"end":{"line":74,"column":12}},{"start":{"line":74,"column":12},"end":{"line":74,"column":12}}]},"6":{"line":85,"type":"if","locations":[{"start":{"line":85,"column":8},"end":{"line":85,"column":8}},{"start":{"line":85,"column":8},"end":{"line":85,"column":8}}]},"7":{"line":92,"type":"if","locations":[{"start":{"line":92,"column":12},"end":{"line":92,"column":12}},{"start":{"line":92,"column":12},"end":{"line":92,"column":12}}]},"8":{"line":103,"type":"if","locations":[{"start":{"line":103,"column":8},"end":{"line":103,"column":8}},{"start":{"line":103,"column":8},"end":{"line":103,"column":8}}]},"9":{"line":110,"type":"if","locations":[{"start":{"line":110,"column":12},"end":{"line":110,"column":12}},{"start":{"line":110,"column":12},"end":{"line":110,"column":12}}]},"10":{"line":122,"type":"if","locations":[{"start":{"line":122,"column":12},"end":{"line":122,"column":12}},{"start":{"line":122,"column":12},"end":{"line":122,"column":12}}]},"11":{"line":129,"type":"if","locations":[{"start":{"line":129,"column":20},"end":{"line":129,"column":20}},{"start":{"line":129,"column":20},"end":{"line":129,"column":20}}]},"12":{"line":129,"type":"binary-expr","locations":[{"start":{"line":129,"column":24},"end":{"line":129,"column":51}},{"start":{"line":129,"column":55},"end":{"line":129,"column":60}}]},"13":{"line":144,"type":"if","locations":[{"start":{"line":144,"column":8},"end":{"line":144,"column":8}},{"start":{"line":144,"column":8},"end":{"line":144,"column":8}}]},"14":{"line":147,"type":"if","locations":[{"start":{"line":147,"column":8},"end":{"line":147,"column":8}},{"start":{"line":147,"column":8},"end":{"line":147,"column":8}}]},"15":{"line":147,"type":"binary-expr","locations":[{"start":{"line":147,"column":12},"end":{"line":147,"column":34}},{"start":{"line":148,"column":16},"end":{"line":148,"column":33}},{"start":{"line":149,"column":16},"end":{"line":149,"column":39}},{"start":{"line":150,"column":16},"end":{"line":150,"column":34}}]}},"l":{"2":1,"10":1,"20":1,"22":1,"25":1,"27":1,"28":71,"29":71,"30":71,"34":1,"35":58,"38":1,"39":13,"42":1,"43":0,"44":0,"45":0,"48":0,"49":0,"50":0,"52":0,"53":0,"54":0,"55":0,"56":0,"59":0,"65":1,"66":0,"67":0,"68":0,"71":0,"72":0,"73":0,"74":0,"75":0,"78":0,"83":1,"84":0,"85":0,"86":0,"89":0,"90":0,"91":0,"92":0,"93":0,"96":0,"101":1,"102":0,"103":0,"104":0,"107":0,"108":0,"109":0,"110":0,"111":0,"114":0,"119":1,"120":0,"122":0,"123":0,"125":0,"126":0,"129":0,"130":0,"131":0,"132":0,"135":0,"142":1,"143":0,"144":0,"145":0,"147":0,"151":0,"152":0,"153":0,"154":0,"156":0,"161":1}},
"/Users/igbopie/git/backend/dist/utils/apiutils.js":{"path":"/Users/igbopie/git/backend/dist/utils/apiutils.js","s":{"1":1,"2":1,"3":137,"4":137,"5":137,"6":1,"7":1,"8":1,"9":1,"10":1,"11":1,"12":1,"13":1,"14":1,"15":1,"16":1,"17":1,"18":1,"19":1,"20":1,"21":1,"22":0,"23":0,"24":0,"25":0,"26":0,"27":0,"28":0,"29":0,"30":0,"31":0,"32":0,"33":0,"34":0,"35":0,"36":0,"37":1,"38":137,"39":0,"40":0,"41":137,"42":1,"43":137,"44":137,"45":0,"46":137,"47":1,"48":2,"49":2,"50":0,"51":2,"52":1,"53":19,"54":19,"55":19,"56":19,"57":19,"58":19,"59":19,"60":19,"61":0,"62":19,"63":1,"64":0,"65":0,"66":0,"67":0,"68":0,"69":0,"70":0,"71":0,"72":0,"73":0,"74":0,"75":1},"b":{"1":[0,0],"2":[0,0],"3":[0,0],"4":[0,137],"5":[0,137],"6":[0,2],"7":[19,0],"8":[19,0],"9":[0,19],"10":[0,0],"11":[0,0],"12":[0,0],"13":[0,0],"14":[0,0]},"f":{"1":137,"2":0,"3":137,"4":137,"5":137,"6":2,"7":2,"8":19,"9":0,"10":0},"fnMap":{"1":{"name":"(anonymous_1)","line":4,"loc":{"start":{"line":4,"column":18},"end":{"line":4,"column":59}}},"2":{"name":"(anonymous_2)","line":33,"loc":{"start":{"line":33,"column":16},"end":{"line":33,"column":32}}},"3":{"name":"(anonymous_3)","line":62,"loc":{"start":{"line":62,"column":15},"end":{"line":62,"column":66}}},"4":{"name":"(anonymous_4)","line":71,"loc":{"start":{"line":71,"column":24},"end":{"line":71,"column":44}}},"5":{"name":"(anonymous_5)","line":72,"loc":{"start":{"line":72,"column":11},"end":{"line":72,"column":35}}},"6":{"name":"(anonymous_6)","line":81,"loc":{"start":{"line":81,"column":23},"end":{"line":81,"column":53}}},"7":{"name":"(anonymous_7)","line":82,"loc":{"start":{"line":82,"column":11},"end":{"line":82,"column":35}}},"8":{"name":"(anonymous_8)","line":91,"loc":{"start":{"line":91,"column":31},"end":{"line":91,"column":46}}},"9":{"name":"(anonymous_9)","line":109,"loc":{"start":{"line":109,"column":16},"end":{"line":109,"column":46}}},"10":{"name":"(anonymous_10)","line":119,"loc":{"start":{"line":119,"column":43},"end":{"line":119,"column":64}}}},"statementMap":{"1":{"start":{"line":2,"column":0},"end":{"line":2,"column":52}},"2":{"start":{"line":4,"column":0},"end":{"line":8,"column":2}},"3":{"start":{"line":5,"column":4},"end":{"line":5,"column":21}},"4":{"start":{"line":6,"column":4},"end":{"line":6,"column":27}},"5":{"start":{"line":7,"column":4},"end":{"line":7,"column":35}},"6":{"start":{"line":11,"column":0},"end":{"line":11,"column":18}},"7":{"start":{"line":13,"column":0},"end":{"line":13,"column":18}},"8":{"start":{"line":14,"column":0},"end":{"line":14,"column":26}},"9":{"start":{"line":15,"column":0},"end":{"line":15,"column":27}},"10":{"start":{"line":16,"column":0},"end":{"line":16,"column":25}},"11":{"start":{"line":19,"column":0},"end":{"line":19,"column":40}},"12":{"start":{"line":20,"column":0},"end":{"line":20,"column":41}},"13":{"start":{"line":21,"column":0},"end":{"line":21,"column":36}},"14":{"start":{"line":22,"column":0},"end":{"line":22,"column":35}},"15":{"start":{"line":23,"column":0},"end":{"line":23,"column":44}},"16":{"start":{"line":24,"column":0},"end":{"line":24,"column":46}},"17":{"start":{"line":25,"column":0},"end":{"line":25,"column":43}},"18":{"start":{"line":26,"column":0},"end":{"line":26,"column":39}},"19":{"start":{"line":30,"column":0},"end":{"line":30,"column":37}},"20":{"start":{"line":31,"column":0},"end":{"line":31,"column":38}},"21":{"start":{"line":33,"column":0},"end":{"line":58,"column":2}},"22":{"start":{"line":34,"column":4},"end":{"line":36,"column":5}},"23":{"start":{"line":35,"column":8},"end":{"line":35,"column":15}},"24":{"start":{"line":38,"column":4},"end":{"line":38,"column":52}},"25":{"start":{"line":40,"column":4},"end":{"line":40,"column":28}},"26":{"start":{"line":42,"column":4},"end":{"line":42,"column":29}},"27":{"start":{"line":43,"column":4},"end":{"line":49,"column":5}},"28":{"start":{"line":44,"column":8},"end":{"line":47,"column":9}},"29":{"start":{"line":45,"column":12},"end":{"line":45,"column":39}},"30":{"start":{"line":46,"column":12},"end":{"line":46,"column":71}},"31":{"start":{"line":48,"column":8},"end":{"line":48,"column":22}},"32":{"start":{"line":51,"column":4},"end":{"line":51,"column":62}},"33":{"start":{"line":52,"column":4},"end":{"line":52,"column":33}},"34":{"start":{"line":54,"column":4},"end":{"line":54,"column":47}},"35":{"start":{"line":55,"column":4},"end":{"line":55,"column":48}},"36":{"start":{"line":57,"column":4},"end":{"line":57,"column":18}},"37":{"start":{"line":62,"column":0},"end":{"line":68,"column":2}},"38":{"start":{"line":63,"column":4},"end":{"line":66,"column":5}},"39":{"start":{"line":64,"column":8},"end":{"line":64,"column":31}},"40":{"start":{"line":65,"column":8},"end":{"line":65,"column":40}},"41":{"start":{"line":67,"column":4},"end":{"line":67,"column":67}},"42":{"start":{"line":71,"column":0},"end":{"line":79,"column":2}},"43":{"start":{"line":72,"column":4},"end":{"line":78,"column":6}},"44":{"start":{"line":73,"column":8},"end":{"line":77,"column":9}},"45":{"start":{"line":74,"column":12},"end":{"line":74,"column":78}},"46":{"start":{"line":76,"column":12},"end":{"line":76,"column":63}},"47":{"start":{"line":81,"column":0},"end":{"line":89,"column":2}},"48":{"start":{"line":82,"column":4},"end":{"line":88,"column":6}},"49":{"start":{"line":83,"column":8},"end":{"line":87,"column":9}},"50":{"start":{"line":84,"column":12},"end":{"line":84,"column":78}},"51":{"start":{"line":86,"column":12},"end":{"line":86,"column":30}},"52":{"start":{"line":91,"column":0},"end":{"line":107,"column":2}},"53":{"start":{"line":92,"column":4},"end":{"line":92,"column":24}},"54":{"start":{"line":93,"column":4},"end":{"line":93,"column":36}},"55":{"start":{"line":94,"column":4},"end":{"line":94,"column":44}},"56":{"start":{"line":96,"column":4},"end":{"line":98,"column":5}},"57":{"start":{"line":97,"column":8},"end":{"line":97,"column":28}},"58":{"start":{"line":100,"column":4},"end":{"line":102,"column":5}},"59":{"start":{"line":101,"column":8},"end":{"line":101,"column":33}},"60":{"start":{"line":103,"column":4},"end":{"line":105,"column":5}},"61":{"start":{"line":104,"column":8},"end":{"line":104,"column":33}},"62":{"start":{"line":106,"column":4},"end":{"line":106,"column":22}},"63":{"start":{"line":109,"column":0},"end":{"line":131,"column":2}},"64":{"start":{"line":110,"column":4},"end":{"line":111,"column":52}},"65":{"start":{"line":113,"column":4},"end":{"line":115,"column":5}},"66":{"start":{"line":114,"column":8},"end":{"line":114,"column":27}},"67":{"start":{"line":118,"column":4},"end":{"line":130,"column":5}},"68":{"start":{"line":119,"column":8},"end":{"line":127,"column":11}},"69":{"start":{"line":120,"column":12},"end":{"line":126,"column":13}},"70":{"start":{"line":121,"column":16},"end":{"line":121,"column":82}},"71":{"start":{"line":122,"column":19},"end":{"line":126,"column":13}},"72":{"start":{"line":123,"column":16},"end":{"line":123,"column":82}},"73":{"start":{"line":125,"column":16},"end":{"line":125,"column":31}},"74":{"start":{"line":129,"column":8},"end":{"line":129,"column":79}},"75":{"start":{"line":136,"column":0},"end":{"line":136,"column":26}}},"branchMap":{"1":{"line":34,"type":"if","locations":[{"start":{"line":34,"column":4},"end":{"line":34,"column":4}},{"start":{"line":34,"column":4},"end":{"line":34,"column":4}}]},"2":{"line":34,"type":"binary-expr","locations":[{"start":{"line":34,"column":8},"end":{"line":34,"column":13}},{"start":{"line":34,"column":17},"end":{"line":34,"column":41}}]},"3":{"line":43,"type":"if","locations":[{"start":{"line":43,"column":4},"end":{"line":43,"column":4}},{"start":{"line":43,"column":4},"end":{"line":43,"column":4}}]},"4":{"line":63,"type":"if","locations":[{"start":{"line":63,"column":4},"end":{"line":63,"column":4}},{"start":{"line":63,"column":4},"end":{"line":63,"column":4}}]},"5":{"line":73,"type":"if","locations":[{"start":{"line":73,"column":8},"end":{"line":73,"column":8}},{"start":{"line":73,"column":8},"end":{"line":73,"column":8}}]},"6":{"line":83,"type":"if","locations":[{"start":{"line":83,"column":8},"end":{"line":83,"column":8}},{"start":{"line":83,"column":8},"end":{"line":83,"column":8}}]},"7":{"line":96,"type":"if","locations":[{"start":{"line":96,"column":4},"end":{"line":96,"column":4}},{"start":{"line":96,"column":4},"end":{"line":96,"column":4}}]},"8":{"line":100,"type":"if","locations":[{"start":{"line":100,"column":4},"end":{"line":100,"column":4}},{"start":{"line":100,"column":4},"end":{"line":100,"column":4}}]},"9":{"line":103,"type":"if","locations":[{"start":{"line":103,"column":4},"end":{"line":103,"column":4}},{"start":{"line":103,"column":4},"end":{"line":103,"column":4}}]},"10":{"line":113,"type":"if","locations":[{"start":{"line":113,"column":4},"end":{"line":113,"column":4}},{"start":{"line":113,"column":4},"end":{"line":113,"column":4}}]},"11":{"line":113,"type":"binary-expr","locations":[{"start":{"line":113,"column":8},"end":{"line":113,"column":12}},{"start":{"line":113,"column":16},"end":{"line":113,"column":42}}]},"12":{"line":118,"type":"if","locations":[{"start":{"line":118,"column":4},"end":{"line":118,"column":4}},{"start":{"line":118,"column":4},"end":{"line":118,"column":4}}]},"13":{"line":120,"type":"if","locations":[{"start":{"line":120,"column":12},"end":{"line":120,"column":12}},{"start":{"line":120,"column":12},"end":{"line":120,"column":12}}]},"14":{"line":122,"type":"if","locations":[{"start":{"line":122,"column":19},"end":{"line":122,"column":19}},{"start":{"line":122,"column":19},"end":{"line":122,"column":19}}]}},"l":{"2":1,"4":1,"5":137,"6":137,"7":137,"11":1,"13":1,"14":1,"15":1,"16":1,"19":1,"20":1,"21":1,"22":1,"23":1,"24":1,"25":1,"26":1,"30":1,"31":1,"33":1,"34":0,"35":0,"38":0,"40":0,"42":0,"43":0,"44":0,"45":0,"46":0,"48":0,"51":0,"52":0,"54":0,"55":0,"57":0,"62":1,"63":137,"64":0,"65":0,"67":137,"71":1,"72":137,"73":137,"74":0,"76":137,"81":1,"82":2,"83":2,"84":0,"86":2,"91":1,"92":19,"93":19,"94":19,"96":19,"97":19,"100":19,"101":19,"103":19,"104":0,"106":19,"109":1,"110":0,"113":0,"114":0,"118":0,"119":0,"120":0,"121":0,"122":0,"123":0,"125":0,"129":0,"136":1}},
"/Users/igbopie/git/backend/dist/routes/question.js":{"path":"/Users/igbopie/git/backend/dist/routes/question.js","s":{"1":1,"2":1,"3":13,"4":13,"5":1,"6":1,"7":1,"8":1,"9":5,"10":5,"11":1,"12":1,"13":1,"14":1,"15":1,"16":1,"17":1,"18":0,"19":0,"20":0,"21":0,"22":1,"23":1,"24":1,"25":1,"26":0,"27":1,"28":1,"29":1,"30":1,"31":1,"32":0,"33":1,"34":1,"35":1,"36":1,"37":1,"38":0},"b":{"1":[0,0],"2":[1,0],"3":[1,1],"4":[1,0],"5":[1,0]},"f":{"1":13,"2":1,"3":5,"4":1,"5":1,"6":0,"7":1,"8":1,"9":1,"10":1,"11":1},"fnMap":{"1":{"name":"(anonymous_1)","line":7,"loc":{"start":{"line":7,"column":17},"end":{"line":7,"column":37}}},"2":{"name":"(anonymous_2)","line":16,"loc":{"start":{"line":16,"column":15},"end":{"line":16,"column":35}}},"3":{"name":"(anonymous_3)","line":23,"loc":{"start":{"line":23,"column":17},"end":{"line":23,"column":37}}},"4":{"name":"(anonymous_4)","line":30,"loc":{"start":{"line":30,"column":19},"end":{"line":30,"column":39}}},"5":{"name":"(anonymous_5)","line":37,"loc":{"start":{"line":37,"column":18},"end":{"line":37,"column":38}}},"6":{"name":"(anonymous_6)","line":44,"loc":{"start":{"line":44,"column":15},"end":{"line":44,"column":35}}},"7":{"name":"(anonymous_7)","line":55,"loc":{"start":{"line":55,"column":15},"end":{"line":55,"column":35}}},"8":{"name":"(anonymous_8)","line":67,"loc":{"start":{"line":67,"column":20},"end":{"line":67,"column":40}}},"9":{"name":"(anonymous_9)","line":76,"loc":{"start":{"line":76,"column":43},"end":{"line":76,"column":66}}},"10":{"name":"(anonymous_10)","line":85,"loc":{"start":{"line":85,"column":20},"end":{"line":85,"column":40}}},"11":{"name":"(anonymous_11)","line":94,"loc":{"start":{"line":94,"column":43},"end":{"line":94,"column":66}}}},"statementMap":{"1":{"start":{"line":2,"column":0},"end":{"line":5,"column":44}},"2":{"start":{"line":7,"column":0},"end":{"line":14,"column":2}},"3":{"start":{"line":8,"column":4},"end":{"line":12,"column":29}},"4":{"start":{"line":13,"column":4},"end":{"line":13,"column":101}},"5":{"start":{"line":16,"column":0},"end":{"line":20,"column":2}},"6":{"start":{"line":17,"column":4},"end":{"line":18,"column":33}},"7":{"start":{"line":19,"column":4},"end":{"line":19,"column":78}},"8":{"start":{"line":23,"column":0},"end":{"line":28,"column":2}},"9":{"start":{"line":24,"column":4},"end":{"line":25,"column":55}},"10":{"start":{"line":27,"column":4},"end":{"line":27,"column":106}},"11":{"start":{"line":30,"column":0},"end":{"line":35,"column":2}},"12":{"start":{"line":31,"column":4},"end":{"line":32,"column":55}},"13":{"start":{"line":34,"column":4},"end":{"line":34,"column":108}},"14":{"start":{"line":37,"column":0},"end":{"line":42,"column":2}},"15":{"start":{"line":38,"column":4},"end":{"line":39,"column":55}},"16":{"start":{"line":41,"column":4},"end":{"line":41,"column":107}},"17":{"start":{"line":44,"column":0},"end":{"line":53,"column":2}},"18":{"start":{"line":45,"column":4},"end":{"line":46,"column":55}},"19":{"start":{"line":48,"column":4},"end":{"line":52,"column":5}},"20":{"start":{"line":49,"column":8},"end":{"line":49,"column":108}},"21":{"start":{"line":51,"column":8},"end":{"line":51,"column":58}},"22":{"start":{"line":55,"column":0},"end":{"line":65,"column":2}},"23":{"start":{"line":56,"column":4},"end":{"line":59,"column":55}},"24":{"start":{"line":60,"column":4},"end":{"line":64,"column":5}},"25":{"start":{"line":61,"column":8},"end":{"line":61,"column":129}},"26":{"start":{"line":63,"column":8},"end":{"line":63,"column":58}},"27":{"start":{"line":67,"column":0},"end":{"line":83,"column":2}},"28":{"start":{"line":68,"column":4},"end":{"line":69,"column":55}},"29":{"start":{"line":71,"column":4},"end":{"line":82,"column":5}},"30":{"start":{"line":72,"column":8},"end":{"line":79,"column":10}},"31":{"start":{"line":77,"column":16},"end":{"line":77,"column":105}},"32":{"start":{"line":81,"column":8},"end":{"line":81,"column":58}},"33":{"start":{"line":85,"column":0},"end":{"line":101,"column":2}},"34":{"start":{"line":86,"column":4},"end":{"line":87,"column":55}},"35":{"start":{"line":89,"column":4},"end":{"line":100,"column":5}},"36":{"start":{"line":90,"column":8},"end":{"line":97,"column":10}},"37":{"start":{"line":95,"column":16},"end":{"line":95,"column":105}},"38":{"start":{"line":99,"column":8},"end":{"line":99,"column":58}}},"branchMap":{"1":{"line":48,"type":"if","locations":[{"start":{"line":48,"column":4},"end":{"line":48,"column":4}},{"start":{"line":48,"column":4},"end":{"line":48,"column":4}}]},"2":{"line":60,"type":"if","locations":[{"start":{"line":60,"column":4},"end":{"line":60,"column":4}},{"start":{"line":60,"column":4},"end":{"line":60,"column":4}}]},"3":{"line":60,"type":"binary-expr","locations":[{"start":{"line":60,"column":8},"end":{"line":60,"column":16}},{"start":{"line":60,"column":20},"end":{"line":60,"column":29}}]},"4":{"line":71,"type":"if","locations":[{"start":{"line":71,"column":4},"end":{"line":71,"column":4}},{"start":{"line":71,"column":4},"end":{"line":71,"column":4}}]},"5":{"line":89,"type":"if","locations":[{"start":{"line":89,"column":4},"end":{"line":89,"column":4}},{"start":{"line":89,"column":4},"end":{"line":89,"column":4}}]}},"l":{"2":1,"7":1,"8":13,"13":13,"16":1,"17":1,"19":1,"23":1,"24":5,"27":5,"30":1,"31":1,"34":1,"37":1,"38":1,"41":1,"44":1,"45":0,"48":0,"49":0,"51":0,"55":1,"56":1,"60":1,"61":1,"63":0,"67":1,"68":1,"71":1,"72":1,"77":1,"81":0,"85":1,"86":1,"89":1,"90":1,"95":1,"99":0}},
"/Users/igbopie/git/backend/dist/models/question.js":{"path":"/Users/igbopie/git/backend/dist/models/question.js","s":{"1":1,"2":1,"3":1,"4":1,"5":1,"6":1,"7":1,"8":1,"9":1,"10":1,"11":1,"12":1,"13":1,"14":1,"15":1,"16":1,"17":41,"18":41,"19":41,"20":41,"21":41,"22":41,"23":41,"24":41,"25":41,"26":41,"27":41,"28":41,"29":41,"30":41,"31":41,"32":41,"33":41,"34":37,"35":37,"36":0,"37":37,"38":12,"39":37,"40":4,"41":41,"42":32,"43":32,"44":0,"45":32,"46":9,"47":41,"48":41,"49":0,"50":0,"51":0,"52":0,"53":0,"54":0,"55":0,"56":0,"57":41,"58":41,"59":41,"60":0,"61":0,"62":0,"63":0,"64":0,"65":0,"66":0,"67":0,"68":41,"69":41,"70":1,"71":13,"72":13,"73":13,"74":13,"75":13,"76":13,"77":13,"78":13,"79":13,"80":13,"81":13,"82":13,"83":13,"84":0,"85":13,"86":0,"87":13,"88":13,"89":13,"90":0,"91":13,"92":13,"93":13,"94":0,"95":13,"96":13,"97":13,"98":0,"99":13,"100":13,"101":13,"102":0,"103":13,"104":13,"105":1,"106":9,"107":9,"108":0,"109":9,"110":9,"111":1,"112":5,"113":1,"114":1,"115":1,"116":1,"117":1,"118":0,"119":1,"120":0,"121":1,"122":1,"123":1,"124":1,"125":1,"126":1,"127":0,"128":1,"129":1,"130":1,"131":2,"132":1,"133":7,"134":7,"135":7,"136":5,"137":5,"138":5,"139":4,"140":1,"141":2,"142":0,"143":0,"144":2,"145":1,"146":1,"147":1,"148":1,"149":1,"150":0,"151":7,"152":7,"153":0,"154":7,"155":7,"156":7,"157":7,"158":0,"159":7,"160":1,"161":12,"162":12,"163":12,"164":12,"165":0,"166":12,"167":12,"168":1,"169":33,"170":1,"171":11,"172":11,"173":0,"174":11},"b":{"1":[37,4],"2":[0,37],"3":[12,25],"4":[32,9],"5":[0,32],"6":[0,41],"7":[0,0],"8":[0,0],"9":[0,41],"10":[0,0],"11":[0,0],"12":[13,0],"13":[13,13,13,13],"14":[0,13],"15":[0,13],"16":[0,13],"17":[0,13],"18":[0,13],"19":[0,13],"20":[0,9],"21":[0,1],"22":[5,2],"23":[4,1],"24":[0,2],"25":[1,1],"26":[1,0],"27":[0,7],"28":[0,7],"29":[0,12],"30":[0,11]},"f":{"1":41,"2":41,"3":41,"4":37,"5":32,"6":41,"7":0,"8":0,"9":41,"10":0,"11":0,"12":13,"13":13,"14":13,"15":13,"16":13,"17":13,"18":9,"19":9,"20":9,"21":5,"22":1,"23":1,"24":0,"25":0,"26":1,"27":1,"28":1,"29":2,"30":7,"31":7,"32":7,"33":12,"34":12,"35":33,"36":11,"37":11},"fnMap":{"1":{"name":"(anonymous_1)","line":57,"loc":{"start":{"line":57,"column":22},"end":{"line":57,"column":62}}},"2":{"name":"(anonymous_2)","line":62,"loc":{"start":{"line":62,"column":14},"end":{"line":62,"column":26}}},"3":{"name":"(anonymous_3)","line":63,"loc":{"start":{"line":63,"column":25},"end":{"line":63,"column":37}}},"4":{"name":"(anonymous_4)","line":79,"loc":{"start":{"line":79,"column":69},"end":{"line":79,"column":90}}},"5":{"name":"(anonymous_5)","line":99,"loc":{"start":{"line":99,"column":16},"end":{"line":99,"column":31}}},"6":{"name":"(anonymous_6)","line":113,"loc":{"start":{"line":113,"column":22},"end":{"line":113,"column":34}}},"7":{"name":"(anonymous_7)","line":115,"loc":{"start":{"line":115,"column":80},"end":{"line":115,"column":105}}},"8":{"name":"(anonymous_8)","line":122,"loc":{"start":{"line":122,"column":32},"end":{"line":122,"column":47}}},"9":{"name":"(anonymous_9)","line":135,"loc":{"start":{"line":135,"column":23},"end":{"line":135,"column":35}}},"10":{"name":"(anonymous_10)","line":137,"loc":{"start":{"line":137,"column":57},"end":{"line":137,"column":77}}},"11":{"name":"(anonymous_11)","line":142,"loc":{"start":{"line":142,"column":32},"end":{"line":142,"column":47}}},"12":{"name":"(anonymous_12)","line":160,"loc":{"start":{"line":160,"column":25},"end":{"line":160,"column":86}}},"13":{"name":"(anonymous_13)","line":180,"loc":{"start":{"line":180,"column":44},"end":{"line":180,"column":66}}},"14":{"name":"(anonymous_14)","line":186,"loc":{"start":{"line":186,"column":22},"end":{"line":186,"column":37}}},"15":{"name":"(anonymous_15)","line":192,"loc":{"start":{"line":192,"column":76},"end":{"line":192,"column":101}}},"16":{"name":"(anonymous_16)","line":198,"loc":{"start":{"line":198,"column":59},"end":{"line":198,"column":79}}},"17":{"name":"(anonymous_17)","line":202,"loc":{"start":{"line":202,"column":34},"end":{"line":202,"column":49}}},"18":{"name":"(anonymous_18)","line":218,"loc":{"start":{"line":218,"column":16},"end":{"line":218,"column":73}}},"19":{"name":"(anonymous_19)","line":227,"loc":{"start":{"line":227,"column":14},"end":{"line":227,"column":40}}},"20":{"name":"(anonymous_20)","line":234,"loc":{"start":{"line":234,"column":16},"end":{"line":234,"column":51}}},"21":{"name":"(anonymous_21)","line":243,"loc":{"start":{"line":243,"column":25},"end":{"line":243,"column":69}}},"22":{"name":"(anonymous_22)","line":249,"loc":{"start":{"line":249,"column":27},"end":{"line":249,"column":71}}},"23":{"name":"(anonymous_23)","line":255,"loc":{"start":{"line":255,"column":26},"end":{"line":255,"column":70}}},"24":{"name":"(anonymous_24)","line":261,"loc":{"start":{"line":261,"column":23},"end":{"line":261,"column":67}}},"25":{"name":"(anonymous_25)","line":274,"loc":{"start":{"line":274,"column":28},"end":{"line":274,"column":72}}},"26":{"name":"(anonymous_26)","line":287,"loc":{"start":{"line":287,"column":23},"end":{"line":287,"column":88}}},"27":{"name":"(anonymous_27)","line":309,"loc":{"start":{"line":309,"column":14},"end":{"line":309,"column":40}}},"28":{"name":"(anonymous_28)","line":314,"loc":{"start":{"line":314,"column":16},"end":{"line":314,"column":51}}},"29":{"name":"(anonymous_29)","line":322,"loc":{"start":{"line":322,"column":37},"end":{"line":322,"column":78}}},"30":{"name":"(anonymous_30)","line":335,"loc":{"start":{"line":335,"column":34},"end":{"line":335,"column":105}}},"31":{"name":"(anonymous_31)","line":370,"loc":{"start":{"line":370,"column":8},"end":{"line":370,"column":33}}},"32":{"name":"(anonymous_32)","line":377,"loc":{"start":{"line":377,"column":26},"end":{"line":377,"column":41}}},"33":{"name":"(anonymous_33)","line":387,"loc":{"start":{"line":387,"column":34},"end":{"line":387,"column":66}}},"34":{"name":"(anonymous_34)","line":395,"loc":{"start":{"line":395,"column":8},"end":{"line":395,"column":33}}},"35":{"name":"(anonymous_35)","line":405,"loc":{"start":{"line":405,"column":27},"end":{"line":405,"column":59}}},"36":{"name":"(anonymous_36)","line":409,"loc":{"start":{"line":409,"column":23},"end":{"line":409,"column":63}}},"37":{"name":"(anonymous_37)","line":410,"loc":{"start":{"line":410,"column":40},"end":{"line":410,"column":60}}}},"statementMap":{"1":{"start":{"line":2,"column":0},"end":{"line":11,"column":29}},"2":{"start":{"line":13,"column":0},"end":{"line":32,"column":3}},"3":{"start":{"line":34,"column":0},"end":{"line":34,"column":34}},"4":{"start":{"line":35,"column":0},"end":{"line":35,"column":36}},"5":{"start":{"line":36,"column":0},"end":{"line":36,"column":38}},"6":{"start":{"line":37,"column":0},"end":{"line":37,"column":38}},"7":{"start":{"line":38,"column":0},"end":{"line":38,"column":42}},"8":{"start":{"line":39,"column":0},"end":{"line":39,"column":41}},"9":{"start":{"line":42,"column":0},"end":{"line":42,"column":58}},"10":{"start":{"line":45,"column":0},"end":{"line":45,"column":25}},"11":{"start":{"line":48,"column":0},"end":{"line":50,"column":2}},"12":{"start":{"line":52,"column":0},"end":{"line":52,"column":60}},"13":{"start":{"line":53,"column":0},"end":{"line":53,"column":60}},"14":{"start":{"line":54,"column":0},"end":{"line":54,"column":60}},"15":{"start":{"line":55,"column":0},"end":{"line":55,"column":60}},"16":{"start":{"line":57,"column":0},"end":{"line":157,"column":2}},"17":{"start":{"line":58,"column":4},"end":{"line":60,"column":25}},"18":{"start":{"line":62,"column":4},"end":{"line":111,"column":6}},"19":{"start":{"line":63,"column":8},"end":{"line":91,"column":10}},"20":{"start":{"line":64,"column":12},"end":{"line":64,"column":30}},"21":{"start":{"line":65,"column":12},"end":{"line":65,"column":42}},"22":{"start":{"line":66,"column":12},"end":{"line":66,"column":44}},"23":{"start":{"line":67,"column":12},"end":{"line":67,"column":46}},"24":{"start":{"line":68,"column":12},"end":{"line":68,"column":50}},"25":{"start":{"line":69,"column":12},"end":{"line":69,"column":50}},"26":{"start":{"line":70,"column":12},"end":{"line":70,"column":54}},"27":{"start":{"line":71,"column":12},"end":{"line":71,"column":54}},"28":{"start":{"line":72,"column":12},"end":{"line":72,"column":48}},"29":{"start":{"line":73,"column":12},"end":{"line":73,"column":52}},"30":{"start":{"line":74,"column":12},"end":{"line":74,"column":56}},"31":{"start":{"line":75,"column":12},"end":{"line":75,"column":52}},"32":{"start":{"line":76,"column":12},"end":{"line":76,"column":42}},"33":{"start":{"line":78,"column":12},"end":{"line":90,"column":13}},"34":{"start":{"line":79,"column":16},"end":{"line":87,"column":19}},"35":{"start":{"line":80,"column":20},"end":{"line":82,"column":21}},"36":{"start":{"line":81,"column":24},"end":{"line":81,"column":66}},"37":{"start":{"line":83,"column":20},"end":{"line":85,"column":21}},"38":{"start":{"line":84,"column":24},"end":{"line":84,"column":53}},"39":{"start":{"line":86,"column":20},"end":{"line":86,"column":50}},"40":{"start":{"line":89,"column":16},"end":{"line":89,"column":46}},"41":{"start":{"line":93,"column":8},"end":{"line":109,"column":9}},"42":{"start":{"line":94,"column":12},"end":{"line":106,"column":14}},"43":{"start":{"line":100,"column":20},"end":{"line":102,"column":21}},"44":{"start":{"line":101,"column":24},"end":{"line":101,"column":67}},"45":{"start":{"line":104,"column":20},"end":{"line":104,"column":33}},"46":{"start":{"line":108,"column":12},"end":{"line":108,"column":25}},"47":{"start":{"line":113,"column":4},"end":{"line":133,"column":6}},"48":{"start":{"line":114,"column":8},"end":{"line":132,"column":9}},"49":{"start":{"line":115,"column":12},"end":{"line":129,"column":15}},"50":{"start":{"line":116,"column":16},"end":{"line":118,"column":17}},"51":{"start":{"line":117,"column":20},"end":{"line":117,"column":41}},"52":{"start":{"line":120,"column":16},"end":{"line":120,"column":47}},"53":{"start":{"line":122,"column":16},"end":{"line":128,"column":19}},"54":{"start":{"line":123,"column":20},"end":{"line":125,"column":21}},"55":{"start":{"line":124,"column":24},"end":{"line":124,"column":45}},"56":{"start":{"line":127,"column":20},"end":{"line":127,"column":39}},"57":{"start":{"line":131,"column":12},"end":{"line":131,"column":31}},"58":{"start":{"line":135,"column":4},"end":{"line":154,"column":6}},"59":{"start":{"line":136,"column":8},"end":{"line":153,"column":9}},"60":{"start":{"line":137,"column":12},"end":{"line":149,"column":15}},"61":{"start":{"line":138,"column":16},"end":{"line":138,"column":48}},"62":{"start":{"line":138,"column":27},"end":{"line":138,"column":46}},"63":{"start":{"line":140,"column":16},"end":{"line":140,"column":37}},"64":{"start":{"line":142,"column":16},"end":{"line":148,"column":19}},"65":{"start":{"line":143,"column":20},"end":{"line":145,"column":21}},"66":{"start":{"line":144,"column":24},"end":{"line":144,"column":45}},"67":{"start":{"line":147,"column":20},"end":{"line":147,"column":30}},"68":{"start":{"line":152,"column":12},"end":{"line":152,"column":22}},"69":{"start":{"line":156,"column":4},"end":{"line":156,"column":22}},"70":{"start":{"line":160,"column":0},"end":{"line":216,"column":2}},"71":{"start":{"line":161,"column":4},"end":{"line":162,"column":22}},"72":{"start":{"line":163,"column":4},"end":{"line":163,"column":25}},"73":{"start":{"line":164,"column":4},"end":{"line":164,"column":25}},"74":{"start":{"line":165,"column":4},"end":{"line":165,"column":29}},"75":{"start":{"line":166,"column":4},"end":{"line":166,"column":34}},"76":{"start":{"line":167,"column":4},"end":{"line":167,"column":92}},"77":{"start":{"line":169,"column":4},"end":{"line":177,"column":5}},"78":{"start":{"line":173,"column":8},"end":{"line":173,"column":27}},"79":{"start":{"line":174,"column":8},"end":{"line":174,"column":54}},"80":{"start":{"line":175,"column":8},"end":{"line":175,"column":52}},"81":{"start":{"line":176,"column":8},"end":{"line":176,"column":42}},"82":{"start":{"line":180,"column":4},"end":{"line":215,"column":7}},"83":{"start":{"line":181,"column":8},"end":{"line":183,"column":9}},"84":{"start":{"line":182,"column":12},"end":{"line":182,"column":33}},"85":{"start":{"line":184,"column":8},"end":{"line":184,"column":107}},"86":{"start":{"line":184,"column":22},"end":{"line":184,"column":105}},"87":{"start":{"line":185,"column":8},"end":{"line":185,"column":36}},"88":{"start":{"line":186,"column":8},"end":{"line":214,"column":11}},"89":{"start":{"line":187,"column":12},"end":{"line":189,"column":13}},"90":{"start":{"line":188,"column":16},"end":{"line":188,"column":37}},"91":{"start":{"line":191,"column":12},"end":{"line":191,"column":36}},"92":{"start":{"line":192,"column":12},"end":{"line":213,"column":15}},"93":{"start":{"line":193,"column":16},"end":{"line":195,"column":17}},"94":{"start":{"line":194,"column":20},"end":{"line":194,"column":41}},"95":{"start":{"line":197,"column":16},"end":{"line":197,"column":45}},"96":{"start":{"line":198,"column":16},"end":{"line":211,"column":19}},"97":{"start":{"line":199,"column":20},"end":{"line":199,"column":52}},"98":{"start":{"line":199,"column":31},"end":{"line":199,"column":50}},"99":{"start":{"line":201,"column":20},"end":{"line":201,"column":39}},"100":{"start":{"line":202,"column":20},"end":{"line":210,"column":23}},"101":{"start":{"line":203,"column":24},"end":{"line":205,"column":25}},"102":{"start":{"line":204,"column":28},"end":{"line":204,"column":49}},"103":{"start":{"line":207,"column":24},"end":{"line":207,"column":68}},"104":{"start":{"line":209,"column":24},"end":{"line":209,"column":83}},"105":{"start":{"line":218,"column":0},"end":{"line":241,"column":2}},"106":{"start":{"line":219,"column":4},"end":{"line":240,"column":11}},"107":{"start":{"line":228,"column":12},"end":{"line":230,"column":13}},"108":{"start":{"line":229,"column":16},"end":{"line":229,"column":37}},"109":{"start":{"line":232,"column":12},"end":{"line":238,"column":14}},"110":{"start":{"line":235,"column":20},"end":{"line":235,"column":69}},"111":{"start":{"line":243,"column":0},"end":{"line":247,"column":2}},"112":{"start":{"line":244,"column":4},"end":{"line":246,"column":41}},"113":{"start":{"line":249,"column":0},"end":{"line":253,"column":2}},"114":{"start":{"line":250,"column":4},"end":{"line":252,"column":41}},"115":{"start":{"line":255,"column":0},"end":{"line":259,"column":2}},"116":{"start":{"line":256,"column":4},"end":{"line":258,"column":41}},"117":{"start":{"line":261,"column":0},"end":{"line":272,"column":2}},"118":{"start":{"line":262,"column":4},"end":{"line":271,"column":6}},"119":{"start":{"line":274,"column":0},"end":{"line":285,"column":2}},"120":{"start":{"line":275,"column":4},"end":{"line":284,"column":6}},"121":{"start":{"line":287,"column":0},"end":{"line":320,"column":2}},"122":{"start":{"line":288,"column":4},"end":{"line":288,"column":25}},"123":{"start":{"line":289,"column":4},"end":{"line":289,"column":54}},"124":{"start":{"line":290,"column":4},"end":{"line":290,"column":56}},"125":{"start":{"line":292,"column":4},"end":{"line":319,"column":11}},"126":{"start":{"line":310,"column":12},"end":{"line":310,"column":46}},"127":{"start":{"line":310,"column":23},"end":{"line":310,"column":44}},"128":{"start":{"line":312,"column":12},"end":{"line":318,"column":14}},"129":{"start":{"line":315,"column":20},"end":{"line":315,"column":69}},"130":{"start":{"line":322,"column":0},"end":{"line":333,"column":2}},"131":{"start":{"line":323,"column":4},"end":{"line":332,"column":6}},"132":{"start":{"line":335,"column":0},"end":{"line":385,"column":2}},"133":{"start":{"line":336,"column":4},"end":{"line":336,"column":31}},"134":{"start":{"line":337,"column":4},"end":{"line":339,"column":44}},"135":{"start":{"line":341,"column":4},"end":{"line":367,"column":5}},"136":{"start":{"line":342,"column":8},"end":{"line":342,"column":31}},"137":{"start":{"line":343,"column":8},"end":{"line":343,"column":33}},"138":{"start":{"line":345,"column":8},"end":{"line":349,"column":9}},"139":{"start":{"line":346,"column":12},"end":{"line":346,"column":37}},"140":{"start":{"line":348,"column":12},"end":{"line":348,"column":39}},"141":{"start":{"line":351,"column":8},"end":{"line":366,"column":9}},"142":{"start":{"line":352,"column":12},"end":{"line":352,"column":37}},"143":{"start":{"line":353,"column":12},"end":{"line":353,"column":40}},"144":{"start":{"line":354,"column":15},"end":{"line":366,"column":9}},"145":{"start":{"line":355,"column":12},"end":{"line":355,"column":38}},"146":{"start":{"line":356,"column":12},"end":{"line":356,"column":39}},"147":{"start":{"line":359,"column":12},"end":{"line":359,"column":36}},"148":{"start":{"line":361,"column":12},"end":{"line":365,"column":13}},"149":{"start":{"line":362,"column":16},"end":{"line":362,"column":44}},"150":{"start":{"line":364,"column":16},"end":{"line":364,"column":42}},"151":{"start":{"line":369,"column":4},"end":{"line":384,"column":11}},"152":{"start":{"line":371,"column":12},"end":{"line":373,"column":13}},"153":{"start":{"line":372,"column":16},"end":{"line":372,"column":37}},"154":{"start":{"line":375,"column":12},"end":{"line":375,"column":79}},"155":{"start":{"line":376,"column":12},"end":{"line":376,"column":79}},"156":{"start":{"line":377,"column":12},"end":{"line":383,"column":15}},"157":{"start":{"line":378,"column":16},"end":{"line":380,"column":17}},"158":{"start":{"line":379,"column":20},"end":{"line":379,"column":41}},"159":{"start":{"line":382,"column":16},"end":{"line":382,"column":60}},"160":{"start":{"line":387,"column":0},"end":{"line":403,"column":2}},"161":{"start":{"line":388,"column":4},"end":{"line":390,"column":44}},"162":{"start":{"line":392,"column":4},"end":{"line":392,"column":29}},"163":{"start":{"line":394,"column":4},"end":{"line":402,"column":11}},"164":{"start":{"line":396,"column":12},"end":{"line":398,"column":13}},"165":{"start":{"line":397,"column":16},"end":{"line":397,"column":37}},"166":{"start":{"line":400,"column":12},"end":{"line":400,"column":79}},"167":{"start":{"line":401,"column":12},"end":{"line":401,"column":41}},"168":{"start":{"line":405,"column":0},"end":{"line":407,"column":2}},"169":{"start":{"line":406,"column":4},"end":{"line":406,"column":74}},"170":{"start":{"line":409,"column":0},"end":{"line":417,"column":2}},"171":{"start":{"line":410,"column":4},"end":{"line":416,"column":7}},"172":{"start":{"line":411,"column":8},"end":{"line":413,"column":9}},"173":{"start":{"line":412,"column":12},"end":{"line":412,"column":33}},"174":{"start":{"line":415,"column":8},"end":{"line":415,"column":47}}},"branchMap":{"1":{"line":78,"type":"if","locations":[{"start":{"line":78,"column":12},"end":{"line":78,"column":12}},{"start":{"line":78,"column":12},"end":{"line":78,"column":12}}]},"2":{"line":80,"type":"if","locations":[{"start":{"line":80,"column":20},"end":{"line":80,"column":20}},{"start":{"line":80,"column":20},"end":{"line":80,"column":20}}]},"3":{"line":83,"type":"if","locations":[{"start":{"line":83,"column":20},"end":{"line":83,"column":20}},{"start":{"line":83,"column":20},"end":{"line":83,"column":20}}]},"4":{"line":93,"type":"if","locations":[{"start":{"line":93,"column":8},"end":{"line":93,"column":8}},{"start":{"line":93,"column":8},"end":{"line":93,"column":8}}]},"5":{"line":100,"type":"if","locations":[{"start":{"line":100,"column":20},"end":{"line":100,"column":20}},{"start":{"line":100,"column":20},"end":{"line":100,"column":20}}]},"6":{"line":114,"type":"if","locations":[{"start":{"line":114,"column":8},"end":{"line":114,"column":8}},{"start":{"line":114,"column":8},"end":{"line":114,"column":8}}]},"7":{"line":116,"type":"if","locations":[{"start":{"line":116,"column":16},"end":{"line":116,"column":16}},{"start":{"line":116,"column":16},"end":{"line":116,"column":16}}]},"8":{"line":123,"type":"if","locations":[{"start":{"line":123,"column":20},"end":{"line":123,"column":20}},{"start":{"line":123,"column":20},"end":{"line":123,"column":20}}]},"9":{"line":136,"type":"if","locations":[{"start":{"line":136,"column":8},"end":{"line":136,"column":8}},{"start":{"line":136,"column":8},"end":{"line":136,"column":8}}]},"10":{"line":138,"type":"if","locations":[{"start":{"line":138,"column":16},"end":{"line":138,"column":16}},{"start":{"line":138,"column":16},"end":{"line":138,"column":16}}]},"11":{"line":143,"type":"if","locations":[{"start":{"line":143,"column":20},"end":{"line":143,"column":20}},{"start":{"line":143,"column":20},"end":{"line":143,"column":20}}]},"12":{"line":169,"type":"if","locations":[{"start":{"line":169,"column":4},"end":{"line":169,"column":4}},{"start":{"line":169,"column":4},"end":{"line":169,"column":4}}]},"13":{"line":169,"type":"binary-expr","locations":[{"start":{"line":169,"column":8},"end":{"line":169,"column":30}},{"start":{"line":170,"column":12},"end":{"line":170,"column":29}},{"start":{"line":171,"column":12},"end":{"line":171,"column":35}},{"start":{"line":172,"column":12},"end":{"line":172,"column":30}}]},"14":{"line":181,"type":"if","locations":[{"start":{"line":181,"column":8},"end":{"line":181,"column":8}},{"start":{"line":181,"column":8},"end":{"line":181,"column":8}}]},"15":{"line":184,"type":"if","locations":[{"start":{"line":184,"column":8},"end":{"line":184,"column":8}},{"start":{"line":184,"column":8},"end":{"line":184,"column":8}}]},"16":{"line":187,"type":"if","locations":[{"start":{"line":187,"column":12},"end":{"line":187,"column":12}},{"start":{"line":187,"column":12},"end":{"line":187,"column":12}}]},"17":{"line":193,"type":"if","locations":[{"start":{"line":193,"column":16},"end":{"line":193,"column":16}},{"start":{"line":193,"column":16},"end":{"line":193,"column":16}}]},"18":{"line":199,"type":"if","locations":[{"start":{"line":199,"column":20},"end":{"line":199,"column":20}},{"start":{"line":199,"column":20},"end":{"line":199,"column":20}}]},"19":{"line":203,"type":"if","locations":[{"start":{"line":203,"column":24},"end":{"line":203,"column":24}},{"start":{"line":203,"column":24},"end":{"line":203,"column":24}}]},"20":{"line":228,"type":"if","locations":[{"start":{"line":228,"column":12},"end":{"line":228,"column":12}},{"start":{"line":228,"column":12},"end":{"line":228,"column":12}}]},"21":{"line":310,"type":"if","locations":[{"start":{"line":310,"column":12},"end":{"line":310,"column":12}},{"start":{"line":310,"column":12},"end":{"line":310,"column":12}}]},"22":{"line":341,"type":"if","locations":[{"start":{"line":341,"column":4},"end":{"line":341,"column":4}},{"start":{"line":341,"column":4},"end":{"line":341,"column":4}}]},"23":{"line":345,"type":"if","locations":[{"start":{"line":345,"column":8},"end":{"line":345,"column":8}},{"start":{"line":345,"column":8},"end":{"line":345,"column":8}}]},"24":{"line":351,"type":"if","locations":[{"start":{"line":351,"column":8},"end":{"line":351,"column":8}},{"start":{"line":351,"column":8},"end":{"line":351,"column":8}}]},"25":{"line":354,"type":"if","locations":[{"start":{"line":354,"column":15},"end":{"line":354,"column":15}},{"start":{"line":354,"column":15},"end":{"line":354,"column":15}}]},"26":{"line":361,"type":"if","locations":[{"start":{"line":361,"column":12},"end":{"line":361,"column":12}},{"start":{"line":361,"column":12},"end":{"line":361,"column":12}}]},"27":{"line":371,"type":"if","locations":[{"start":{"line":371,"column":12},"end":{"line":371,"column":12}},{"start":{"line":371,"column":12},"end":{"line":371,"column":12}}]},"28":{"line":378,"type":"if","locations":[{"start":{"line":378,"column":16},"end":{"line":378,"column":16}},{"start":{"line":378,"column":16},"end":{"line":378,"column":16}}]},"29":{"line":396,"type":"if","locations":[{"start":{"line":396,"column":12},"end":{"line":396,"column":12}},{"start":{"line":396,"column":12},"end":{"line":396,"column":12}}]},"30":{"line":411,"type":"if","locations":[{"start":{"line":411,"column":8},"end":{"line":411,"column":8}},{"start":{"line":411,"column":8},"end":{"line":411,"column":8}}]}},"l":{"2":1,"13":1,"34":1,"35":1,"36":1,"37":1,"38":1,"39":1,"42":1,"45":1,"48":1,"52":1,"53":1,"54":1,"55":1,"57":1,"58":41,"62":41,"63":41,"64":41,"65":41,"66":41,"67":41,"68":41,"69":41,"70":41,"71":41,"72":41,"73":41,"74":41,"75":41,"76":41,"78":41,"79":37,"80":37,"81":0,"83":37,"84":12,"86":37,"89":4,"93":41,"94":32,"100":32,"101":0,"104":32,"108":9,"113":41,"114":41,"115":0,"116":0,"117":0,"120":0,"122":0,"123":0,"124":0,"127":0,"131":41,"135":41,"136":41,"137":0,"138":0,"140":0,"142":0,"143":0,"144":0,"147":0,"152":41,"156":41,"160":1,"161":13,"163":13,"164":13,"165":13,"166":13,"167":13,"169":13,"173":13,"174":13,"175":13,"176":13,"180":13,"181":13,"182":0,"184":13,"185":13,"186":13,"187":13,"188":0,"191":13,"192":13,"193":13,"194":0,"197":13,"198":13,"199":13,"201":13,"202":13,"203":13,"204":0,"207":13,"209":13,"218":1,"219":9,"228":9,"229":0,"232":9,"235":9,"243":1,"244":5,"249":1,"250":1,"255":1,"256":1,"261":1,"262":0,"274":1,"275":0,"287":1,"288":1,"289":1,"290":1,"292":1,"310":1,"312":1,"315":1,"322":1,"323":2,"335":1,"336":7,"337":7,"341":7,"342":5,"343":5,"345":5,"346":4,"348":1,"351":2,"352":0,"353":0,"354":2,"355":1,"356":1,"359":1,"361":1,"362":1,"364":0,"369":7,"371":7,"372":0,"375":7,"376":7,"377":7,"378":7,"379":0,"382":7,"387":1,"388":12,"392":12,"394":12,"396":12,"397":0,"400":12,"401":12,"405":1,"406":33,"409":1,"410":11,"411":11,"412":0,"415":11}},
"/Users/igbopie/git/backend/dist/utils/urlshortener.js":{"path":"/Users/igbopie/git/backend/dist/utils/urlshortener.js","s":{"1":1,"2":1,"3":0,"4":0,"5":1,"6":13,"7":0,"8":0,"9":0,"10":0,"11":13},"b":{"1":[0,1],"2":[0,13],"3":[0,0]},"f":{"1":13,"2":0},"fnMap":{"1":{"name":"(anonymous_1)","line":15,"loc":{"start":{"line":15,"column":26},"end":{"line":15,"column":58}}},"2":{"name":"(anonymous_2)","line":17,"loc":{"start":{"line":17,"column":105},"end":{"line":17,"column":130}}}},"statementMap":{"1":{"start":{"line":2,"column":0},"end":{"line":8,"column":10}},"2":{"start":{"line":10,"column":0},"end":{"line":13,"column":1}},"3":{"start":{"line":11,"column":4},"end":{"line":11,"column":51}},"4":{"start":{"line":12,"column":4},"end":{"line":12,"column":37}},"5":{"start":{"line":15,"column":0},"end":{"line":27,"column":2}},"6":{"start":{"line":16,"column":4},"end":{"line":26,"column":5}},"7":{"start":{"line":17,"column":8},"end":{"line":23,"column":11}},"8":{"start":{"line":18,"column":12},"end":{"line":20,"column":13}},"9":{"start":{"line":19,"column":16},"end":{"line":19,"column":37}},"10":{"start":{"line":21,"column":12},"end":{"line":21,"column":46}},"11":{"start":{"line":25,"column":8},"end":{"line":25,"column":92}}},"branchMap":{"1":{"line":10,"type":"if","locations":[{"start":{"line":10,"column":0},"end":{"line":10,"column":0}},{"start":{"line":10,"column":0},"end":{"line":10,"column":0}}]},"2":{"line":16,"type":"if","locations":[{"start":{"line":16,"column":4},"end":{"line":16,"column":4}},{"start":{"line":16,"column":4},"end":{"line":16,"column":4}}]},"3":{"line":18,"type":"if","locations":[{"start":{"line":18,"column":12},"end":{"line":18,"column":12}},{"start":{"line":18,"column":12},"end":{"line":18,"column":12}}]}},"l":{"2":1,"10":1,"11":0,"12":0,"15":1,"16":13,"17":0,"18":0,"19":0,"21":0,"25":13}},
"/Users/igbopie/git/backend/dist/utils/utils.js":{"path":"/Users/igbopie/git/backend/dist/utils/utils.js","s":{"1":1,"2":1,"3":0,"4":0,"5":0,"6":0,"7":1,"8":0,"9":0,"10":0,"11":0,"12":1,"13":0,"14":0,"15":0,"16":0,"17":0,"18":0,"19":0,"20":0,"21":0,"22":1,"23":0,"24":0,"25":0,"26":0,"27":0,"28":0,"29":0,"30":0,"31":0,"32":0,"33":0,"34":0,"35":0,"36":0,"37":0,"38":0,"39":0,"40":0,"41":0,"42":0,"43":0,"44":0,"45":0,"46":0,"47":0,"48":1,"49":0,"50":0,"51":1,"52":1,"53":0,"54":1,"55":1,"56":1},"b":{"1":[0,0],"2":[0,0],"3":[0,0],"4":[0,0],"5":[0,0],"6":[0,0],"7":[0,0],"8":[0,0],"9":[0,0],"10":[0,0]},"f":{"1":0,"2":0,"3":0,"4":0,"5":0,"6":0,"7":0,"8":0,"9":0},"fnMap":{"1":{"name":"(anonymous_1)","line":5,"loc":{"start":{"line":5,"column":21},"end":{"line":5,"column":39}}},"2":{"name":"(anonymous_2)","line":17,"loc":{"start":{"line":17,"column":21},"end":{"line":17,"column":39}}},"3":{"name":"(anonymous_3)","line":29,"loc":{"start":{"line":29,"column":20},"end":{"line":29,"column":40}}},"4":{"name":"(anonymous_4)","line":51,"loc":{"start":{"line":51,"column":19},"end":{"line":51,"column":81}}},"5":{"name":"(anonymous_5)","line":61,"loc":{"start":{"line":61,"column":39},"end":{"line":61,"column":51}}},"6":{"name":"(anonymous_6)","line":70,"loc":{"start":{"line":70,"column":41},"end":{"line":70,"column":53}}},"7":{"name":"(anonymous_7)","line":81,"loc":{"start":{"line":81,"column":28},"end":{"line":81,"column":40}}},"8":{"name":"(anonymous_8)","line":95,"loc":{"start":{"line":95,"column":15},"end":{"line":95,"column":40}}},"9":{"name":"(anonymous_9)","line":101,"loc":{"start":{"line":101,"column":14},"end":{"line":101,"column":39}}}},"statementMap":{"1":{"start":{"line":2,"column":0},"end":{"line":3,"column":35}},"2":{"start":{"line":5,"column":0},"end":{"line":15,"column":2}},"3":{"start":{"line":6,"column":4},"end":{"line":8,"column":10}},"4":{"start":{"line":10,"column":4},"end":{"line":12,"column":5}},"5":{"start":{"line":11,"column":8},"end":{"line":11,"column":77}},"6":{"start":{"line":14,"column":4},"end":{"line":14,"column":16}},"7":{"start":{"line":17,"column":0},"end":{"line":27,"column":2}},"8":{"start":{"line":18,"column":4},"end":{"line":20,"column":10}},"9":{"start":{"line":22,"column":4},"end":{"line":24,"column":5}},"10":{"start":{"line":23,"column":8},"end":{"line":23,"column":77}},"11":{"start":{"line":26,"column":4},"end":{"line":26,"column":16}},"12":{"start":{"line":29,"column":0},"end":{"line":48,"column":2}},"13":{"start":{"line":30,"column":4},"end":{"line":32,"column":10}},"14":{"start":{"line":33,"column":4},"end":{"line":35,"column":5}},"15":{"start":{"line":34,"column":8},"end":{"line":34,"column":18}},"16":{"start":{"line":37,"column":4},"end":{"line":46,"column":5}},"17":{"start":{"line":38,"column":8},"end":{"line":44,"column":9}},"18":{"start":{"line":39,"column":12},"end":{"line":42,"column":13}},"19":{"start":{"line":40,"column":16},"end":{"line":40,"column":34}},"20":{"start":{"line":41,"column":16},"end":{"line":41,"column":23}},"21":{"start":{"line":47,"column":4},"end":{"line":47,"column":16}},"22":{"start":{"line":51,"column":0},"end":{"line":92,"column":2}},"23":{"start":{"line":52,"column":4},"end":{"line":54,"column":5}},"24":{"start":{"line":53,"column":8},"end":{"line":53,"column":26}},"25":{"start":{"line":55,"column":4},"end":{"line":57,"column":5}},"26":{"start":{"line":56,"column":8},"end":{"line":56,"column":34}},"27":{"start":{"line":58,"column":4},"end":{"line":60,"column":5}},"28":{"start":{"line":59,"column":8},"end":{"line":59,"column":38}},"29":{"start":{"line":61,"column":4},"end":{"line":69,"column":7}},"30":{"start":{"line":62,"column":8},"end":{"line":64,"column":9}},"31":{"start":{"line":63,"column":12},"end":{"line":63,"column":34}},"32":{"start":{"line":65,"column":8},"end":{"line":67,"column":9}},"33":{"start":{"line":66,"column":12},"end":{"line":66,"column":38}},"34":{"start":{"line":68,"column":8},"end":{"line":68,"column":25}},"35":{"start":{"line":70,"column":4},"end":{"line":78,"column":7}},"36":{"start":{"line":71,"column":8},"end":{"line":73,"column":9}},"37":{"start":{"line":72,"column":12},"end":{"line":72,"column":29}},"38":{"start":{"line":74,"column":8},"end":{"line":76,"column":9}},"39":{"start":{"line":75,"column":12},"end":{"line":75,"column":43}},"40":{"start":{"line":77,"column":8},"end":{"line":77,"column":25}},"41":{"start":{"line":79,"column":4},"end":{"line":79,"column":58}},"42":{"start":{"line":80,"column":4},"end":{"line":80,"column":60}},"43":{"start":{"line":81,"column":4},"end":{"line":91,"column":7}},"44":{"start":{"line":82,"column":8},"end":{"line":82,"column":33}},"45":{"start":{"line":83,"column":8},"end":{"line":85,"column":9}},"46":{"start":{"line":84,"column":12},"end":{"line":84,"column":32}},"47":{"start":{"line":90,"column":8},"end":{"line":90,"column":18}},"48":{"start":{"line":95,"column":0},"end":{"line":98,"column":2}},"49":{"start":{"line":96,"column":4},"end":{"line":96,"column":21}},"50":{"start":{"line":97,"column":4},"end":{"line":97,"column":27}},"51":{"start":{"line":100,"column":0},"end":{"line":100,"column":26}},"52":{"start":{"line":101,"column":0},"end":{"line":103,"column":2}},"53":{"start":{"line":102,"column":4},"end":{"line":102,"column":39}},"54":{"start":{"line":105,"column":0},"end":{"line":105,"column":39}},"55":{"start":{"line":106,"column":0},"end":{"line":106,"column":35}},"56":{"start":{"line":109,"column":0},"end":{"line":109,"column":23}}},"branchMap":{"1":{"line":33,"type":"if","locations":[{"start":{"line":33,"column":4},"end":{"line":33,"column":4}},{"start":{"line":33,"column":4},"end":{"line":33,"column":4}}]},"2":{"line":39,"type":"if","locations":[{"start":{"line":39,"column":12},"end":{"line":39,"column":12}},{"start":{"line":39,"column":12},"end":{"line":39,"column":12}}]},"3":{"line":52,"type":"if","locations":[{"start":{"line":52,"column":4},"end":{"line":52,"column":4}},{"start":{"line":52,"column":4},"end":{"line":52,"column":4}}]},"4":{"line":55,"type":"if","locations":[{"start":{"line":55,"column":4},"end":{"line":55,"column":4}},{"start":{"line":55,"column":4},"end":{"line":55,"column":4}}]},"5":{"line":58,"type":"if","locations":[{"start":{"line":58,"column":4},"end":{"line":58,"column":4}},{"start":{"line":58,"column":4},"end":{"line":58,"column":4}}]},"6":{"line":62,"type":"if","locations":[{"start":{"line":62,"column":8},"end":{"line":62,"column":8}},{"start":{"line":62,"column":8},"end":{"line":62,"column":8}}]},"7":{"line":65,"type":"if","locations":[{"start":{"line":65,"column":8},"end":{"line":65,"column":8}},{"start":{"line":65,"column":8},"end":{"line":65,"column":8}}]},"8":{"line":71,"type":"if","locations":[{"start":{"line":71,"column":8},"end":{"line":71,"column":8}},{"start":{"line":71,"column":8},"end":{"line":71,"column":8}}]},"9":{"line":74,"type":"if","locations":[{"start":{"line":74,"column":8},"end":{"line":74,"column":8}},{"start":{"line":74,"column":8},"end":{"line":74,"column":8}}]},"10":{"line":83,"type":"if","locations":[{"start":{"line":83,"column":8},"end":{"line":83,"column":8}},{"start":{"line":83,"column":8},"end":{"line":83,"column":8}}]}},"l":{"2":1,"5":1,"6":0,"10":0,"11":0,"14":0,"17":1,"18":0,"22":0,"23":0,"26":0,"29":1,"30":0,"33":0,"34":0,"37":0,"38":0,"39":0,"40":0,"41":0,"47":0,"51":1,"52":0,"53":0,"55":0,"56":0,"58":0,"59":0,"61":0,"62":0,"63":0,"65":0,"66":0,"68":0,"70":0,"71":0,"72":0,"74":0,"75":0,"77":0,"79":0,"80":0,"81":0,"82":0,"83":0,"84":0,"90":0,"95":1,"96":0,"97":0,"100":1,"101":1,"102":0,"105":1,"106":1,"109":1}},
"/Users/igbopie/git/backend/dist/models/questionType.js":{"path":"/Users/igbopie/git/backend/dist/models/questionType.js","s":{"1":1,"2":1,"3":1,"4":1,"5":1,"6":1,"7":21,"8":21,"9":1,"10":0,"11":1,"12":1,"13":1,"14":1,"15":8,"16":8,"17":0,"18":8,"19":0,"20":0,"21":8,"22":8,"23":8,"24":8,"25":8,"26":8,"27":0,"28":8},"b":{"1":[0,8],"2":[0,8],"3":[0,8]},"f":{"1":21,"2":21,"3":0,"4":1,"5":8,"6":8,"7":8},"fnMap":{"1":{"name":"(anonymous_1)","line":21,"loc":{"start":{"line":21,"column":27},"end":{"line":21,"column":53}}},"2":{"name":"(anonymous_2)","line":22,"loc":{"start":{"line":22,"column":39},"end":{"line":22,"column":60}}},"3":{"name":"(anonymous_3)","line":27,"loc":{"start":{"line":27,"column":27},"end":{"line":27,"column":47}}},"4":{"name":"(anonymous_4)","line":82,"loc":{"start":{"line":82,"column":1},"end":{"line":82,"column":13}}},"5":{"name":"(anonymous_5)","line":83,"loc":{"start":{"line":83,"column":24},"end":{"line":83,"column":43}}},"6":{"name":"(anonymous_6)","line":84,"loc":{"start":{"line":84,"column":47},"end":{"line":84,"column":69}}},"7":{"name":"(anonymous_7)","line":96,"loc":{"start":{"line":96,"column":23},"end":{"line":96,"column":38}}}},"statementMap":{"1":{"start":{"line":2,"column":0},"end":{"line":4,"column":29}},"2":{"start":{"line":6,"column":0},"end":{"line":12,"column":3}},"3":{"start":{"line":14,"column":0},"end":{"line":14,"column":38}},"4":{"start":{"line":16,"column":0},"end":{"line":16,"column":70}},"5":{"start":{"line":19,"column":0},"end":{"line":19,"column":29}},"6":{"start":{"line":21,"column":0},"end":{"line":25,"column":2}},"7":{"start":{"line":22,"column":4},"end":{"line":24,"column":7}},"8":{"start":{"line":23,"column":8},"end":{"line":23,"column":28}},"9":{"start":{"line":27,"column":0},"end":{"line":29,"column":2}},"10":{"start":{"line":28,"column":4},"end":{"line":28,"column":59}},"11":{"start":{"line":32,"column":0},"end":{"line":34,"column":2}},"12":{"start":{"line":39,"column":0},"end":{"line":80,"column":2}},"13":{"start":{"line":82,"column":0},"end":{"line":105,"column":5}},"14":{"start":{"line":83,"column":4},"end":{"line":104,"column":7}},"15":{"start":{"line":84,"column":8},"end":{"line":102,"column":11}},"16":{"start":{"line":85,"column":12},"end":{"line":85,"column":74}},"17":{"start":{"line":85,"column":23},"end":{"line":85,"column":72}},"18":{"start":{"line":87,"column":12},"end":{"line":90,"column":13}},"19":{"start":{"line":88,"column":16},"end":{"line":88,"column":43}},"20":{"start":{"line":89,"column":16},"end":{"line":89,"column":43}},"21":{"start":{"line":92,"column":12},"end":{"line":92,"column":38}},"22":{"start":{"line":93,"column":12},"end":{"line":93,"column":40}},"23":{"start":{"line":94,"column":12},"end":{"line":94,"column":42}},"24":{"start":{"line":95,"column":12},"end":{"line":95,"column":39}},"25":{"start":{"line":96,"column":12},"end":{"line":100,"column":15}},"26":{"start":{"line":97,"column":16},"end":{"line":97,"column":78}},"27":{"start":{"line":97,"column":27},"end":{"line":97,"column":76}},"28":{"start":{"line":99,"column":16},"end":{"line":99,"column":55}}},"branchMap":{"1":{"line":85,"type":"if","locations":[{"start":{"line":85,"column":12},"end":{"line":85,"column":12}},{"start":{"line":85,"column":12},"end":{"line":85,"column":12}}]},"2":{"line":87,"type":"if","locations":[{"start":{"line":87,"column":12},"end":{"line":87,"column":12}},{"start":{"line":87,"column":12},"end":{"line":87,"column":12}}]},"3":{"line":97,"type":"if","locations":[{"start":{"line":97,"column":16},"end":{"line":97,"column":16}},{"start":{"line":97,"column":16},"end":{"line":97,"column":16}}]}},"l":{"2":1,"6":1,"14":1,"16":1,"19":1,"21":1,"22":21,"23":21,"27":1,"28":0,"32":1,"39":1,"82":1,"83":1,"84":8,"85":8,"87":8,"88":0,"89":0,"92":8,"93":8,"94":8,"95":8,"96":8,"97":8,"99":8}},
[...]
74,"column":12},"end":{"line":78,"column":15}},"38":{"start":{"line":75,"column":16},"end":{"line":75,"column":50}},"39":{"start":{"line":75,"column":27},"end":{"line":75,"column":48}},"40":{"start":{"line":77,"column":16},"end":{"line":77,"column":103}},"41":{"start":{"line":79,"column":15},"end":{"line":85,"column":9}},"42":{"start":{"line":80,"column":12},"end":{"line":84,"column":15}},"43":{"start":{"line":81,"column":16},"end":{"line":81,"column":50}},"44":{"start":{"line":81,"column":27},"end":{"line":81,"column":48}},"45":{"start":{"line":83,"column":16},"end":{"line":83,"column":103}}},"branchMap":{"1":{"line":51,"type":"if","locations":[{"start":{"line":51,"column":8},"end":{"line":51,"column":8}},{"start":{"line":51,"column":8},"end":{"line":51,"column":8}}]},"2":{"line":57,"type":"if","locations":[{"start":{"line":57,"column":8},"end":{"line":57,"column":8}},{"start":{"line":57,"column":8},"end":{"line":57,"column":8}}]},"3":{"line":71,"type":"if","locations":[{"start":{"line":71,"column":8},"end":{"line":71,"column":8}},{"start":{"line":71,"column":8},"end":{"line":71,"column":8}}]},"4":{"line":73,"type":"if","locations":[{"start":{"line":73,"column":15},"end":{"line":73,"column":15}},{"start":{"line":73,"column":15},"end":{"line":73,"column":15}}]},"5":{"line":75,"type":"if","locations":[{"start":{"line":75,"column":16},"end":{"line":75,"column":16}},{"start":{"line":75,"column":16},"end":{"line":75,"column":16}}]},"6":{"line":79,"type":"if","locations":[{"start":{"line":79,"column":15},"end":{"line":79,"column":15}},{"start":{"line":79,"column":15},"end":{"line":79,"column":15}}]},"7":{"line":81,"type":"if","locations":[{"start":{"line":81,"column":16},"end":{"line":81,"column":16}},{"start":{"line":81,"column":16},"end":{"line":81,"column":16}}]}},"l":{"2":1,"7":1,"15":1,"17":1,"20":1,"23":1,"27":1,"28":1,"30":1,"31":22,"34":1,"35":3,"36":3,"39":1,"40":3,"41":3,"44":1,"45":1,"49":1,"50":7,"51":7,"53":7,"57":7,"58":3,"59":3,"60":3,"61":3,"62":3,"64":4,"65":4,"68":7,"69":7,"71":7,"72":2,"73":5,"74":4,"75":4,"77":4,"79":1,"80":1,"81":1,"83":1}},
"/Users/igbopie/git/backend/dist/models/questionName.js":{"path":"/Users/igbopie/git/backend/dist/models/questionName.js","s":{"1":1,"2":1,"3":1,"4":1,"5":1,"6":1,"7":1,"8":25,"9":25,"10":0,"11":25,"12":15,"13":15,"14":15,"15":15,"16":15,"17":15,"18":10,"19":1},"b":{"1":[0,25],"2":[15,10]},"f":{"1":25,"2":25,"3":15},"fnMap":{"1":{"name":"(anonymous_1)","line":27,"loc":{"start":{"line":27,"column":35},"end":{"line":27,"column":75}}},"2":{"name":"(anonymous_2)","line":28,"loc":{"start":{"line":28,"column":67},"end":{"line":28,"column":96}}},"3":{"name":"(anonymous_3)","line":38,"loc":{"start":{"line":38,"column":30},"end":{"line":38,"column":45}}}},"statementMap":{"1":{"start":{"line":2,"column":0},"end":{"line":5,"column":10}},"2":{"start":{"line":7,"column":0},"end":{"line":11,"column":3}},"3":{"start":{"line":13,"column":0},"end":{"line":13,"column":69}},"4":{"start":{"line":16,"column":0},"end":{"line":16,"column":70}},"5":{"start":{"line":19,"column":0},"end":{"line":19,"column":29}},"6":{"start":{"line":22,"column":0},"end":{"line":24,"column":2}},"7":{"start":{"line":27,"column":0},"end":{"line":45,"column":2}},"8":{"start":{"line":28,"column":4},"end":{"line":44,"column":7}},"9":{"start":{"line":29,"column":8},"end":{"line":31,"column":9}},"10":{"start":{"line":30,"column":12},"end":{"line":30,"column":33}},"11":{"start":{"line":33,"column":8},"end":{"line":43,"column":9}},"12":{"start":{"line":34,"column":12},"end":{"line":34,"column":46}},"13":{"start":{"line":35,"column":12},"end":{"line":35,"column":41}},"14":{"start":{"line":36,"column":12},"end":{"line":36,"column":49}},"15":{"start":{"line":37,"column":12},"end":{"line":37,"column":82}},"16":{"start":{"line":38,"column":12},"end":{"line":40,"column":15}},"17":{"start":{"line":39,"column":16},"end":{"line":39,"column":49}},"18":{"start":{"line":42,"column":12},"end":{"line":42,"column":46}},"19":{"start":{"line":47,"column":0},"end":{"line":160,"column":2}}},"branchMap":{"1":{"line":29,"type":"if","locations":[{"start":{"line":29,"column":8},"end":{"line":29,"column":8}},{"start":{"line":29,"column":8},"end":{"line":29,"column":8}}]},"2":{"line":33,"type":"if","locations":[{"start":{"line":33,"column":8},"end":{"line":33,"column":8}},{"start":{"line":33,"column":8},"end":{"line":33,"column":8}}]}},"l":{"2":1,"7":1,"13":1,"16":1,"19":1,"22":1,"27":1,"28":25,"29":25,"30":0,"33":25,"34":15,"35":15,"36":15,"37":15,"38":15,"39":15,"42":10,"47":1}},
"/Users/igbopie/git/backend/dist/models/setting.js":{"path":"/Users/igbopie/git/backend/dist/models/setting.js","s":{"1":1,"2":1,"3":1,"4":1,"5":1,"6":1,"7":1,"8":1,"9":0,"10":1,"11":1,"12":1,"13":1,"14":1,"15":1,"16":1,"17":1,"18":1,"19":60,"20":60,"21":0,"22":60,"23":60,"24":1,"25":60,"26":60,"27":420,"28":420,"29":420,"30":420,"31":420,"32":420,"33":420,"34":1,"35":1,"36":1,"37":420,"38":60,"39":1,"40":58,"41":58,"42":0,"43":58,"44":406,"45":58,"46":1},"b":{"1":[0,1],"2":[1,0],"3":[0,60],"4":[1,419],"5":[0,58],"6":[58,348]},"f":{"1":1,"2":1,"3":1,"4":60,"5":60,"6":1,"7":420,"8":58,"9":58,"10":406},"fnMap":{"1":{"name":"(anonymous_1)","line":65,"loc":{"start":{"line":65,"column":17},"end":{"line":65,"column":58}}},"2":{"name":"(anonymous_2)","line":66,"loc":{"start":{"line":66,"column":50},"end":{"line":66,"column":74}}},"3":{"name":"(anonymous_3)","line":78,"loc":{"start":{"line":78,"column":21},"end":{"line":78,"column":36}}},"4":{"name":"(anonymous_4)","line":84,"loc":{"start":{"line":84,"column":18},"end":{"line":84,"column":46}}},"5":{"name":"(anonymous_5)","line":85,"loc":{"start":{"line":85,"column":35},"end":{"line":85,"column":64}}},"6":{"name":"(anonymous_6)","line":93,"loc":{"start":{"line":93,"column":29},"end":{"line":93,"column":52}}},"7":{"name":"(anonymous_7)","line":98,"loc":{"start":{"line":98,"column":30},"end":{"line":98,"column":54}}},"8":{"name":"(anonymous_8)","line":121,"loc":{"start":{"line":121,"column":18},"end":{"line":121,"column":52}}},"9":{"name":"(anonymous_9)","line":122,"loc":{"start":{"line":122,"column":28},"end":{"line":122,"column":53}}},"10":{"name":"(anonymous_10)","line":126,"loc":{"start":{"line":126,"column":25},"end":{"line":126,"column":44}}}},"statementMap":{"1":{"start":{"line":2,"column":0},"end":{"line":48,"column":6}},"2":{"start":{"line":51,"column":0},"end":{"line":57,"column":3}},"3":{"start":{"line":58,"column":0},"end":{"line":58,"column":59}},"4":{"start":{"line":60,"column":0},"end":{"line":60,"column":57}},"5":{"start":{"line":63,"column":0},"end":{"line":63,"column":17}},"6":{"start":{"line":65,"column":0},"end":{"line":82,"column":2}},"7":{"start":{"line":66,"column":4},"end":{"line":81,"column":7}},"8":{"start":{"line":67,"column":8},"end":{"line":69,"column":9}},"9":{"start":{"line":68,"column":12},"end":{"line":68,"column":33}},"10":{"start":{"line":71,"column":8},"end":{"line":75,"column":9}},"11":{"start":{"line":72,"column":12},"end":{"line":72,"column":36}},"12":{"start":{"line":73,"column":12},"end":{"line":73,"column":36}},"13":{"start":{"line":74,"column":12},"end":{"line":74,"column":32}},"14":{"start":{"line":76,"column":8},"end":{"line":76,"column":30}},"15":{"start":{"line":77,"column":8},"end":{"line":77,"column":38}},"16":{"start":{"line":78,"column":8},"end":{"line":80,"column":11}},"17":{"start":{"line":79,"column":12},"end":{"line":79,"column":35}},"18":{"start":{"line":84,"column":0},"end":{"line":118,"column":2}},"19":{"start":{"line":85,"column":4},"end":{"line":117,"column":7}},"20":{"start":{"line":86,"column":8},"end":{"line":88,"column":9}},"21":{"start":{"line":87,"column":12},"end":{"line":87,"column":33}},"22":{"start":{"line":89,"column":8},"end":{"line":91,"column":25}},"23":{"start":{"line":93,"column":8},"end":{"line":95,"column":11}},"24":{"start":{"line":94,"column":12},"end":{"line":94,"column":56}},"25":{"start":{"line":97,"column":8},"end":{"line":97,"column":27}},"26":{"start":{"line":98,"column":8},"end":{"line":113,"column":11}},"27":{"start":{"line":99,"column":12},"end":{"line":99,"column":30}},"28":{"start":{"line":100,"column":12},"end":{"line":100,"column":50}},"29":{"start":{"line":101,"column":12},"end":{"line":101,"column":52}},"30":{"start":{"line":102,"column":12},"end":{"line":102,"column":64}},"31":{"start":{"line":103,"column":12},"end":{"line":103,"column":59}},"32":{"start":{"line":105,"column":12},"end":{"line":105,"column":61}},"33":{"start":{"line":106,"column":12},"end":{"line":110,"column":13}},"34":{"start":{"line":107,"column":16},"end":{"line":107,"column":55}},"35":{"start":{"line":108,"column":16},"end":{"line":108,"column":59}},"36":{"start":{"line":109,"column":16},"end":{"line":109,"column":61}},"37":{"start":{"line":112,"column":12},"end":{"line":112,"column":45}},"38":{"start":{"line":115,"column":8},"end":{"line":115,"column":38}},"39":{"start":{"line":121,"column":0},"end":{"line":132,"column":2}},"40":{"start":{"line":122,"column":4},"end":{"line":131,"column":7}},"41":{"start":{"line":123,"column":8},"end":{"line":125,"column":9}},"42":{"start":{"line":124,"column":12},"end":{"line":124,"column":33}},"43":{"start":{"line":126,"column":8},"end":{"line":130,"column":11}},"44":{"start":{"line":127,"column":12},"end":{"line":129,"column":13}},"45":{"start":{"line":128,"column":16},"end":{"line":128,"column":47}},"46":{"start":{"line":135,"column":0},"end":{"line":137,"column":2}}},"branchMap":{"1":{"line":67,"type":"if","locations":[{"start":{"line":67,"column":8},"end":{"line":67,"column":8}},{"start":{"line":67,"column":8},"end":{"line":67,"column":8}}]},"2":{"line":71,"type":"if","locations":[{"start":{"line":71,"column":8},"end":{"line":71,"column":8}},{"start":{"line":71,"column":8},"end":{"line":71,"column":8}}]},"3":{"line":86,"type":"if","locations":[{"start":{"line":86,"column":8},"end":{"line":86,"column":8}},{"start":{"line":86,"column":8},"end":{"line":86,"column":8}}]},"4":{"line":106,"type":"if","locations":[{"start":{"line":106,"column":12},"end":{"line":106,"column":12}},{"start":{"line":106,"column":12},"end":{"line":106,"column":12}}]},"5":{"line":123,"type":"if","locations":[{"start":{"line":123,"column":8},"end":{"line":123,"column":8}},{"start":{"line":123,"column":8},"end":{"line":123,"column":8}}]},"6":{"line":127,"type":"if","locations":[{"start":{"line":127,"column":12},"end":{"line":127,"column":12}},{"start":{"line":127,"column":12},"end":{"line":127,"column":12}}]}},"l":{"2":1,"51":1,"58":1,"60":1,"63":1,"65":1,"66":1,"67":1,"68":0,"71":1,"72":1,"73":1,"74":1,"76":1,"77":1,"78":1,"79":1,"84":1,"85":60,"86":60,"87":0,"89":60,"93":60,"94":1,"97":60,"98":60,"99":420,"100":420,"101":420,"102":420,"103":420,"105":420,"106":420,"107":1,"108":1,"109":1,"112":420,"115":60,"121":1,"122":58,"123":58,"124":0,"126":58,"127":406,"128":58,"135":1}},
"/Users/igbopie/git/backend/dist/routes/questionType.js":{"path":"/Users/igbopie/git/backend/dist/routes/questionType.js","s":{"1":1,"2":1,"3":0},"b":{},"f":{"1":0},"fnMap":{"1":{"name":"(anonymous_1)","line":5,"loc":{"start":{"line":5,"column":15},"end":{"line":5,"column":35}}}},"statementMap":{"1":{"start":{"line":2,"column":0},"end":{"line":3,"column":44}},"2":{"start":{"line":5,"column":0},"end":{"line":7,"column":2}},"3":{"start":{"line":6,"column":4},"end":{"line":6,"column":62}}},"branchMap":{},"l":{"2":1,"5":1,"6":0}},
"/Users/igbopie/git/backend/dist/routes/comment.js":{"path":"/Users/igbopie/git/backend/dist/routes/comment.js","s":{"1":1,"2":1,"3":12,"4":12,"5":1,"6":6,"7":6},"b":{},"f":{"1":12,"2":6},"fnMap":{"1":{"name":"(anonymous_1)","line":5,"loc":{"start":{"line":5,"column":17},"end":{"line":5,"column":37}}},"2":{"name":"(anonymous_2)","line":12,"loc":{"start":{"line":12,"column":15},"end":{"line":12,"column":35}}}},"statementMap":{"1":{"start":{"line":2,"column":0},"end":{"line":3,"column":44}},"2":{"start":{"line":5,"column":0},"end":{"line":10,"column":2}},"3":{"start":{"line":6,"column":4},"end":{"line":8,"column":41}},"4":{"start":{"line":9,"column":4},"end":{"line":9,"column":85}},"5":{"start":{"line":12,"column":0},"end":{"line":18,"column":2}},"6":{"start":{"line":13,"column":4},"end":{"line":15,"column":55}},"7":{"start":{"line":17,"column":4},"end":{"line":17,"column":125}}},"branchMap":{},"l":{"2":1,"5":1,"6":12,"9":12,"12":1,"13":6,"17":6}},
"/Users/igbopie/git/backend/dist/routes/vote.js":{"path":"/Users/igbopie/git/backend/dist/routes/vote.js","s":{"1":1,"2":1,"3":8,"4":8,"5":5,"6":3,"7":3,"8":0,"9":1,"10":6,"11":6,"12":3,"13":3,"14":3,"15":0,"16":1,"17":2,"18":2,"19":1,"20":1,"21":1,"22":0},"b":{"1":[5,3],"2":[3,0],"3":[3,3],"4":[3,0],"5":[1,1],"6":[1,0]},"f":{"1":8,"2":6,"3":2},"fnMap":{"1":{"name":"(anonymous_1)","line":6,"loc":{"start":{"line":6,"column":13},"end":{"line":6,"column":33}}},"2":{"name":"(anonymous_2)","line":20,"loc":{"start":{"line":20,"column":15},"end":{"line":20,"column":35}}},"3":{"name":"(anonymous_3)","line":34,"loc":{"start":{"line":34,"column":16},"end":{"line":34,"column":36}}}},"statementMap":{"1":{"start":{"line":2,"column":0},"end":{"line":4,"column":44}},"2":{"start":{"line":6,"column":0},"end":{"line":18,"column":2}},"3":{"start":{"line":7,"column":4},"end":{"line":9,"column":33}},"4":{"start":{"line":11,"column":4},"end":{"line":17,"column":5}},"5":{"start":{"line":12,"column":8},"end":{"line":12,"column":88}},"6":{"start":{"line":13,"column":11},"end":{"line":17,"column":5}},"7":{"start":{"line":14,"column":8},"end":{"line":14,"column":86}},"8":{"start":{"line":16,"column":8},"end":{"line":16,"column":112}},"9":{"start":{"line":20,"column":0},"end":{"line":32,"column":2}},"10":{"start":{"line":21,"column":4},"end":{"line":23,"column":33}},"11":{"start":{"line":25,"column":4},"end":{"line":31,"column":5}},"12":{"start":{"line":26,"column":8},"end":{"line":26,"column":90}},"13":{"start":{"line":27,"column":11},"end":{"line":31,"column":5}},"14":{"start":{"line":28,"column":8},"end":{"line":28,"column":88}},"15":{"start":{"line":30,"column":8},"end":{"line":30,"column":112}},"16":{"start":{"line":34,"column":0},"end":{"line":46,"column":2}},"17":{"start":{"line":35,"column":4},"end":{"line":37,"column":33}},"18":{"start":{"line":39,"column":4},"end":{"line":45,"column":5}},"19":{"start":{"line":40,"column":8},"end":{"line":40,"column":91}},"20":{"start":{"line":41,"column":11},"end":{"line":45,"column":5}},"21":{"start":{"line":42,"column":8},"end":{"line":42,"column":89}},"22":{"start":{"line":44,"column":8},"end":{"line":44,"column":112}}},"branchMap":{"1":{"line":11,"type":"if","locations":[{"start":{"line":11,"column":4},"end":{"line":11,"column":4}},{"start":{"line":11,"column":4},"end":{"line":11,"column":4}}]},"2":{"line":13,"type":"if","locations":[{"start":{"line":13,"column":11},"end":{"line":13,"column":11}},{"start":{"line":13,"column":11},"end":{"line":13,"column":11}}]},"3":{"line":25,"type":"if","locations":[{"start":{"line":25,"column":4},"end":{"line":25,"column":4}},{"start":{"line":25,"column":4},"end":{"line":25,"column":4}}]},"4":{"line":27,"type":"if","locations":[{"start":{"line":27,"column":11},"end":{"line":27,"column":11}},{"start":{"line":27,"column":11},"end":{"line":27,"column":11}}]},"5":{"line":39,"type":"if","locations":[{"start":{"line":39,"column":4},"end":{"line":39,"column":4}},{"start":{"line":39,"column":4},"end":{"line":39,"column":4}}]},"6":{"line":41,"type":"if","locations":[{"start":{"line":41,"column":11},"end":{"line":41,"column":11}},{"start":{"line":41,"column":11},"end":{"line":41,"column":11}}]}},"l":{"2":1,"6":1,"7":8,"11":8,"12":5,"13":3,"14":3,"16":0,"20":1,"21":6,"25":6,"26":3,"27":3,"28":3,"30":0,"34":1,"35":2,"39":2,"40":1,"41":1,"42":1,"44":0}},
"/Users/igbopie/git/backend/dist/routes/flag.js":{"path":"/Users/igbopie/git/backend/dist/routes/flag.js","s":{"1":1,"2":1,"3":1,"4":1},"b":{},"f":{"1":1},"fnMap":{"1":{"name":"(anonymous_1)","line":5,"loc":{"start":{"line":5,"column":15},"end":{"line":5,"column":35}}}},"statementMap":{"1":{"start":{"line":2,"column":0},"end":{"line":3,"column":44}},"2":{"start":{"line":5,"column":0},"end":{"line":10,"column":2}},"3":{"start":{"line":6,"column":4},"end":{"line":8,"column":33}},"4":{"start":{"line":9,"column":4},"end":{"line":9,"column":84}}},"branchMap":{},"l":{"2":1,"5":1,"6":1,"9":1}},
"/Users/igbopie/git/backend/dist/models/flag.js":{"path":"/Users/igbopie/git/backend/dist/models/flag.js","s":{"1":1,"2":1,"3":1,"4":1,"5":1,"6":1,"7":1,"8":1,"9":1,"10":1,"11":1,"12":1,"13":1,"14":0,"15":1},"b":{"1":[0,1]},"f":{"1":1,"2":1},"fnMap":{"1":{"name":"(anonymous_1)","line":25,"loc":{"start":{"line":25,"column":21},"end":{"line":25,"column":69}}},"2":{"name":"(anonymous_2)","line":32,"loc":{"start":{"line":32,"column":14},"end":{"line":32,"column":29}}}},"statementMap":{"1":{"start":{"line":2,"column":0},"end":{"line":4,"column":29}},"2":{"start":{"line":7,"column":0},"end":{"line":12,"column":3}},"3":{"start":{"line":15,"column":0},"end":{"line":15,"column":46}},"4":{"start":{"line":18,"column":0},"end":{"line":18,"column":21}},"5":{"start":{"line":21,"column":0},"end":{"line":23,"column":2}},"6":{"start":{"line":25,"column":0},"end":{"line":37,"column":2}},"7":{"start":{"line":26,"column":4},"end":{"line":26,"column":26}},"8":{"start":{"line":27,"column":4},"end":{"line":27,"column":33}},"9":{"start":{"line":28,"column":4},"end":{"line":28,"column":25}},"10":{"start":{"line":29,"column":4},"end":{"line":29,"column":25}},"11":{"start":{"line":30,"column":4},"end":{"line":30,"column":30}},"12":{"start":{"line":32,"column":4},"end":{"line":36,"column":7}},"13":{"start":{"line":33,"column":8},"end":{"line":33,"column":42}},"14":{"start":{"line":33,"column":19},"end":{"line":33,"column":40}},"15":{"start":{"line":35,"column":8},"end":{"line":35,"column":23}}},"branchMap":{"1":{"line":33,"type":"if","locations":[{"start":{"line":33,"column":8},"end":{"line":33,"column":8}},{"start":{"line":33,"column":8},"end":{"line":33,"column":8}}]}},"l":{"2":1,"7":1,"15":1,"18":1,"21":1,"25":1,"26":1,"27":1,"28":1,"29":1,"30":1,"32":1,"33":1,"35":1}},
"/Users/igbopie/git/backend/dist/routes/notification.js":{"path":"/Users/igbopie/git/backend/dist/routes/notification.js","s":{"1":1,"2":1,"3":3,"4":3,"5":1,"6":1,"7":1},"b":{},"f":{"1":3,"2":1},"fnMap":{"1":{"name":"(anonymous_1)","line":6,"loc":{"start":{"line":6,"column":15},"end":{"line":6,"column":35}}},"2":{"name":"(anonymous_2)","line":12,"loc":{"start":{"line":12,"column":24},"end":{"line":12,"column":44}}}},"statementMap":{"1":{"start":{"line":2,"column":0},"end":{"line":3,"column":44}},"2":{"start":{"line":6,"column":0},"end":{"line":10,"column":2}},"3":{"start":{"line":7,"column":4},"end":{"line":8,"column":55}},"4":{"start":{"line":9,"column":4},"end":{"line":9,"column":108}},"5":{"start":{"line":12,"column":0},"end":{"line":15,"column":2}},"6":{"start":{"line":13,"column":4},"end":{"line":13,"column":33}},"7":{"start":{"line":14,"column":4},"end":{"line":14,"column":79}}},"branchMap":{},"l":{"2":1,"6":1,"7":3,"9":3,"12":1,"13":1,"14":1}},
"/Users/igbopie/git/backend/dist/routes/setting.js":{"path":"/Users/igbopie/git/backend/dist/routes/setting.js","s":{"1":1,"2":1,"3":1,"4":1,"5":1,"6":2,"7":2},"b":{},"f":{"1":1,"2":2},"fnMap":{"1":{"name":"(anonymous_1)","line":5,"loc":{"start":{"line":5,"column":17},"end":{"line":5,"column":37}}},"2":{"name":"(anonymous_2)","line":12,"loc":{"start":{"line":12,"column":15},"end":{"line":12,"column":35}}}},"statementMap":{"1":{"start":{"line":2,"column":0},"end":{"line":3,"column":44}},"2":{"start":{"line":5,"column":0},"end":{"line":10,"column":2}},"3":{"start":{"line":6,"column":4},"end":{"line":8,"column":31}},"4":{"start":{"line":9,"column":4},"end":{"line":9,"column":81}},"5":{"start":{"line":12,"column":0},"end":{"line":15,"column":2}},"6":{"start":{"line":13,"column":4},"end":{"line":13,"column":33}},"7":{"start":{"line":14,"column":4},"end":{"line":14,"column":69}}},"branchMap":{},"l":{"2":1,"5":1,"6":1,"9":1,"12":1,"13":2,"14":2}}}
